[2024-06-02T02:16:41.172+0000] {processor.py:161} INFO - Started process (PID=1478) to work on /opt/airflow/dags/complaints_dag.py
[2024-06-02T02:16:41.175+0000] {processor.py:830} INFO - Processing file /opt/airflow/dags/complaints_dag.py for tasks to queue
[2024-06-02T02:16:41.177+0000] {logging_mixin.py:188} INFO - [2024-06-02T02:16:41.177+0000] {dagbag.py:545} INFO - Filling up the DagBag from /opt/airflow/dags/complaints_dag.py
[2024-06-02T02:16:42.040+0000] {processor.py:840} INFO - DAG(s) 'complaints_dag_id' retrieved from /opt/airflow/dags/complaints_dag.py
[2024-06-02T02:16:42.137+0000] {logging_mixin.py:188} INFO - [2024-06-02T02:16:42.137+0000] {dag.py:3096} INFO - Sync 1 DAGs
[2024-06-02T02:16:42.660+0000] {logging_mixin.py:188} INFO - [2024-06-02T02:16:42.659+0000] {dag.py:3954} INFO - Setting next_dagrun for complaints_dag_id to 2024-06-02 00:00:00+00:00, run_after=2024-06-03 00:00:00+00:00
[2024-06-02T02:16:42.717+0000] {processor.py:183} INFO - Processing /opt/airflow/dags/complaints_dag.py took 1.561 seconds
[2024-06-02T07:47:18.638+0000] {processor.py:161} INFO - Started process (PID=1503) to work on /opt/airflow/dags/complaints_dag.py
[2024-06-02T07:47:18.640+0000] {processor.py:830} INFO - Processing file /opt/airflow/dags/complaints_dag.py for tasks to queue
[2024-06-02T07:47:18.643+0000] {logging_mixin.py:188} INFO - [2024-06-02T07:47:18.642+0000] {dagbag.py:545} INFO - Filling up the DagBag from /opt/airflow/dags/complaints_dag.py
[2024-06-02T07:47:19.700+0000] {processor.py:840} INFO - DAG(s) 'complaints_dag_id' retrieved from /opt/airflow/dags/complaints_dag.py
[2024-06-02T07:47:19.868+0000] {logging_mixin.py:188} INFO - [2024-06-02T07:47:19.866+0000] {dag.py:3096} INFO - Sync 1 DAGs
[2024-06-02T07:47:20.790+0000] {logging_mixin.py:188} INFO - [2024-06-02T07:47:20.789+0000] {dag.py:3954} INFO - Setting next_dagrun for complaints_dag_id to 2024-06-02 00:00:00+00:00, run_after=2024-06-03 00:00:00+00:00
[2024-06-02T07:47:21.064+0000] {processor.py:183} INFO - Processing /opt/airflow/dags/complaints_dag.py took 2.439 seconds
[2024-06-02T07:47:51.736+0000] {processor.py:161} INFO - Started process (PID=1529) to work on /opt/airflow/dags/complaints_dag.py
[2024-06-02T07:47:51.738+0000] {processor.py:830} INFO - Processing file /opt/airflow/dags/complaints_dag.py for tasks to queue
[2024-06-02T07:47:51.740+0000] {logging_mixin.py:188} INFO - [2024-06-02T07:47:51.739+0000] {dagbag.py:545} INFO - Filling up the DagBag from /opt/airflow/dags/complaints_dag.py
[2024-06-02T07:47:52.505+0000] {processor.py:840} INFO - DAG(s) 'complaints_dag_id' retrieved from /opt/airflow/dags/complaints_dag.py
[2024-06-02T07:47:52.902+0000] {logging_mixin.py:188} INFO - [2024-06-02T07:47:52.901+0000] {taskinstance.py:2907} ERROR - {'DAG Id': 'complaints_dag_id', 'Task Id': 'transform_complaints_task', 'Run Id': 'scheduled__2024-06-01T00:00:00+00:00', 'Hostname': '30669b57ae45'}
[2024-06-02T07:47:52.936+0000] {logging_mixin.py:188} INFO - [2024-06-02T07:47:52.936+0000] {taskinstance.py:1206} INFO - Marking task as UP_FOR_RETRY. dag_id=complaints_dag_id, task_id=transform_complaints_task, run_id=scheduled__2024-06-01T00:00:00+00:00, execution_date=20240601T000000, start_date=20240602T021643, end_date=20240602T074752
[2024-06-02T07:47:52.972+0000] {processor.py:791} INFO - Executed failure callback for <TaskInstance: complaints_dag_id.transform_complaints_task scheduled__2024-06-01T00:00:00+00:00 [up_for_retry]> in state up_for_retry
[2024-06-02T07:47:53.012+0000] {logging_mixin.py:188} INFO - [2024-06-02T07:47:53.011+0000] {dag.py:3096} INFO - Sync 1 DAGs
[2024-06-02T07:47:53.048+0000] {logging_mixin.py:188} INFO - [2024-06-02T07:47:53.048+0000] {dag.py:3954} INFO - Setting next_dagrun for complaints_dag_id to 2024-06-02 00:00:00+00:00, run_after=2024-06-03 00:00:00+00:00
[2024-06-02T07:47:53.096+0000] {processor.py:183} INFO - Processing /opt/airflow/dags/complaints_dag.py took 1.370 seconds
[2024-06-02T07:48:23.526+0000] {processor.py:161} INFO - Started process (PID=1545) to work on /opt/airflow/dags/complaints_dag.py
[2024-06-02T07:48:23.527+0000] {processor.py:830} INFO - Processing file /opt/airflow/dags/complaints_dag.py for tasks to queue
[2024-06-02T07:48:23.528+0000] {logging_mixin.py:188} INFO - [2024-06-02T07:48:23.528+0000] {dagbag.py:545} INFO - Filling up the DagBag from /opt/airflow/dags/complaints_dag.py
[2024-06-02T07:48:23.956+0000] {processor.py:840} INFO - DAG(s) 'complaints_dag_id' retrieved from /opt/airflow/dags/complaints_dag.py
[2024-06-02T07:48:24.018+0000] {logging_mixin.py:188} INFO - [2024-06-02T07:48:24.018+0000] {dag.py:3096} INFO - Sync 1 DAGs
[2024-06-02T07:48:24.062+0000] {logging_mixin.py:188} INFO - [2024-06-02T07:48:24.062+0000] {dag.py:3954} INFO - Setting next_dagrun for complaints_dag_id to 2024-06-02 00:00:00+00:00, run_after=2024-06-03 00:00:00+00:00
[2024-06-02T07:48:24.114+0000] {processor.py:183} INFO - Processing /opt/airflow/dags/complaints_dag.py took 0.593 seconds
[2024-06-02T07:48:54.218+0000] {processor.py:161} INFO - Started process (PID=1561) to work on /opt/airflow/dags/complaints_dag.py
[2024-06-02T07:48:54.220+0000] {processor.py:830} INFO - Processing file /opt/airflow/dags/complaints_dag.py for tasks to queue
[2024-06-02T07:48:54.222+0000] {logging_mixin.py:188} INFO - [2024-06-02T07:48:54.221+0000] {dagbag.py:545} INFO - Filling up the DagBag from /opt/airflow/dags/complaints_dag.py
[2024-06-02T07:48:54.952+0000] {processor.py:840} INFO - DAG(s) 'complaints_dag_id' retrieved from /opt/airflow/dags/complaints_dag.py
[2024-06-02T07:48:55.039+0000] {logging_mixin.py:188} INFO - [2024-06-02T07:48:55.038+0000] {dag.py:3096} INFO - Sync 1 DAGs
[2024-06-02T07:48:55.103+0000] {logging_mixin.py:188} INFO - [2024-06-02T07:48:55.102+0000] {dag.py:3954} INFO - Setting next_dagrun for complaints_dag_id to 2024-06-02 00:00:00+00:00, run_after=2024-06-03 00:00:00+00:00
[2024-06-02T07:48:55.157+0000] {processor.py:183} INFO - Processing /opt/airflow/dags/complaints_dag.py took 0.951 seconds
[2024-06-02T07:49:25.978+0000] {processor.py:161} INFO - Started process (PID=1577) to work on /opt/airflow/dags/complaints_dag.py
[2024-06-02T07:49:25.980+0000] {processor.py:830} INFO - Processing file /opt/airflow/dags/complaints_dag.py for tasks to queue
[2024-06-02T07:49:25.982+0000] {logging_mixin.py:188} INFO - [2024-06-02T07:49:25.981+0000] {dagbag.py:545} INFO - Filling up the DagBag from /opt/airflow/dags/complaints_dag.py
[2024-06-02T07:49:26.707+0000] {processor.py:840} INFO - DAG(s) 'complaints_dag_id' retrieved from /opt/airflow/dags/complaints_dag.py
[2024-06-02T07:49:26.807+0000] {logging_mixin.py:188} INFO - [2024-06-02T07:49:26.807+0000] {dag.py:3096} INFO - Sync 1 DAGs
[2024-06-02T07:49:27.101+0000] {logging_mixin.py:188} INFO - [2024-06-02T07:49:27.101+0000] {dag.py:3954} INFO - Setting next_dagrun for complaints_dag_id to 2024-06-02 00:00:00+00:00, run_after=2024-06-03 00:00:00+00:00
[2024-06-02T07:49:27.151+0000] {processor.py:183} INFO - Processing /opt/airflow/dags/complaints_dag.py took 1.185 seconds
[2024-06-02T07:49:57.697+0000] {processor.py:161} INFO - Started process (PID=1593) to work on /opt/airflow/dags/complaints_dag.py
[2024-06-02T07:49:57.700+0000] {processor.py:830} INFO - Processing file /opt/airflow/dags/complaints_dag.py for tasks to queue
[2024-06-02T07:49:57.701+0000] {logging_mixin.py:188} INFO - [2024-06-02T07:49:57.701+0000] {dagbag.py:545} INFO - Filling up the DagBag from /opt/airflow/dags/complaints_dag.py
[2024-06-02T07:49:58.357+0000] {processor.py:840} INFO - DAG(s) 'complaints_dag_id' retrieved from /opt/airflow/dags/complaints_dag.py
[2024-06-02T07:49:58.427+0000] {logging_mixin.py:188} INFO - [2024-06-02T07:49:58.426+0000] {dag.py:3096} INFO - Sync 1 DAGs
[2024-06-02T07:49:58.720+0000] {logging_mixin.py:188} INFO - [2024-06-02T07:49:58.720+0000] {dag.py:3954} INFO - Setting next_dagrun for complaints_dag_id to 2024-06-02 00:00:00+00:00, run_after=2024-06-03 00:00:00+00:00
[2024-06-02T07:49:58.770+0000] {processor.py:183} INFO - Processing /opt/airflow/dags/complaints_dag.py took 1.086 seconds
[2024-06-02T07:50:29.498+0000] {processor.py:161} INFO - Started process (PID=1609) to work on /opt/airflow/dags/complaints_dag.py
[2024-06-02T07:50:29.500+0000] {processor.py:830} INFO - Processing file /opt/airflow/dags/complaints_dag.py for tasks to queue
[2024-06-02T07:50:29.502+0000] {logging_mixin.py:188} INFO - [2024-06-02T07:50:29.501+0000] {dagbag.py:545} INFO - Filling up the DagBag from /opt/airflow/dags/complaints_dag.py
[2024-06-02T07:50:30.250+0000] {processor.py:840} INFO - DAG(s) 'complaints_dag_id' retrieved from /opt/airflow/dags/complaints_dag.py
[2024-06-02T07:50:30.550+0000] {logging_mixin.py:188} INFO - [2024-06-02T07:50:30.549+0000] {dag.py:3096} INFO - Sync 1 DAGs
[2024-06-02T07:50:30.600+0000] {logging_mixin.py:188} INFO - [2024-06-02T07:50:30.599+0000] {dag.py:3954} INFO - Setting next_dagrun for complaints_dag_id to 2024-06-02 00:00:00+00:00, run_after=2024-06-03 00:00:00+00:00
[2024-06-02T07:50:30.654+0000] {processor.py:183} INFO - Processing /opt/airflow/dags/complaints_dag.py took 1.167 seconds
[2024-06-02T07:51:01.284+0000] {processor.py:161} INFO - Started process (PID=1625) to work on /opt/airflow/dags/complaints_dag.py
[2024-06-02T07:51:01.286+0000] {processor.py:830} INFO - Processing file /opt/airflow/dags/complaints_dag.py for tasks to queue
[2024-06-02T07:51:01.289+0000] {logging_mixin.py:188} INFO - [2024-06-02T07:51:01.288+0000] {dagbag.py:545} INFO - Filling up the DagBag from /opt/airflow/dags/complaints_dag.py
[2024-06-02T07:51:01.991+0000] {processor.py:840} INFO - DAG(s) 'complaints_dag_id' retrieved from /opt/airflow/dags/complaints_dag.py
[2024-06-02T07:51:02.328+0000] {logging_mixin.py:188} INFO - [2024-06-02T07:51:02.327+0000] {dag.py:3096} INFO - Sync 1 DAGs
[2024-06-02T07:51:02.383+0000] {logging_mixin.py:188} INFO - [2024-06-02T07:51:02.383+0000] {dag.py:3954} INFO - Setting next_dagrun for complaints_dag_id to 2024-06-02 00:00:00+00:00, run_after=2024-06-03 00:00:00+00:00
[2024-06-02T07:51:02.464+0000] {processor.py:183} INFO - Processing /opt/airflow/dags/complaints_dag.py took 1.191 seconds
[2024-06-02T07:51:33.032+0000] {processor.py:161} INFO - Started process (PID=1641) to work on /opt/airflow/dags/complaints_dag.py
[2024-06-02T07:51:33.033+0000] {processor.py:830} INFO - Processing file /opt/airflow/dags/complaints_dag.py for tasks to queue
[2024-06-02T07:51:33.035+0000] {logging_mixin.py:188} INFO - [2024-06-02T07:51:33.034+0000] {dagbag.py:545} INFO - Filling up the DagBag from /opt/airflow/dags/complaints_dag.py
[2024-06-02T07:51:33.749+0000] {processor.py:840} INFO - DAG(s) 'complaints_dag_id' retrieved from /opt/airflow/dags/complaints_dag.py
[2024-06-02T07:51:33.832+0000] {logging_mixin.py:188} INFO - [2024-06-02T07:51:33.831+0000] {dag.py:3096} INFO - Sync 1 DAGs
[2024-06-02T07:51:33.893+0000] {logging_mixin.py:188} INFO - [2024-06-02T07:51:33.893+0000] {dag.py:3954} INFO - Setting next_dagrun for complaints_dag_id to 2024-06-02 00:00:00+00:00, run_after=2024-06-03 00:00:00+00:00
[2024-06-02T07:51:33.955+0000] {processor.py:183} INFO - Processing /opt/airflow/dags/complaints_dag.py took 0.938 seconds
[2024-06-02T07:52:04.866+0000] {processor.py:161} INFO - Started process (PID=1657) to work on /opt/airflow/dags/complaints_dag.py
[2024-06-02T07:52:04.868+0000] {processor.py:830} INFO - Processing file /opt/airflow/dags/complaints_dag.py for tasks to queue
[2024-06-02T07:52:04.870+0000] {logging_mixin.py:188} INFO - [2024-06-02T07:52:04.869+0000] {dagbag.py:545} INFO - Filling up the DagBag from /opt/airflow/dags/complaints_dag.py
[2024-06-02T07:52:05.722+0000] {processor.py:840} INFO - DAG(s) 'complaints_dag_id' retrieved from /opt/airflow/dags/complaints_dag.py
[2024-06-02T07:52:05.802+0000] {logging_mixin.py:188} INFO - [2024-06-02T07:52:05.801+0000] {dag.py:3096} INFO - Sync 1 DAGs
[2024-06-02T07:52:05.861+0000] {logging_mixin.py:188} INFO - [2024-06-02T07:52:05.861+0000] {dag.py:3954} INFO - Setting next_dagrun for complaints_dag_id to 2024-06-02 00:00:00+00:00, run_after=2024-06-03 00:00:00+00:00
[2024-06-02T07:52:05.921+0000] {processor.py:183} INFO - Processing /opt/airflow/dags/complaints_dag.py took 1.070 seconds
[2024-06-02T07:52:36.614+0000] {processor.py:161} INFO - Started process (PID=1673) to work on /opt/airflow/dags/complaints_dag.py
[2024-06-02T07:52:36.615+0000] {processor.py:830} INFO - Processing file /opt/airflow/dags/complaints_dag.py for tasks to queue
[2024-06-02T07:52:36.617+0000] {logging_mixin.py:188} INFO - [2024-06-02T07:52:36.617+0000] {dagbag.py:545} INFO - Filling up the DagBag from /opt/airflow/dags/complaints_dag.py
[2024-06-02T07:52:37.380+0000] {processor.py:840} INFO - DAG(s) 'complaints_dag_id' retrieved from /opt/airflow/dags/complaints_dag.py
[2024-06-02T07:52:37.460+0000] {logging_mixin.py:188} INFO - [2024-06-02T07:52:37.459+0000] {dag.py:3096} INFO - Sync 1 DAGs
[2024-06-02T07:52:37.750+0000] {logging_mixin.py:188} INFO - [2024-06-02T07:52:37.750+0000] {dag.py:3954} INFO - Setting next_dagrun for complaints_dag_id to 2024-06-02 00:00:00+00:00, run_after=2024-06-03 00:00:00+00:00
[2024-06-02T07:52:37.833+0000] {processor.py:183} INFO - Processing /opt/airflow/dags/complaints_dag.py took 1.234 seconds
[2024-06-02T07:53:08.369+0000] {processor.py:161} INFO - Started process (PID=1692) to work on /opt/airflow/dags/complaints_dag.py
[2024-06-02T07:53:08.371+0000] {processor.py:830} INFO - Processing file /opt/airflow/dags/complaints_dag.py for tasks to queue
[2024-06-02T07:53:08.373+0000] {logging_mixin.py:188} INFO - [2024-06-02T07:53:08.373+0000] {dagbag.py:545} INFO - Filling up the DagBag from /opt/airflow/dags/complaints_dag.py
[2024-06-02T07:53:09.139+0000] {processor.py:840} INFO - DAG(s) 'complaints_dag_id' retrieved from /opt/airflow/dags/complaints_dag.py
[2024-06-02T07:53:09.219+0000] {logging_mixin.py:188} INFO - [2024-06-02T07:53:09.218+0000] {dag.py:3096} INFO - Sync 1 DAGs
[2024-06-02T07:53:09.513+0000] {logging_mixin.py:188} INFO - [2024-06-02T07:53:09.512+0000] {dag.py:3954} INFO - Setting next_dagrun for complaints_dag_id to 2024-06-02 00:00:00+00:00, run_after=2024-06-03 00:00:00+00:00
[2024-06-02T07:53:09.567+0000] {processor.py:183} INFO - Processing /opt/airflow/dags/complaints_dag.py took 1.212 seconds
[2024-06-02T07:53:40.380+0000] {processor.py:161} INFO - Started process (PID=1708) to work on /opt/airflow/dags/complaints_dag.py
[2024-06-02T07:53:40.382+0000] {processor.py:830} INFO - Processing file /opt/airflow/dags/complaints_dag.py for tasks to queue
[2024-06-02T07:53:40.389+0000] {logging_mixin.py:188} INFO - [2024-06-02T07:53:40.388+0000] {dagbag.py:545} INFO - Filling up the DagBag from /opt/airflow/dags/complaints_dag.py
[2024-06-02T07:53:41.526+0000] {processor.py:840} INFO - DAG(s) 'complaints_dag_id' retrieved from /opt/airflow/dags/complaints_dag.py
[2024-06-02T07:53:42.227+0000] {logging_mixin.py:188} INFO - [2024-06-02T07:53:42.226+0000] {dag.py:3096} INFO - Sync 1 DAGs
[2024-06-02T07:53:42.290+0000] {logging_mixin.py:188} INFO - [2024-06-02T07:53:42.289+0000] {dag.py:3954} INFO - Setting next_dagrun for complaints_dag_id to 2024-06-02 00:00:00+00:00, run_after=2024-06-03 00:00:00+00:00
[2024-06-02T07:53:42.354+0000] {processor.py:183} INFO - Processing /opt/airflow/dags/complaints_dag.py took 1.999 seconds
[2024-06-02T07:54:13.201+0000] {processor.py:161} INFO - Started process (PID=1724) to work on /opt/airflow/dags/complaints_dag.py
[2024-06-02T07:54:13.204+0000] {processor.py:830} INFO - Processing file /opt/airflow/dags/complaints_dag.py for tasks to queue
[2024-06-02T07:54:13.207+0000] {logging_mixin.py:188} INFO - [2024-06-02T07:54:13.206+0000] {dagbag.py:545} INFO - Filling up the DagBag from /opt/airflow/dags/complaints_dag.py
[2024-06-02T07:54:15.635+0000] {processor.py:840} INFO - DAG(s) 'complaints_dag_id' retrieved from /opt/airflow/dags/complaints_dag.py
[2024-06-02T07:54:15.775+0000] {logging_mixin.py:188} INFO - [2024-06-02T07:54:15.774+0000] {dag.py:3096} INFO - Sync 1 DAGs
[2024-06-02T07:54:15.882+0000] {logging_mixin.py:188} INFO - [2024-06-02T07:54:15.880+0000] {dag.py:3954} INFO - Setting next_dagrun for complaints_dag_id to 2024-06-02 00:00:00+00:00, run_after=2024-06-03 00:00:00+00:00
[2024-06-02T07:54:15.977+0000] {processor.py:183} INFO - Processing /opt/airflow/dags/complaints_dag.py took 2.796 seconds
[2024-06-02T07:54:46.671+0000] {processor.py:161} INFO - Started process (PID=1740) to work on /opt/airflow/dags/complaints_dag.py
[2024-06-02T07:54:46.673+0000] {processor.py:830} INFO - Processing file /opt/airflow/dags/complaints_dag.py for tasks to queue
[2024-06-02T07:54:46.675+0000] {logging_mixin.py:188} INFO - [2024-06-02T07:54:46.675+0000] {dagbag.py:545} INFO - Filling up the DagBag from /opt/airflow/dags/complaints_dag.py
[2024-06-02T07:54:47.532+0000] {processor.py:840} INFO - DAG(s) 'complaints_dag_id' retrieved from /opt/airflow/dags/complaints_dag.py
[2024-06-02T07:54:47.666+0000] {logging_mixin.py:188} INFO - [2024-06-02T07:54:47.666+0000] {dag.py:3096} INFO - Sync 1 DAGs
[2024-06-02T07:54:47.783+0000] {logging_mixin.py:188} INFO - [2024-06-02T07:54:47.782+0000] {dag.py:3954} INFO - Setting next_dagrun for complaints_dag_id to 2024-06-02 00:00:00+00:00, run_after=2024-06-03 00:00:00+00:00
[2024-06-02T07:54:47.871+0000] {processor.py:183} INFO - Processing /opt/airflow/dags/complaints_dag.py took 1.211 seconds
[2024-06-02T07:55:18.716+0000] {processor.py:161} INFO - Started process (PID=1756) to work on /opt/airflow/dags/complaints_dag.py
[2024-06-02T07:55:18.718+0000] {processor.py:830} INFO - Processing file /opt/airflow/dags/complaints_dag.py for tasks to queue
[2024-06-02T07:55:18.720+0000] {logging_mixin.py:188} INFO - [2024-06-02T07:55:18.720+0000] {dagbag.py:545} INFO - Filling up the DagBag from /opt/airflow/dags/complaints_dag.py
[2024-06-02T07:55:20.204+0000] {processor.py:840} INFO - DAG(s) 'complaints_dag_id' retrieved from /opt/airflow/dags/complaints_dag.py
[2024-06-02T07:55:20.396+0000] {logging_mixin.py:188} INFO - [2024-06-02T07:55:20.395+0000] {dag.py:3096} INFO - Sync 1 DAGs
[2024-06-02T07:55:20.505+0000] {logging_mixin.py:188} INFO - [2024-06-02T07:55:20.505+0000] {dag.py:3954} INFO - Setting next_dagrun for complaints_dag_id to 2024-06-02 00:00:00+00:00, run_after=2024-06-03 00:00:00+00:00
[2024-06-02T07:55:22.238+0000] {processor.py:183} INFO - Processing /opt/airflow/dags/complaints_dag.py took 3.535 seconds
[2024-06-02T07:55:52.489+0000] {processor.py:161} INFO - Started process (PID=1772) to work on /opt/airflow/dags/complaints_dag.py
[2024-06-02T07:55:52.491+0000] {processor.py:830} INFO - Processing file /opt/airflow/dags/complaints_dag.py for tasks to queue
[2024-06-02T07:55:52.493+0000] {logging_mixin.py:188} INFO - [2024-06-02T07:55:52.493+0000] {dagbag.py:545} INFO - Filling up the DagBag from /opt/airflow/dags/complaints_dag.py
[2024-06-02T07:55:53.241+0000] {processor.py:840} INFO - DAG(s) 'complaints_dag_id' retrieved from /opt/airflow/dags/complaints_dag.py
[2024-06-02T07:55:53.325+0000] {logging_mixin.py:188} INFO - [2024-06-02T07:55:53.324+0000] {dag.py:3096} INFO - Sync 1 DAGs
[2024-06-02T07:55:53.615+0000] {logging_mixin.py:188} INFO - [2024-06-02T07:55:53.615+0000] {dag.py:3954} INFO - Setting next_dagrun for complaints_dag_id to 2024-06-02 00:00:00+00:00, run_after=2024-06-03 00:00:00+00:00
[2024-06-02T07:55:53.678+0000] {processor.py:183} INFO - Processing /opt/airflow/dags/complaints_dag.py took 1.203 seconds
[2024-06-02T07:56:24.597+0000] {processor.py:161} INFO - Started process (PID=1788) to work on /opt/airflow/dags/complaints_dag.py
[2024-06-02T07:56:24.600+0000] {processor.py:830} INFO - Processing file /opt/airflow/dags/complaints_dag.py for tasks to queue
[2024-06-02T07:56:24.602+0000] {logging_mixin.py:188} INFO - [2024-06-02T07:56:24.602+0000] {dagbag.py:545} INFO - Filling up the DagBag from /opt/airflow/dags/complaints_dag.py
[2024-06-02T07:56:25.458+0000] {processor.py:840} INFO - DAG(s) 'complaints_dag_id' retrieved from /opt/airflow/dags/complaints_dag.py
[2024-06-02T07:56:25.561+0000] {logging_mixin.py:188} INFO - [2024-06-02T07:56:25.560+0000] {dag.py:3096} INFO - Sync 1 DAGs
[2024-06-02T07:56:26.117+0000] {logging_mixin.py:188} INFO - [2024-06-02T07:56:26.116+0000] {dag.py:3954} INFO - Setting next_dagrun for complaints_dag_id to 2024-06-02 00:00:00+00:00, run_after=2024-06-03 00:00:00+00:00
[2024-06-02T07:56:26.182+0000] {processor.py:183} INFO - Processing /opt/airflow/dags/complaints_dag.py took 1.606 seconds
[2024-06-02T07:56:56.703+0000] {processor.py:161} INFO - Started process (PID=1804) to work on /opt/airflow/dags/complaints_dag.py
[2024-06-02T07:56:56.705+0000] {processor.py:830} INFO - Processing file /opt/airflow/dags/complaints_dag.py for tasks to queue
[2024-06-02T07:56:56.707+0000] {logging_mixin.py:188} INFO - [2024-06-02T07:56:56.706+0000] {dagbag.py:545} INFO - Filling up the DagBag from /opt/airflow/dags/complaints_dag.py
[2024-06-02T07:56:57.532+0000] {processor.py:840} INFO - DAG(s) 'complaints_dag_id' retrieved from /opt/airflow/dags/complaints_dag.py
[2024-06-02T07:56:57.977+0000] {logging_mixin.py:188} INFO - [2024-06-02T07:56:57.977+0000] {dag.py:3096} INFO - Sync 1 DAGs
[2024-06-02T07:56:58.041+0000] {logging_mixin.py:188} INFO - [2024-06-02T07:56:58.040+0000] {dag.py:3954} INFO - Setting next_dagrun for complaints_dag_id to 2024-06-02 00:00:00+00:00, run_after=2024-06-03 00:00:00+00:00
[2024-06-02T07:56:58.101+0000] {processor.py:183} INFO - Processing /opt/airflow/dags/complaints_dag.py took 1.411 seconds
[2024-06-02T07:57:28.992+0000] {processor.py:161} INFO - Started process (PID=1820) to work on /opt/airflow/dags/complaints_dag.py
[2024-06-02T07:57:28.994+0000] {processor.py:830} INFO - Processing file /opt/airflow/dags/complaints_dag.py for tasks to queue
[2024-06-02T07:57:28.997+0000] {logging_mixin.py:188} INFO - [2024-06-02T07:57:28.996+0000] {dagbag.py:545} INFO - Filling up the DagBag from /opt/airflow/dags/complaints_dag.py
[2024-06-02T07:57:29.733+0000] {processor.py:840} INFO - DAG(s) 'complaints_dag_id' retrieved from /opt/airflow/dags/complaints_dag.py
[2024-06-02T07:57:29.811+0000] {logging_mixin.py:188} INFO - [2024-06-02T07:57:29.810+0000] {dag.py:3096} INFO - Sync 1 DAGs
[2024-06-02T07:57:29.876+0000] {logging_mixin.py:188} INFO - [2024-06-02T07:57:29.876+0000] {dag.py:3954} INFO - Setting next_dagrun for complaints_dag_id to 2024-06-02 00:00:00+00:00, run_after=2024-06-03 00:00:00+00:00
[2024-06-02T07:57:29.967+0000] {processor.py:183} INFO - Processing /opt/airflow/dags/complaints_dag.py took 0.986 seconds
[2024-06-02T07:58:00.753+0000] {processor.py:161} INFO - Started process (PID=1836) to work on /opt/airflow/dags/complaints_dag.py
[2024-06-02T07:58:00.755+0000] {processor.py:830} INFO - Processing file /opt/airflow/dags/complaints_dag.py for tasks to queue
[2024-06-02T07:58:00.758+0000] {logging_mixin.py:188} INFO - [2024-06-02T07:58:00.757+0000] {dagbag.py:545} INFO - Filling up the DagBag from /opt/airflow/dags/complaints_dag.py
[2024-06-02T07:58:01.458+0000] {processor.py:840} INFO - DAG(s) 'complaints_dag_id' retrieved from /opt/airflow/dags/complaints_dag.py
[2024-06-02T07:58:01.545+0000] {logging_mixin.py:188} INFO - [2024-06-02T07:58:01.544+0000] {dag.py:3096} INFO - Sync 1 DAGs
[2024-06-02T07:58:01.605+0000] {logging_mixin.py:188} INFO - [2024-06-02T07:58:01.605+0000] {dag.py:3954} INFO - Setting next_dagrun for complaints_dag_id to 2024-06-02 00:00:00+00:00, run_after=2024-06-03 00:00:00+00:00
[2024-06-02T07:58:01.663+0000] {processor.py:183} INFO - Processing /opt/airflow/dags/complaints_dag.py took 0.920 seconds
[2024-06-02T07:58:32.449+0000] {processor.py:161} INFO - Started process (PID=1852) to work on /opt/airflow/dags/complaints_dag.py
[2024-06-02T07:58:32.450+0000] {processor.py:830} INFO - Processing file /opt/airflow/dags/complaints_dag.py for tasks to queue
[2024-06-02T07:58:32.452+0000] {logging_mixin.py:188} INFO - [2024-06-02T07:58:32.451+0000] {dagbag.py:545} INFO - Filling up the DagBag from /opt/airflow/dags/complaints_dag.py
[2024-06-02T07:58:33.115+0000] {processor.py:840} INFO - DAG(s) 'complaints_dag_id' retrieved from /opt/airflow/dags/complaints_dag.py
[2024-06-02T07:58:33.194+0000] {logging_mixin.py:188} INFO - [2024-06-02T07:58:33.193+0000] {dag.py:3096} INFO - Sync 1 DAGs
[2024-06-02T07:58:33.578+0000] {logging_mixin.py:188} INFO - [2024-06-02T07:58:33.578+0000] {dag.py:3954} INFO - Setting next_dagrun for complaints_dag_id to 2024-06-02 00:00:00+00:00, run_after=2024-06-03 00:00:00+00:00
[2024-06-02T07:58:33.643+0000] {processor.py:183} INFO - Processing /opt/airflow/dags/complaints_dag.py took 1.205 seconds
[2024-06-02T07:59:04.335+0000] {processor.py:161} INFO - Started process (PID=1868) to work on /opt/airflow/dags/complaints_dag.py
[2024-06-02T07:59:04.336+0000] {processor.py:830} INFO - Processing file /opt/airflow/dags/complaints_dag.py for tasks to queue
[2024-06-02T07:59:04.338+0000] {logging_mixin.py:188} INFO - [2024-06-02T07:59:04.337+0000] {dagbag.py:545} INFO - Filling up the DagBag from /opt/airflow/dags/complaints_dag.py
[2024-06-02T07:59:05.030+0000] {processor.py:840} INFO - DAG(s) 'complaints_dag_id' retrieved from /opt/airflow/dags/complaints_dag.py
[2024-06-02T07:59:05.113+0000] {logging_mixin.py:188} INFO - [2024-06-02T07:59:05.112+0000] {dag.py:3096} INFO - Sync 1 DAGs
[2024-06-02T07:59:05.415+0000] {logging_mixin.py:188} INFO - [2024-06-02T07:59:05.415+0000] {dag.py:3954} INFO - Setting next_dagrun for complaints_dag_id to 2024-06-02 00:00:00+00:00, run_after=2024-06-03 00:00:00+00:00
[2024-06-02T07:59:05.497+0000] {processor.py:183} INFO - Processing /opt/airflow/dags/complaints_dag.py took 1.173 seconds
[2024-06-02T07:59:36.205+0000] {processor.py:161} INFO - Started process (PID=1884) to work on /opt/airflow/dags/complaints_dag.py
[2024-06-02T07:59:36.206+0000] {processor.py:830} INFO - Processing file /opt/airflow/dags/complaints_dag.py for tasks to queue
[2024-06-02T07:59:36.208+0000] {logging_mixin.py:188} INFO - [2024-06-02T07:59:36.208+0000] {dagbag.py:545} INFO - Filling up the DagBag from /opt/airflow/dags/complaints_dag.py
[2024-06-02T07:59:36.979+0000] {processor.py:840} INFO - DAG(s) 'complaints_dag_id' retrieved from /opt/airflow/dags/complaints_dag.py
[2024-06-02T07:59:37.272+0000] {logging_mixin.py:188} INFO - [2024-06-02T07:59:37.272+0000] {dag.py:3096} INFO - Sync 1 DAGs
[2024-06-02T07:59:37.328+0000] {logging_mixin.py:188} INFO - [2024-06-02T07:59:37.328+0000] {dag.py:3954} INFO - Setting next_dagrun for complaints_dag_id to 2024-06-02 00:00:00+00:00, run_after=2024-06-03 00:00:00+00:00
[2024-06-02T07:59:37.385+0000] {processor.py:183} INFO - Processing /opt/airflow/dags/complaints_dag.py took 1.194 seconds
[2024-06-02T08:00:08.040+0000] {processor.py:161} INFO - Started process (PID=1905) to work on /opt/airflow/dags/complaints_dag.py
[2024-06-02T08:00:08.043+0000] {processor.py:830} INFO - Processing file /opt/airflow/dags/complaints_dag.py for tasks to queue
[2024-06-02T08:00:08.046+0000] {logging_mixin.py:188} INFO - [2024-06-02T08:00:08.045+0000] {dagbag.py:545} INFO - Filling up the DagBag from /opt/airflow/dags/complaints_dag.py
[2024-06-02T08:00:09.081+0000] {processor.py:840} INFO - DAG(s) 'complaints_dag_id' retrieved from /opt/airflow/dags/complaints_dag.py
[2024-06-02T08:00:09.163+0000] {logging_mixin.py:188} INFO - [2024-06-02T08:00:09.162+0000] {dag.py:3096} INFO - Sync 1 DAGs
[2024-06-02T08:00:09.217+0000] {logging_mixin.py:188} INFO - [2024-06-02T08:00:09.217+0000] {dag.py:3954} INFO - Setting next_dagrun for complaints_dag_id to 2024-06-02 00:00:00+00:00, run_after=2024-06-03 00:00:00+00:00
[2024-06-02T08:00:09.298+0000] {processor.py:183} INFO - Processing /opt/airflow/dags/complaints_dag.py took 1.278 seconds
[2024-06-02T08:00:39.990+0000] {processor.py:161} INFO - Started process (PID=1926) to work on /opt/airflow/dags/complaints_dag.py
[2024-06-02T08:00:39.992+0000] {processor.py:830} INFO - Processing file /opt/airflow/dags/complaints_dag.py for tasks to queue
[2024-06-02T08:00:39.995+0000] {logging_mixin.py:188} INFO - [2024-06-02T08:00:39.994+0000] {dagbag.py:545} INFO - Filling up the DagBag from /opt/airflow/dags/complaints_dag.py
[2024-06-02T08:00:40.721+0000] {processor.py:840} INFO - DAG(s) 'complaints_dag_id' retrieved from /opt/airflow/dags/complaints_dag.py
[2024-06-02T08:00:40.807+0000] {logging_mixin.py:188} INFO - [2024-06-02T08:00:40.806+0000] {dag.py:3096} INFO - Sync 1 DAGs
[2024-06-02T08:00:40.864+0000] {logging_mixin.py:188} INFO - [2024-06-02T08:00:40.863+0000] {dag.py:3954} INFO - Setting next_dagrun for complaints_dag_id to 2024-06-02 00:00:00+00:00, run_after=2024-06-03 00:00:00+00:00
[2024-06-02T08:00:40.948+0000] {processor.py:183} INFO - Processing /opt/airflow/dags/complaints_dag.py took 0.968 seconds
[2024-06-02T08:01:11.739+0000] {processor.py:161} INFO - Started process (PID=1942) to work on /opt/airflow/dags/complaints_dag.py
[2024-06-02T08:01:11.742+0000] {processor.py:830} INFO - Processing file /opt/airflow/dags/complaints_dag.py for tasks to queue
[2024-06-02T08:01:11.744+0000] {logging_mixin.py:188} INFO - [2024-06-02T08:01:11.743+0000] {dagbag.py:545} INFO - Filling up the DagBag from /opt/airflow/dags/complaints_dag.py
[2024-06-02T08:01:12.471+0000] {processor.py:840} INFO - DAG(s) 'complaints_dag_id' retrieved from /opt/airflow/dags/complaints_dag.py
[2024-06-02T08:01:12.553+0000] {logging_mixin.py:188} INFO - [2024-06-02T08:01:12.552+0000] {dag.py:3096} INFO - Sync 1 DAGs
[2024-06-02T08:01:12.612+0000] {logging_mixin.py:188} INFO - [2024-06-02T08:01:12.612+0000] {dag.py:3954} INFO - Setting next_dagrun for complaints_dag_id to 2024-06-02 00:00:00+00:00, run_after=2024-06-03 00:00:00+00:00
[2024-06-02T08:01:12.890+0000] {processor.py:183} INFO - Processing /opt/airflow/dags/complaints_dag.py took 1.161 seconds
[2024-06-02T08:01:43.670+0000] {processor.py:161} INFO - Started process (PID=1958) to work on /opt/airflow/dags/complaints_dag.py
[2024-06-02T08:01:43.671+0000] {processor.py:830} INFO - Processing file /opt/airflow/dags/complaints_dag.py for tasks to queue
[2024-06-02T08:01:43.673+0000] {logging_mixin.py:188} INFO - [2024-06-02T08:01:43.673+0000] {dagbag.py:545} INFO - Filling up the DagBag from /opt/airflow/dags/complaints_dag.py
[2024-06-02T08:01:44.487+0000] {processor.py:840} INFO - DAG(s) 'complaints_dag_id' retrieved from /opt/airflow/dags/complaints_dag.py
[2024-06-02T08:01:44.606+0000] {logging_mixin.py:188} INFO - [2024-06-02T08:01:44.604+0000] {dag.py:3096} INFO - Sync 1 DAGs
[2024-06-02T08:01:45.053+0000] {logging_mixin.py:188} INFO - [2024-06-02T08:01:45.052+0000] {dag.py:3954} INFO - Setting next_dagrun for complaints_dag_id to 2024-06-02 00:00:00+00:00, run_after=2024-06-03 00:00:00+00:00
[2024-06-02T08:01:45.170+0000] {processor.py:183} INFO - Processing /opt/airflow/dags/complaints_dag.py took 1.510 seconds
[2024-06-02T08:02:15.752+0000] {processor.py:161} INFO - Started process (PID=1972) to work on /opt/airflow/dags/complaints_dag.py
[2024-06-02T08:02:15.756+0000] {processor.py:830} INFO - Processing file /opt/airflow/dags/complaints_dag.py for tasks to queue
[2024-06-02T08:02:15.758+0000] {logging_mixin.py:188} INFO - [2024-06-02T08:02:15.758+0000] {dagbag.py:545} INFO - Filling up the DagBag from /opt/airflow/dags/complaints_dag.py
[2024-06-02T08:02:18.528+0000] {processor.py:840} INFO - DAG(s) 'complaints_dag_id' retrieved from /opt/airflow/dags/complaints_dag.py
[2024-06-02T08:02:18.819+0000] {logging_mixin.py:188} INFO - [2024-06-02T08:02:18.817+0000] {dag.py:3096} INFO - Sync 1 DAGs
[2024-06-02T08:02:20.097+0000] {logging_mixin.py:188} INFO - [2024-06-02T08:02:20.096+0000] {dag.py:3954} INFO - Setting next_dagrun for complaints_dag_id to 2024-06-02 00:00:00+00:00, run_after=2024-06-03 00:00:00+00:00
[2024-06-02T08:02:51.419+0000] {processor.py:183} INFO - Processing /opt/airflow/dags/complaints_dag.py took 35.705 seconds
[2024-06-02T08:03:22.330+0000] {processor.py:161} INFO - Started process (PID=1985) to work on /opt/airflow/dags/complaints_dag.py
[2024-06-02T08:03:22.336+0000] {processor.py:830} INFO - Processing file /opt/airflow/dags/complaints_dag.py for tasks to queue
[2024-06-02T08:03:22.339+0000] {logging_mixin.py:188} INFO - [2024-06-02T08:03:22.339+0000] {dagbag.py:545} INFO - Filling up the DagBag from /opt/airflow/dags/complaints_dag.py
[2024-06-02T08:03:25.892+0000] {processor.py:840} INFO - DAG(s) 'complaints_dag_id' retrieved from /opt/airflow/dags/complaints_dag.py
[2024-06-02T08:03:26.096+0000] {logging_mixin.py:188} INFO - [2024-06-02T08:03:26.095+0000] {dag.py:3096} INFO - Sync 1 DAGs
[2024-06-02T08:03:27.410+0000] {logging_mixin.py:188} INFO - [2024-06-02T08:03:27.409+0000] {dag.py:3954} INFO - Setting next_dagrun for complaints_dag_id to 2024-06-02 00:00:00+00:00, run_after=2024-06-03 00:00:00+00:00
[2024-06-02T08:04:02.439+0000] {processor.py:183} INFO - Processing /opt/airflow/dags/complaints_dag.py took 40.163 seconds
[2024-06-02T08:04:32.987+0000] {processor.py:161} INFO - Started process (PID=2006) to work on /opt/airflow/dags/complaints_dag.py
[2024-06-02T08:04:32.989+0000] {processor.py:830} INFO - Processing file /opt/airflow/dags/complaints_dag.py for tasks to queue
[2024-06-02T08:04:32.991+0000] {logging_mixin.py:188} INFO - [2024-06-02T08:04:32.991+0000] {dagbag.py:545} INFO - Filling up the DagBag from /opt/airflow/dags/complaints_dag.py
[2024-06-02T08:04:35.833+0000] {processor.py:840} INFO - DAG(s) 'complaints_dag_id' retrieved from /opt/airflow/dags/complaints_dag.py
[2024-06-02T08:04:36.009+0000] {logging_mixin.py:188} INFO - [2024-06-02T08:04:36.008+0000] {dag.py:3096} INFO - Sync 1 DAGs
[2024-06-02T08:04:37.143+0000] {logging_mixin.py:188} INFO - [2024-06-02T08:04:37.143+0000] {dag.py:3954} INFO - Setting next_dagrun for complaints_dag_id to 2024-06-02 00:00:00+00:00, run_after=2024-06-03 00:00:00+00:00
[2024-06-02T08:04:37.902+0000] {processor.py:183} INFO - Processing /opt/airflow/dags/complaints_dag.py took 4.949 seconds
[2024-06-02T08:05:08.392+0000] {processor.py:161} INFO - Started process (PID=2022) to work on /opt/airflow/dags/complaints_dag.py
[2024-06-02T08:05:08.394+0000] {processor.py:830} INFO - Processing file /opt/airflow/dags/complaints_dag.py for tasks to queue
[2024-06-02T08:05:08.396+0000] {logging_mixin.py:188} INFO - [2024-06-02T08:05:08.395+0000] {dagbag.py:545} INFO - Filling up the DagBag from /opt/airflow/dags/complaints_dag.py
[2024-06-02T08:05:09.114+0000] {processor.py:840} INFO - DAG(s) 'complaints_dag_id' retrieved from /opt/airflow/dags/complaints_dag.py
[2024-06-02T08:05:09.210+0000] {logging_mixin.py:188} INFO - [2024-06-02T08:05:09.209+0000] {dag.py:3096} INFO - Sync 1 DAGs
[2024-06-02T08:05:09.478+0000] {logging_mixin.py:188} INFO - [2024-06-02T08:05:09.477+0000] {dag.py:3954} INFO - Setting next_dagrun for complaints_dag_id to 2024-06-02 00:00:00+00:00, run_after=2024-06-03 00:00:00+00:00
[2024-06-02T08:05:09.529+0000] {processor.py:183} INFO - Processing /opt/airflow/dags/complaints_dag.py took 1.150 seconds
[2024-06-02T08:05:40.312+0000] {processor.py:161} INFO - Started process (PID=2043) to work on /opt/airflow/dags/complaints_dag.py
[2024-06-02T08:05:40.314+0000] {processor.py:830} INFO - Processing file /opt/airflow/dags/complaints_dag.py for tasks to queue
[2024-06-02T08:05:40.317+0000] {logging_mixin.py:188} INFO - [2024-06-02T08:05:40.316+0000] {dagbag.py:545} INFO - Filling up the DagBag from /opt/airflow/dags/complaints_dag.py
[2024-06-02T08:05:41.046+0000] {processor.py:840} INFO - DAG(s) 'complaints_dag_id' retrieved from /opt/airflow/dags/complaints_dag.py
[2024-06-02T08:05:41.378+0000] {logging_mixin.py:188} INFO - [2024-06-02T08:05:41.377+0000] {dag.py:3096} INFO - Sync 1 DAGs
[2024-06-02T08:05:41.427+0000] {logging_mixin.py:188} INFO - [2024-06-02T08:05:41.426+0000] {dag.py:3954} INFO - Setting next_dagrun for complaints_dag_id to 2024-06-02 00:00:00+00:00, run_after=2024-06-03 00:00:00+00:00
[2024-06-02T08:05:41.487+0000] {processor.py:183} INFO - Processing /opt/airflow/dags/complaints_dag.py took 1.190 seconds
[2024-06-02T08:06:12.275+0000] {processor.py:161} INFO - Started process (PID=2059) to work on /opt/airflow/dags/complaints_dag.py
[2024-06-02T08:06:12.277+0000] {processor.py:830} INFO - Processing file /opt/airflow/dags/complaints_dag.py for tasks to queue
[2024-06-02T08:06:12.279+0000] {logging_mixin.py:188} INFO - [2024-06-02T08:06:12.279+0000] {dagbag.py:545} INFO - Filling up the DagBag from /opt/airflow/dags/complaints_dag.py
[2024-06-02T08:06:13.048+0000] {processor.py:840} INFO - DAG(s) 'complaints_dag_id' retrieved from /opt/airflow/dags/complaints_dag.py
[2024-06-02T08:06:13.462+0000] {logging_mixin.py:188} INFO - [2024-06-02T08:06:13.462+0000] {dag.py:3096} INFO - Sync 1 DAGs
[2024-06-02T08:06:13.515+0000] {logging_mixin.py:188} INFO - [2024-06-02T08:06:13.515+0000] {dag.py:3954} INFO - Setting next_dagrun for complaints_dag_id to 2024-06-02 00:00:00+00:00, run_after=2024-06-03 00:00:00+00:00
[2024-06-02T08:06:13.576+0000] {processor.py:183} INFO - Processing /opt/airflow/dags/complaints_dag.py took 1.311 seconds
[2024-06-02T08:06:44.065+0000] {processor.py:161} INFO - Started process (PID=2075) to work on /opt/airflow/dags/complaints_dag.py
[2024-06-02T08:06:44.066+0000] {processor.py:830} INFO - Processing file /opt/airflow/dags/complaints_dag.py for tasks to queue
[2024-06-02T08:06:44.068+0000] {logging_mixin.py:188} INFO - [2024-06-02T08:06:44.067+0000] {dagbag.py:545} INFO - Filling up the DagBag from /opt/airflow/dags/complaints_dag.py
[2024-06-02T08:06:45.089+0000] {processor.py:840} INFO - DAG(s) 'complaints_dag_id' retrieved from /opt/airflow/dags/complaints_dag.py
[2024-06-02T08:06:45.159+0000] {logging_mixin.py:188} INFO - [2024-06-02T08:06:45.159+0000] {dag.py:3096} INFO - Sync 1 DAGs
[2024-06-02T08:06:45.206+0000] {logging_mixin.py:188} INFO - [2024-06-02T08:06:45.206+0000] {dag.py:3954} INFO - Setting next_dagrun for complaints_dag_id to 2024-06-02 00:00:00+00:00, run_after=2024-06-03 00:00:00+00:00
[2024-06-02T08:06:45.275+0000] {processor.py:183} INFO - Processing /opt/airflow/dags/complaints_dag.py took 1.219 seconds
[2024-06-02T08:07:15.807+0000] {processor.py:161} INFO - Started process (PID=2091) to work on /opt/airflow/dags/complaints_dag.py
[2024-06-02T08:07:15.808+0000] {processor.py:830} INFO - Processing file /opt/airflow/dags/complaints_dag.py for tasks to queue
[2024-06-02T08:07:15.810+0000] {logging_mixin.py:188} INFO - [2024-06-02T08:07:15.810+0000] {dagbag.py:545} INFO - Filling up the DagBag from /opt/airflow/dags/complaints_dag.py
[2024-06-02T08:07:16.583+0000] {processor.py:840} INFO - DAG(s) 'complaints_dag_id' retrieved from /opt/airflow/dags/complaints_dag.py
[2024-06-02T08:07:16.668+0000] {logging_mixin.py:188} INFO - [2024-06-02T08:07:16.667+0000] {dag.py:3096} INFO - Sync 1 DAGs
[2024-06-02T08:07:16.728+0000] {logging_mixin.py:188} INFO - [2024-06-02T08:07:16.728+0000] {dag.py:3954} INFO - Setting next_dagrun for complaints_dag_id to 2024-06-02 00:00:00+00:00, run_after=2024-06-03 00:00:00+00:00
[2024-06-02T08:07:16.809+0000] {processor.py:183} INFO - Processing /opt/airflow/dags/complaints_dag.py took 1.012 seconds
[2024-06-02T08:07:47.813+0000] {processor.py:161} INFO - Started process (PID=2107) to work on /opt/airflow/dags/complaints_dag.py
[2024-06-02T08:07:47.814+0000] {processor.py:830} INFO - Processing file /opt/airflow/dags/complaints_dag.py for tasks to queue
[2024-06-02T08:07:47.816+0000] {logging_mixin.py:188} INFO - [2024-06-02T08:07:47.815+0000] {dagbag.py:545} INFO - Filling up the DagBag from /opt/airflow/dags/complaints_dag.py
[2024-06-02T08:07:48.614+0000] {processor.py:840} INFO - DAG(s) 'complaints_dag_id' retrieved from /opt/airflow/dags/complaints_dag.py
[2024-06-02T08:07:48.694+0000] {logging_mixin.py:188} INFO - [2024-06-02T08:07:48.693+0000] {dag.py:3096} INFO - Sync 1 DAGs
[2024-06-02T08:07:48.971+0000] {logging_mixin.py:188} INFO - [2024-06-02T08:07:48.970+0000] {dag.py:3954} INFO - Setting next_dagrun for complaints_dag_id to 2024-06-02 00:00:00+00:00, run_after=2024-06-03 00:00:00+00:00
[2024-06-02T08:07:49.037+0000] {processor.py:183} INFO - Processing /opt/airflow/dags/complaints_dag.py took 1.235 seconds
[2024-06-02T08:08:19.518+0000] {processor.py:161} INFO - Started process (PID=2123) to work on /opt/airflow/dags/complaints_dag.py
[2024-06-02T08:08:19.521+0000] {processor.py:830} INFO - Processing file /opt/airflow/dags/complaints_dag.py for tasks to queue
[2024-06-02T08:08:19.523+0000] {logging_mixin.py:188} INFO - [2024-06-02T08:08:19.522+0000] {dagbag.py:545} INFO - Filling up the DagBag from /opt/airflow/dags/complaints_dag.py
[2024-06-02T08:08:20.338+0000] {processor.py:840} INFO - DAG(s) 'complaints_dag_id' retrieved from /opt/airflow/dags/complaints_dag.py
[2024-06-02T08:08:20.440+0000] {logging_mixin.py:188} INFO - [2024-06-02T08:08:20.439+0000] {dag.py:3096} INFO - Sync 1 DAGs
[2024-06-02T08:08:20.788+0000] {logging_mixin.py:188} INFO - [2024-06-02T08:08:20.787+0000] {dag.py:3954} INFO - Setting next_dagrun for complaints_dag_id to 2024-06-02 00:00:00+00:00, run_after=2024-06-03 00:00:00+00:00
[2024-06-02T08:08:20.878+0000] {processor.py:183} INFO - Processing /opt/airflow/dags/complaints_dag.py took 1.369 seconds
[2024-06-02T08:08:51.628+0000] {processor.py:161} INFO - Started process (PID=2139) to work on /opt/airflow/dags/complaints_dag.py
[2024-06-02T08:08:51.630+0000] {processor.py:830} INFO - Processing file /opt/airflow/dags/complaints_dag.py for tasks to queue
[2024-06-02T08:08:51.632+0000] {logging_mixin.py:188} INFO - [2024-06-02T08:08:51.631+0000] {dagbag.py:545} INFO - Filling up the DagBag from /opt/airflow/dags/complaints_dag.py
[2024-06-02T08:08:52.359+0000] {processor.py:840} INFO - DAG(s) 'complaints_dag_id' retrieved from /opt/airflow/dags/complaints_dag.py
[2024-06-02T08:08:52.679+0000] {logging_mixin.py:188} INFO - [2024-06-02T08:08:52.679+0000] {dag.py:3096} INFO - Sync 1 DAGs
[2024-06-02T08:08:52.733+0000] {logging_mixin.py:188} INFO - [2024-06-02T08:08:52.733+0000] {dag.py:3954} INFO - Setting next_dagrun for complaints_dag_id to 2024-06-02 00:00:00+00:00, run_after=2024-06-03 00:00:00+00:00
[2024-06-02T08:08:52.815+0000] {processor.py:183} INFO - Processing /opt/airflow/dags/complaints_dag.py took 1.200 seconds
[2024-06-02T08:09:23.389+0000] {processor.py:161} INFO - Started process (PID=2155) to work on /opt/airflow/dags/complaints_dag.py
[2024-06-02T08:09:23.391+0000] {processor.py:830} INFO - Processing file /opt/airflow/dags/complaints_dag.py for tasks to queue
[2024-06-02T08:09:23.393+0000] {logging_mixin.py:188} INFO - [2024-06-02T08:09:23.393+0000] {dagbag.py:545} INFO - Filling up the DagBag from /opt/airflow/dags/complaints_dag.py
[2024-06-02T08:09:24.303+0000] {processor.py:840} INFO - DAG(s) 'complaints_dag_id' retrieved from /opt/airflow/dags/complaints_dag.py
[2024-06-02T08:09:24.379+0000] {logging_mixin.py:188} INFO - [2024-06-02T08:09:24.378+0000] {dag.py:3096} INFO - Sync 1 DAGs
[2024-06-02T08:09:24.444+0000] {logging_mixin.py:188} INFO - [2024-06-02T08:09:24.443+0000] {dag.py:3954} INFO - Setting next_dagrun for complaints_dag_id to 2024-06-02 00:00:00+00:00, run_after=2024-06-03 00:00:00+00:00
[2024-06-02T08:09:24.504+0000] {processor.py:183} INFO - Processing /opt/airflow/dags/complaints_dag.py took 1.125 seconds
[2024-06-02T08:09:55.178+0000] {processor.py:161} INFO - Started process (PID=2171) to work on /opt/airflow/dags/complaints_dag.py
[2024-06-02T08:09:55.179+0000] {processor.py:830} INFO - Processing file /opt/airflow/dags/complaints_dag.py for tasks to queue
[2024-06-02T08:09:55.181+0000] {logging_mixin.py:188} INFO - [2024-06-02T08:09:55.180+0000] {dagbag.py:545} INFO - Filling up the DagBag from /opt/airflow/dags/complaints_dag.py
[2024-06-02T08:09:56.115+0000] {processor.py:840} INFO - DAG(s) 'complaints_dag_id' retrieved from /opt/airflow/dags/complaints_dag.py
[2024-06-02T08:09:56.185+0000] {logging_mixin.py:188} INFO - [2024-06-02T08:09:56.184+0000] {dag.py:3096} INFO - Sync 1 DAGs
[2024-06-02T08:09:56.237+0000] {logging_mixin.py:188} INFO - [2024-06-02T08:09:56.237+0000] {dag.py:3954} INFO - Setting next_dagrun for complaints_dag_id to 2024-06-02 00:00:00+00:00, run_after=2024-06-03 00:00:00+00:00
[2024-06-02T08:09:56.313+0000] {processor.py:183} INFO - Processing /opt/airflow/dags/complaints_dag.py took 1.148 seconds
[2024-06-02T08:10:26.974+0000] {processor.py:161} INFO - Started process (PID=2187) to work on /opt/airflow/dags/complaints_dag.py
[2024-06-02T08:10:26.976+0000] {processor.py:830} INFO - Processing file /opt/airflow/dags/complaints_dag.py for tasks to queue
[2024-06-02T08:10:26.978+0000] {logging_mixin.py:188} INFO - [2024-06-02T08:10:26.977+0000] {dagbag.py:545} INFO - Filling up the DagBag from /opt/airflow/dags/complaints_dag.py
[2024-06-02T08:10:27.704+0000] {processor.py:840} INFO - DAG(s) 'complaints_dag_id' retrieved from /opt/airflow/dags/complaints_dag.py
[2024-06-02T08:10:27.782+0000] {logging_mixin.py:188} INFO - [2024-06-02T08:10:27.782+0000] {dag.py:3096} INFO - Sync 1 DAGs
[2024-06-02T08:10:27.838+0000] {logging_mixin.py:188} INFO - [2024-06-02T08:10:27.838+0000] {dag.py:3954} INFO - Setting next_dagrun for complaints_dag_id to 2024-06-02 00:00:00+00:00, run_after=2024-06-03 00:00:00+00:00
[2024-06-02T08:10:28.118+0000] {processor.py:183} INFO - Processing /opt/airflow/dags/complaints_dag.py took 1.155 seconds
[2024-06-02T08:10:58.837+0000] {processor.py:161} INFO - Started process (PID=2203) to work on /opt/airflow/dags/complaints_dag.py
[2024-06-02T08:10:58.839+0000] {processor.py:830} INFO - Processing file /opt/airflow/dags/complaints_dag.py for tasks to queue
[2024-06-02T08:10:58.840+0000] {logging_mixin.py:188} INFO - [2024-06-02T08:10:58.840+0000] {dagbag.py:545} INFO - Filling up the DagBag from /opt/airflow/dags/complaints_dag.py
[2024-06-02T08:10:59.532+0000] {processor.py:840} INFO - DAG(s) 'complaints_dag_id' retrieved from /opt/airflow/dags/complaints_dag.py
[2024-06-02T08:10:59.602+0000] {logging_mixin.py:188} INFO - [2024-06-02T08:10:59.601+0000] {dag.py:3096} INFO - Sync 1 DAGs
[2024-06-02T08:10:59.934+0000] {logging_mixin.py:188} INFO - [2024-06-02T08:10:59.933+0000] {dag.py:3954} INFO - Setting next_dagrun for complaints_dag_id to 2024-06-02 00:00:00+00:00, run_after=2024-06-03 00:00:00+00:00
[2024-06-02T08:10:59.994+0000] {processor.py:183} INFO - Processing /opt/airflow/dags/complaints_dag.py took 1.169 seconds
[2024-06-02T08:11:30.580+0000] {processor.py:161} INFO - Started process (PID=2219) to work on /opt/airflow/dags/complaints_dag.py
[2024-06-02T08:11:30.582+0000] {processor.py:830} INFO - Processing file /opt/airflow/dags/complaints_dag.py for tasks to queue
[2024-06-02T08:11:30.584+0000] {logging_mixin.py:188} INFO - [2024-06-02T08:11:30.583+0000] {dagbag.py:545} INFO - Filling up the DagBag from /opt/airflow/dags/complaints_dag.py
[2024-06-02T08:11:31.345+0000] {processor.py:840} INFO - DAG(s) 'complaints_dag_id' retrieved from /opt/airflow/dags/complaints_dag.py
[2024-06-02T08:11:31.651+0000] {logging_mixin.py:188} INFO - [2024-06-02T08:11:31.650+0000] {dag.py:3096} INFO - Sync 1 DAGs
[2024-06-02T08:11:31.699+0000] {logging_mixin.py:188} INFO - [2024-06-02T08:11:31.698+0000] {dag.py:3954} INFO - Setting next_dagrun for complaints_dag_id to 2024-06-02 00:00:00+00:00, run_after=2024-06-03 00:00:00+00:00
[2024-06-02T08:11:31.783+0000] {processor.py:183} INFO - Processing /opt/airflow/dags/complaints_dag.py took 1.215 seconds
[2024-06-02T08:12:02.516+0000] {processor.py:161} INFO - Started process (PID=2240) to work on /opt/airflow/dags/complaints_dag.py
[2024-06-02T08:12:02.518+0000] {processor.py:830} INFO - Processing file /opt/airflow/dags/complaints_dag.py for tasks to queue
[2024-06-02T08:12:02.520+0000] {logging_mixin.py:188} INFO - [2024-06-02T08:12:02.519+0000] {dagbag.py:545} INFO - Filling up the DagBag from /opt/airflow/dags/complaints_dag.py
[2024-06-02T08:12:03.338+0000] {processor.py:840} INFO - DAG(s) 'complaints_dag_id' retrieved from /opt/airflow/dags/complaints_dag.py
[2024-06-02T08:12:03.770+0000] {logging_mixin.py:188} INFO - [2024-06-02T08:12:03.769+0000] {dag.py:3096} INFO - Sync 1 DAGs
[2024-06-02T08:12:03.842+0000] {logging_mixin.py:188} INFO - [2024-06-02T08:12:03.841+0000] {dag.py:3954} INFO - Setting next_dagrun for complaints_dag_id to 2024-06-02 00:00:00+00:00, run_after=2024-06-03 00:00:00+00:00
[2024-06-02T08:12:03.900+0000] {processor.py:183} INFO - Processing /opt/airflow/dags/complaints_dag.py took 1.395 seconds
[2024-06-02T08:12:33.989+0000] {processor.py:161} INFO - Started process (PID=2256) to work on /opt/airflow/dags/complaints_dag.py
[2024-06-02T08:12:33.991+0000] {processor.py:830} INFO - Processing file /opt/airflow/dags/complaints_dag.py for tasks to queue
[2024-06-02T08:12:33.993+0000] {logging_mixin.py:188} INFO - [2024-06-02T08:12:33.992+0000] {dagbag.py:545} INFO - Filling up the DagBag from /opt/airflow/dags/complaints_dag.py
[2024-06-02T08:12:34.923+0000] {processor.py:840} INFO - DAG(s) 'complaints_dag_id' retrieved from /opt/airflow/dags/complaints_dag.py
[2024-06-02T08:12:34.997+0000] {logging_mixin.py:188} INFO - [2024-06-02T08:12:34.996+0000] {dag.py:3096} INFO - Sync 1 DAGs
[2024-06-02T08:12:35.051+0000] {logging_mixin.py:188} INFO - [2024-06-02T08:12:35.051+0000] {dag.py:3954} INFO - Setting next_dagrun for complaints_dag_id to 2024-06-02 00:00:00+00:00, run_after=2024-06-03 00:00:00+00:00
[2024-06-02T08:12:35.107+0000] {processor.py:183} INFO - Processing /opt/airflow/dags/complaints_dag.py took 1.127 seconds
[2024-06-02T08:13:05.708+0000] {processor.py:161} INFO - Started process (PID=2272) to work on /opt/airflow/dags/complaints_dag.py
[2024-06-02T08:13:05.710+0000] {processor.py:830} INFO - Processing file /opt/airflow/dags/complaints_dag.py for tasks to queue
[2024-06-02T08:13:05.712+0000] {logging_mixin.py:188} INFO - [2024-06-02T08:13:05.712+0000] {dagbag.py:545} INFO - Filling up the DagBag from /opt/airflow/dags/complaints_dag.py
[2024-06-02T08:13:06.691+0000] {processor.py:840} INFO - DAG(s) 'complaints_dag_id' retrieved from /opt/airflow/dags/complaints_dag.py
[2024-06-02T08:13:06.771+0000] {logging_mixin.py:188} INFO - [2024-06-02T08:13:06.770+0000] {dag.py:3096} INFO - Sync 1 DAGs
[2024-06-02T08:13:06.826+0000] {logging_mixin.py:188} INFO - [2024-06-02T08:13:06.826+0000] {dag.py:3954} INFO - Setting next_dagrun for complaints_dag_id to 2024-06-02 00:00:00+00:00, run_after=2024-06-03 00:00:00+00:00
[2024-06-02T08:13:06.880+0000] {processor.py:183} INFO - Processing /opt/airflow/dags/complaints_dag.py took 1.187 seconds
[2024-06-02T08:13:37.206+0000] {processor.py:161} INFO - Started process (PID=2286) to work on /opt/airflow/dags/complaints_dag.py
[2024-06-02T08:13:37.208+0000] {processor.py:830} INFO - Processing file /opt/airflow/dags/complaints_dag.py for tasks to queue
[2024-06-02T08:13:37.220+0000] {logging_mixin.py:188} INFO - [2024-06-02T08:13:37.210+0000] {dagbag.py:545} INFO - Filling up the DagBag from /opt/airflow/dags/complaints_dag.py
[2024-06-02T08:13:40.167+0000] {processor.py:840} INFO - DAG(s) 'complaints_dag_id' retrieved from /opt/airflow/dags/complaints_dag.py
[2024-06-02T08:13:40.319+0000] {logging_mixin.py:188} INFO - [2024-06-02T08:13:40.309+0000] {dag.py:3096} INFO - Sync 1 DAGs
[2024-06-02T08:13:40.987+0000] {logging_mixin.py:188} INFO - [2024-06-02T08:13:40.987+0000] {dag.py:3954} INFO - Setting next_dagrun for complaints_dag_id to 2024-06-02 00:00:00+00:00, run_after=2024-06-03 00:00:00+00:00
[2024-06-02T08:13:41.095+0000] {processor.py:183} INFO - Processing /opt/airflow/dags/complaints_dag.py took 3.933 seconds
[2024-06-02T08:14:11.544+0000] {processor.py:161} INFO - Started process (PID=2304) to work on /opt/airflow/dags/complaints_dag.py
[2024-06-02T08:14:11.549+0000] {processor.py:830} INFO - Processing file /opt/airflow/dags/complaints_dag.py for tasks to queue
[2024-06-02T08:14:11.551+0000] {logging_mixin.py:188} INFO - [2024-06-02T08:14:11.551+0000] {dagbag.py:545} INFO - Filling up the DagBag from /opt/airflow/dags/complaints_dag.py
[2024-06-02T08:14:14.419+0000] {processor.py:840} INFO - DAG(s) 'complaints_dag_id' retrieved from /opt/airflow/dags/complaints_dag.py
[2024-06-02T08:14:14.685+0000] {logging_mixin.py:188} INFO - [2024-06-02T08:14:14.673+0000] {dag.py:3096} INFO - Sync 1 DAGs
[2024-06-02T08:14:15.988+0000] {logging_mixin.py:188} INFO - [2024-06-02T08:14:15.977+0000] {dag.py:3954} INFO - Setting next_dagrun for complaints_dag_id to 2024-06-02 00:00:00+00:00, run_after=2024-06-03 00:00:00+00:00
[2024-06-02T08:14:16.203+0000] {processor.py:183} INFO - Processing /opt/airflow/dags/complaints_dag.py took 4.693 seconds
[2024-06-02T08:14:46.565+0000] {processor.py:161} INFO - Started process (PID=2320) to work on /opt/airflow/dags/complaints_dag.py
[2024-06-02T08:14:46.567+0000] {processor.py:830} INFO - Processing file /opt/airflow/dags/complaints_dag.py for tasks to queue
[2024-06-02T08:14:46.577+0000] {logging_mixin.py:188} INFO - [2024-06-02T08:14:46.576+0000] {dagbag.py:545} INFO - Filling up the DagBag from /opt/airflow/dags/complaints_dag.py
[2024-06-02T08:14:49.531+0000] {processor.py:840} INFO - DAG(s) 'complaints_dag_id' retrieved from /opt/airflow/dags/complaints_dag.py
[2024-06-02T08:14:50.733+0000] {logging_mixin.py:188} INFO - [2024-06-02T08:14:50.732+0000] {dag.py:3096} INFO - Sync 1 DAGs
[2024-06-02T08:14:50.868+0000] {logging_mixin.py:188} INFO - [2024-06-02T08:14:50.868+0000] {dag.py:3954} INFO - Setting next_dagrun for complaints_dag_id to 2024-06-02 00:00:00+00:00, run_after=2024-06-03 00:00:00+00:00
[2024-06-02T08:14:53.301+0000] {processor.py:183} INFO - Processing /opt/airflow/dags/complaints_dag.py took 6.777 seconds
[2024-06-02T08:15:23.475+0000] {processor.py:161} INFO - Started process (PID=2336) to work on /opt/airflow/dags/complaints_dag.py
[2024-06-02T08:15:23.488+0000] {processor.py:830} INFO - Processing file /opt/airflow/dags/complaints_dag.py for tasks to queue
[2024-06-02T08:15:23.502+0000] {logging_mixin.py:188} INFO - [2024-06-02T08:15:23.501+0000] {dagbag.py:545} INFO - Filling up the DagBag from /opt/airflow/dags/complaints_dag.py
[2024-06-02T08:15:27.517+0000] {processor.py:840} INFO - DAG(s) 'complaints_dag_id' retrieved from /opt/airflow/dags/complaints_dag.py
[2024-06-02T08:15:27.770+0000] {logging_mixin.py:188} INFO - [2024-06-02T08:15:27.769+0000] {dag.py:3096} INFO - Sync 1 DAGs
[2024-06-02T08:15:27.967+0000] {logging_mixin.py:188} INFO - [2024-06-02T08:15:27.967+0000] {dag.py:3954} INFO - Setting next_dagrun for complaints_dag_id to 2024-06-02 00:00:00+00:00, run_after=2024-06-03 00:00:00+00:00
[2024-06-02T08:15:46.376+0000] {processor.py:183} INFO - Processing /opt/airflow/dags/complaints_dag.py took 22.932 seconds
[2024-06-02T08:16:17.003+0000] {processor.py:161} INFO - Started process (PID=2352) to work on /opt/airflow/dags/complaints_dag.py
[2024-06-02T08:16:17.005+0000] {processor.py:830} INFO - Processing file /opt/airflow/dags/complaints_dag.py for tasks to queue
[2024-06-02T08:16:17.018+0000] {logging_mixin.py:188} INFO - [2024-06-02T08:16:17.017+0000] {dagbag.py:545} INFO - Filling up the DagBag from /opt/airflow/dags/complaints_dag.py
[2024-06-02T08:16:26.651+0000] {processor.py:840} INFO - DAG(s) 'complaints_dag_id' retrieved from /opt/airflow/dags/complaints_dag.py
[2024-06-02T08:16:26.854+0000] {logging_mixin.py:188} INFO - [2024-06-02T08:16:26.844+0000] {dag.py:3096} INFO - Sync 1 DAGs
[2024-06-02T08:16:27.023+0000] {logging_mixin.py:188} INFO - [2024-06-02T08:16:27.022+0000] {dag.py:3954} INFO - Setting next_dagrun for complaints_dag_id to 2024-06-02 00:00:00+00:00, run_after=2024-06-03 00:00:00+00:00
[2024-06-02T08:17:38.305+0000] {processor.py:161} INFO - Started process (PID=2369) to work on /opt/airflow/dags/complaints_dag.py
[2024-06-02T08:17:38.307+0000] {processor.py:830} INFO - Processing file /opt/airflow/dags/complaints_dag.py for tasks to queue
[2024-06-02T08:17:38.310+0000] {logging_mixin.py:188} INFO - [2024-06-02T08:17:38.309+0000] {dagbag.py:545} INFO - Filling up the DagBag from /opt/airflow/dags/complaints_dag.py
[2024-06-02T08:17:41.105+0000] {processor.py:840} INFO - DAG(s) 'complaints_dag_id' retrieved from /opt/airflow/dags/complaints_dag.py
[2024-06-02T08:17:41.298+0000] {logging_mixin.py:188} INFO - [2024-06-02T08:17:41.297+0000] {dag.py:3096} INFO - Sync 1 DAGs
[2024-06-02T08:17:42.353+0000] {logging_mixin.py:188} INFO - [2024-06-02T08:17:42.353+0000] {dag.py:3954} INFO - Setting next_dagrun for complaints_dag_id to 2024-06-02 00:00:00+00:00, run_after=2024-06-03 00:00:00+00:00
[2024-06-02T08:17:58.556+0000] {processor.py:183} INFO - Processing /opt/airflow/dags/complaints_dag.py took 20.308 seconds
[2024-06-02T08:18:29.245+0000] {processor.py:161} INFO - Started process (PID=2385) to work on /opt/airflow/dags/complaints_dag.py
[2024-06-02T08:18:29.258+0000] {processor.py:830} INFO - Processing file /opt/airflow/dags/complaints_dag.py for tasks to queue
[2024-06-02T08:18:29.260+0000] {logging_mixin.py:188} INFO - [2024-06-02T08:18:29.260+0000] {dagbag.py:545} INFO - Filling up the DagBag from /opt/airflow/dags/complaints_dag.py
[2024-06-02T08:18:34.817+0000] {processor.py:840} INFO - DAG(s) 'complaints_dag_id' retrieved from /opt/airflow/dags/complaints_dag.py
[2024-06-02T08:18:34.990+0000] {logging_mixin.py:188} INFO - [2024-06-02T08:18:34.988+0000] {dag.py:3096} INFO - Sync 1 DAGs
[2024-06-02T08:18:35.164+0000] {logging_mixin.py:188} INFO - [2024-06-02T08:18:35.164+0000] {dag.py:3954} INFO - Setting next_dagrun for complaints_dag_id to 2024-06-02 00:00:00+00:00, run_after=2024-06-03 00:00:00+00:00
[2024-06-02T08:19:11.801+0000] {processor.py:183} INFO - Processing /opt/airflow/dags/complaints_dag.py took 42.614 seconds
[2024-06-02T08:19:42.048+0000] {processor.py:161} INFO - Started process (PID=2401) to work on /opt/airflow/dags/complaints_dag.py
[2024-06-02T08:19:42.051+0000] {processor.py:830} INFO - Processing file /opt/airflow/dags/complaints_dag.py for tasks to queue
[2024-06-02T08:19:42.064+0000] {logging_mixin.py:188} INFO - [2024-06-02T08:19:42.052+0000] {dagbag.py:545} INFO - Filling up the DagBag from /opt/airflow/dags/complaints_dag.py
[2024-06-02T08:19:45.647+0000] {processor.py:840} INFO - DAG(s) 'complaints_dag_id' retrieved from /opt/airflow/dags/complaints_dag.py
[2024-06-02T08:19:45.826+0000] {logging_mixin.py:188} INFO - [2024-06-02T08:19:45.824+0000] {dag.py:3096} INFO - Sync 1 DAGs
[2024-06-02T08:19:46.031+0000] {logging_mixin.py:188} INFO - [2024-06-02T08:19:46.021+0000] {dag.py:3954} INFO - Setting next_dagrun for complaints_dag_id to 2024-06-02 00:00:00+00:00, run_after=2024-06-03 00:00:00+00:00
[2024-06-02T08:19:51.835+0000] {processor.py:183} INFO - Processing /opt/airflow/dags/complaints_dag.py took 9.830 seconds
[2024-06-02T08:20:22.299+0000] {processor.py:161} INFO - Started process (PID=2422) to work on /opt/airflow/dags/complaints_dag.py
[2024-06-02T08:20:22.301+0000] {processor.py:830} INFO - Processing file /opt/airflow/dags/complaints_dag.py for tasks to queue
[2024-06-02T08:20:22.303+0000] {logging_mixin.py:188} INFO - [2024-06-02T08:20:22.302+0000] {dagbag.py:545} INFO - Filling up the DagBag from /opt/airflow/dags/complaints_dag.py
[2024-06-02T08:20:23.044+0000] {processor.py:840} INFO - DAG(s) 'complaints_dag_id' retrieved from /opt/airflow/dags/complaints_dag.py
[2024-06-02T08:20:23.128+0000] {logging_mixin.py:188} INFO - [2024-06-02T08:20:23.127+0000] {dag.py:3096} INFO - Sync 1 DAGs
[2024-06-02T08:20:23.416+0000] {logging_mixin.py:188} INFO - [2024-06-02T08:20:23.416+0000] {dag.py:3954} INFO - Setting next_dagrun for complaints_dag_id to 2024-06-02 00:00:00+00:00, run_after=2024-06-03 00:00:00+00:00
[2024-06-02T08:20:23.489+0000] {processor.py:183} INFO - Processing /opt/airflow/dags/complaints_dag.py took 1.206 seconds
[2024-06-02T08:20:54.312+0000] {processor.py:161} INFO - Started process (PID=2443) to work on /opt/airflow/dags/complaints_dag.py
[2024-06-02T08:20:54.314+0000] {processor.py:830} INFO - Processing file /opt/airflow/dags/complaints_dag.py for tasks to queue
[2024-06-02T08:20:54.317+0000] {logging_mixin.py:188} INFO - [2024-06-02T08:20:54.315+0000] {dagbag.py:545} INFO - Filling up the DagBag from /opt/airflow/dags/complaints_dag.py
[2024-06-02T08:20:54.966+0000] {processor.py:840} INFO - DAG(s) 'complaints_dag_id' retrieved from /opt/airflow/dags/complaints_dag.py
[2024-06-02T08:20:55.278+0000] {logging_mixin.py:188} INFO - [2024-06-02T08:20:55.277+0000] {dag.py:3096} INFO - Sync 1 DAGs
[2024-06-02T08:20:55.339+0000] {logging_mixin.py:188} INFO - [2024-06-02T08:20:55.338+0000] {dag.py:3954} INFO - Setting next_dagrun for complaints_dag_id to 2024-06-02 00:00:00+00:00, run_after=2024-06-03 00:00:00+00:00
[2024-06-02T08:20:55.396+0000] {processor.py:183} INFO - Processing /opt/airflow/dags/complaints_dag.py took 1.093 seconds
[2024-06-02T08:21:25.844+0000] {processor.py:161} INFO - Started process (PID=2459) to work on /opt/airflow/dags/complaints_dag.py
[2024-06-02T08:21:25.846+0000] {processor.py:830} INFO - Processing file /opt/airflow/dags/complaints_dag.py for tasks to queue
[2024-06-02T08:21:25.848+0000] {logging_mixin.py:188} INFO - [2024-06-02T08:21:25.847+0000] {dagbag.py:545} INFO - Filling up the DagBag from /opt/airflow/dags/complaints_dag.py
[2024-06-02T08:21:26.574+0000] {processor.py:840} INFO - DAG(s) 'complaints_dag_id' retrieved from /opt/airflow/dags/complaints_dag.py
[2024-06-02T08:21:26.899+0000] {logging_mixin.py:188} INFO - [2024-06-02T08:21:26.898+0000] {dag.py:3096} INFO - Sync 1 DAGs
[2024-06-02T08:21:26.951+0000] {logging_mixin.py:188} INFO - [2024-06-02T08:21:26.951+0000] {dag.py:3954} INFO - Setting next_dagrun for complaints_dag_id to 2024-06-02 00:00:00+00:00, run_after=2024-06-03 00:00:00+00:00
[2024-06-02T08:21:27.042+0000] {processor.py:183} INFO - Processing /opt/airflow/dags/complaints_dag.py took 1.207 seconds
[2024-06-02T08:21:57.610+0000] {processor.py:161} INFO - Started process (PID=2475) to work on /opt/airflow/dags/complaints_dag.py
[2024-06-02T08:21:57.611+0000] {processor.py:830} INFO - Processing file /opt/airflow/dags/complaints_dag.py for tasks to queue
[2024-06-02T08:21:57.613+0000] {logging_mixin.py:188} INFO - [2024-06-02T08:21:57.613+0000] {dagbag.py:545} INFO - Filling up the DagBag from /opt/airflow/dags/complaints_dag.py
[2024-06-02T08:21:58.653+0000] {processor.py:840} INFO - DAG(s) 'complaints_dag_id' retrieved from /opt/airflow/dags/complaints_dag.py
[2024-06-02T08:21:58.733+0000] {logging_mixin.py:188} INFO - [2024-06-02T08:21:58.732+0000] {dag.py:3096} INFO - Sync 1 DAGs
[2024-06-02T08:21:58.782+0000] {logging_mixin.py:188} INFO - [2024-06-02T08:21:58.782+0000] {dag.py:3954} INFO - Setting next_dagrun for complaints_dag_id to 2024-06-02 00:00:00+00:00, run_after=2024-06-03 00:00:00+00:00
[2024-06-02T08:21:58.859+0000] {processor.py:183} INFO - Processing /opt/airflow/dags/complaints_dag.py took 1.264 seconds
[2024-06-02T08:22:29.647+0000] {processor.py:161} INFO - Started process (PID=2491) to work on /opt/airflow/dags/complaints_dag.py
[2024-06-02T08:22:29.649+0000] {processor.py:830} INFO - Processing file /opt/airflow/dags/complaints_dag.py for tasks to queue
[2024-06-02T08:22:29.651+0000] {logging_mixin.py:188} INFO - [2024-06-02T08:22:29.650+0000] {dagbag.py:545} INFO - Filling up the DagBag from /opt/airflow/dags/complaints_dag.py
[2024-06-02T08:22:30.608+0000] {processor.py:840} INFO - DAG(s) 'complaints_dag_id' retrieved from /opt/airflow/dags/complaints_dag.py
[2024-06-02T08:22:30.680+0000] {logging_mixin.py:188} INFO - [2024-06-02T08:22:30.680+0000] {dag.py:3096} INFO - Sync 1 DAGs
[2024-06-02T08:22:30.730+0000] {logging_mixin.py:188} INFO - [2024-06-02T08:22:30.730+0000] {dag.py:3954} INFO - Setting next_dagrun for complaints_dag_id to 2024-06-02 00:00:00+00:00, run_after=2024-06-03 00:00:00+00:00
[2024-06-02T08:22:30.789+0000] {processor.py:183} INFO - Processing /opt/airflow/dags/complaints_dag.py took 1.152 seconds
