[2024-06-02T02:16:41.193+0000] {processor.py:161} INFO - Started process (PID=1481) to work on /opt/airflow/dags/create_table.py
[2024-06-02T02:16:41.197+0000] {processor.py:830} INFO - Processing file /opt/airflow/dags/create_table.py for tasks to queue
[2024-06-02T02:16:41.203+0000] {logging_mixin.py:188} INFO - [2024-06-02T02:16:41.201+0000] {dagbag.py:545} INFO - Filling up the DagBag from /opt/airflow/dags/create_table.py
[2024-06-02T02:16:41.277+0000] {processor.py:840} INFO - DAG(s) 'dag_with_postgres_operator_v01' retrieved from /opt/airflow/dags/create_table.py
[2024-06-02T02:16:41.371+0000] {logging_mixin.py:188} INFO - [2024-06-02T02:16:41.369+0000] {dag.py:3096} INFO - Sync 1 DAGs
[2024-06-02T02:16:41.444+0000] {logging_mixin.py:188} INFO - [2024-06-02T02:16:41.444+0000] {dag.py:3954} INFO - Setting next_dagrun for dag_with_postgres_operator_v01 to 2024-05-14 00:00:00+00:00, run_after=2024-05-15 00:00:00+00:00
[2024-06-02T02:16:41.521+0000] {processor.py:183} INFO - Processing /opt/airflow/dags/create_table.py took 0.352 seconds
[2024-06-02T07:47:18.650+0000] {processor.py:161} INFO - Started process (PID=1506) to work on /opt/airflow/dags/create_table.py
[2024-06-02T07:47:18.652+0000] {processor.py:830} INFO - Processing file /opt/airflow/dags/create_table.py for tasks to queue
[2024-06-02T07:47:18.655+0000] {logging_mixin.py:188} INFO - [2024-06-02T07:47:18.654+0000] {dagbag.py:545} INFO - Filling up the DagBag from /opt/airflow/dags/create_table.py
[2024-06-02T07:47:18.700+0000] {processor.py:840} INFO - DAG(s) 'dag_with_postgres_operator_v01' retrieved from /opt/airflow/dags/create_table.py
[2024-06-02T07:47:18.796+0000] {logging_mixin.py:188} INFO - [2024-06-02T07:47:18.795+0000] {dag.py:3096} INFO - Sync 1 DAGs
[2024-06-02T07:47:18.891+0000] {logging_mixin.py:188} INFO - [2024-06-02T07:47:18.890+0000] {dag.py:3954} INFO - Setting next_dagrun for dag_with_postgres_operator_v01 to 2024-05-14 00:00:00+00:00, run_after=2024-05-15 00:00:00+00:00
[2024-06-02T07:47:18.968+0000] {processor.py:183} INFO - Processing /opt/airflow/dags/create_table.py took 0.330 seconds
[2024-06-02T07:47:49.674+0000] {processor.py:161} INFO - Started process (PID=1519) to work on /opt/airflow/dags/create_table.py
[2024-06-02T07:47:49.676+0000] {processor.py:830} INFO - Processing file /opt/airflow/dags/create_table.py for tasks to queue
[2024-06-02T07:47:49.678+0000] {logging_mixin.py:188} INFO - [2024-06-02T07:47:49.677+0000] {dagbag.py:545} INFO - Filling up the DagBag from /opt/airflow/dags/create_table.py
[2024-06-02T07:47:49.715+0000] {processor.py:840} INFO - DAG(s) 'dag_with_postgres_operator_v01' retrieved from /opt/airflow/dags/create_table.py
[2024-06-02T07:47:49.779+0000] {logging_mixin.py:188} INFO - [2024-06-02T07:47:49.779+0000] {dag.py:3096} INFO - Sync 1 DAGs
[2024-06-02T07:47:49.844+0000] {logging_mixin.py:188} INFO - [2024-06-02T07:47:49.844+0000] {dag.py:3954} INFO - Setting next_dagrun for dag_with_postgres_operator_v01 to 2024-05-14 00:00:00+00:00, run_after=2024-05-15 00:00:00+00:00
[2024-06-02T07:47:49.900+0000] {processor.py:183} INFO - Processing /opt/airflow/dags/create_table.py took 0.241 seconds
[2024-06-02T07:48:20.274+0000] {processor.py:161} INFO - Started process (PID=1535) to work on /opt/airflow/dags/create_table.py
[2024-06-02T07:48:20.275+0000] {processor.py:830} INFO - Processing file /opt/airflow/dags/create_table.py for tasks to queue
[2024-06-02T07:48:20.277+0000] {logging_mixin.py:188} INFO - [2024-06-02T07:48:20.277+0000] {dagbag.py:545} INFO - Filling up the DagBag from /opt/airflow/dags/create_table.py
[2024-06-02T07:48:20.314+0000] {processor.py:840} INFO - DAG(s) 'dag_with_postgres_operator_v01' retrieved from /opt/airflow/dags/create_table.py
[2024-06-02T07:48:20.379+0000] {logging_mixin.py:188} INFO - [2024-06-02T07:48:20.378+0000] {dag.py:3096} INFO - Sync 1 DAGs
[2024-06-02T07:48:20.415+0000] {logging_mixin.py:188} INFO - [2024-06-02T07:48:20.415+0000] {dag.py:3954} INFO - Setting next_dagrun for dag_with_postgres_operator_v01 to 2024-05-14 00:00:00+00:00, run_after=2024-05-15 00:00:00+00:00
[2024-06-02T07:48:20.461+0000] {processor.py:183} INFO - Processing /opt/airflow/dags/create_table.py took 0.197 seconds
[2024-06-02T07:48:50.820+0000] {processor.py:161} INFO - Started process (PID=1551) to work on /opt/airflow/dags/create_table.py
[2024-06-02T07:48:50.821+0000] {processor.py:830} INFO - Processing file /opt/airflow/dags/create_table.py for tasks to queue
[2024-06-02T07:48:50.824+0000] {logging_mixin.py:188} INFO - [2024-06-02T07:48:50.823+0000] {dagbag.py:545} INFO - Filling up the DagBag from /opt/airflow/dags/create_table.py
[2024-06-02T07:48:50.864+0000] {processor.py:840} INFO - DAG(s) 'dag_with_postgres_operator_v01' retrieved from /opt/airflow/dags/create_table.py
[2024-06-02T07:48:50.954+0000] {logging_mixin.py:188} INFO - [2024-06-02T07:48:50.954+0000] {dag.py:3096} INFO - Sync 1 DAGs
[2024-06-02T07:48:51.026+0000] {logging_mixin.py:188} INFO - [2024-06-02T07:48:51.025+0000] {dag.py:3954} INFO - Setting next_dagrun for dag_with_postgres_operator_v01 to 2024-05-14 00:00:00+00:00, run_after=2024-05-15 00:00:00+00:00
[2024-06-02T07:48:51.093+0000] {processor.py:183} INFO - Processing /opt/airflow/dags/create_table.py took 0.286 seconds
[2024-06-02T07:49:21.556+0000] {processor.py:161} INFO - Started process (PID=1567) to work on /opt/airflow/dags/create_table.py
[2024-06-02T07:49:21.557+0000] {processor.py:830} INFO - Processing file /opt/airflow/dags/create_table.py for tasks to queue
[2024-06-02T07:49:21.560+0000] {logging_mixin.py:188} INFO - [2024-06-02T07:49:21.559+0000] {dagbag.py:545} INFO - Filling up the DagBag from /opt/airflow/dags/create_table.py
[2024-06-02T07:49:21.606+0000] {processor.py:840} INFO - DAG(s) 'dag_with_postgres_operator_v01' retrieved from /opt/airflow/dags/create_table.py
[2024-06-02T07:49:21.702+0000] {logging_mixin.py:188} INFO - [2024-06-02T07:49:21.702+0000] {dag.py:3096} INFO - Sync 1 DAGs
[2024-06-02T07:49:21.766+0000] {logging_mixin.py:188} INFO - [2024-06-02T07:49:21.766+0000] {dag.py:3954} INFO - Setting next_dagrun for dag_with_postgres_operator_v01 to 2024-05-14 00:00:00+00:00, run_after=2024-05-15 00:00:00+00:00
[2024-06-02T07:49:21.830+0000] {processor.py:183} INFO - Processing /opt/airflow/dags/create_table.py took 0.288 seconds
[2024-06-02T07:49:52.305+0000] {processor.py:161} INFO - Started process (PID=1583) to work on /opt/airflow/dags/create_table.py
[2024-06-02T07:49:52.306+0000] {processor.py:830} INFO - Processing file /opt/airflow/dags/create_table.py for tasks to queue
[2024-06-02T07:49:52.308+0000] {logging_mixin.py:188} INFO - [2024-06-02T07:49:52.308+0000] {dagbag.py:545} INFO - Filling up the DagBag from /opt/airflow/dags/create_table.py
[2024-06-02T07:49:52.349+0000] {processor.py:840} INFO - DAG(s) 'dag_with_postgres_operator_v01' retrieved from /opt/airflow/dags/create_table.py
[2024-06-02T07:49:52.435+0000] {logging_mixin.py:188} INFO - [2024-06-02T07:49:52.434+0000] {dag.py:3096} INFO - Sync 1 DAGs
[2024-06-02T07:49:52.495+0000] {logging_mixin.py:188} INFO - [2024-06-02T07:49:52.494+0000] {dag.py:3954} INFO - Setting next_dagrun for dag_with_postgres_operator_v01 to 2024-05-14 00:00:00+00:00, run_after=2024-05-15 00:00:00+00:00
[2024-06-02T07:49:52.555+0000] {processor.py:183} INFO - Processing /opt/airflow/dags/create_table.py took 0.262 seconds
[2024-06-02T07:50:23.061+0000] {processor.py:161} INFO - Started process (PID=1599) to work on /opt/airflow/dags/create_table.py
[2024-06-02T07:50:23.063+0000] {processor.py:830} INFO - Processing file /opt/airflow/dags/create_table.py for tasks to queue
[2024-06-02T07:50:23.066+0000] {logging_mixin.py:188} INFO - [2024-06-02T07:50:23.065+0000] {dagbag.py:545} INFO - Filling up the DagBag from /opt/airflow/dags/create_table.py
[2024-06-02T07:50:23.130+0000] {processor.py:840} INFO - DAG(s) 'dag_with_postgres_operator_v01' retrieved from /opt/airflow/dags/create_table.py
[2024-06-02T07:50:23.219+0000] {logging_mixin.py:188} INFO - [2024-06-02T07:50:23.219+0000] {dag.py:3096} INFO - Sync 1 DAGs
[2024-06-02T07:50:23.279+0000] {logging_mixin.py:188} INFO - [2024-06-02T07:50:23.279+0000] {dag.py:3954} INFO - Setting next_dagrun for dag_with_postgres_operator_v01 to 2024-05-14 00:00:00+00:00, run_after=2024-05-15 00:00:00+00:00
[2024-06-02T07:50:23.341+0000] {processor.py:183} INFO - Processing /opt/airflow/dags/create_table.py took 0.294 seconds
[2024-06-02T07:50:53.819+0000] {processor.py:161} INFO - Started process (PID=1615) to work on /opt/airflow/dags/create_table.py
[2024-06-02T07:50:53.821+0000] {processor.py:830} INFO - Processing file /opt/airflow/dags/create_table.py for tasks to queue
[2024-06-02T07:50:53.823+0000] {logging_mixin.py:188} INFO - [2024-06-02T07:50:53.823+0000] {dagbag.py:545} INFO - Filling up the DagBag from /opt/airflow/dags/create_table.py
[2024-06-02T07:50:53.861+0000] {processor.py:840} INFO - DAG(s) 'dag_with_postgres_operator_v01' retrieved from /opt/airflow/dags/create_table.py
[2024-06-02T07:50:53.960+0000] {logging_mixin.py:188} INFO - [2024-06-02T07:50:53.960+0000] {dag.py:3096} INFO - Sync 1 DAGs
[2024-06-02T07:50:54.031+0000] {logging_mixin.py:188} INFO - [2024-06-02T07:50:54.031+0000] {dag.py:3954} INFO - Setting next_dagrun for dag_with_postgres_operator_v01 to 2024-05-14 00:00:00+00:00, run_after=2024-05-15 00:00:00+00:00
[2024-06-02T07:50:54.114+0000] {processor.py:183} INFO - Processing /opt/airflow/dags/create_table.py took 0.306 seconds
[2024-06-02T07:51:24.598+0000] {processor.py:161} INFO - Started process (PID=1631) to work on /opt/airflow/dags/create_table.py
[2024-06-02T07:51:24.599+0000] {processor.py:830} INFO - Processing file /opt/airflow/dags/create_table.py for tasks to queue
[2024-06-02T07:51:24.602+0000] {logging_mixin.py:188} INFO - [2024-06-02T07:51:24.601+0000] {dagbag.py:545} INFO - Filling up the DagBag from /opt/airflow/dags/create_table.py
[2024-06-02T07:51:24.643+0000] {processor.py:840} INFO - DAG(s) 'dag_with_postgres_operator_v01' retrieved from /opt/airflow/dags/create_table.py
[2024-06-02T07:51:24.722+0000] {logging_mixin.py:188} INFO - [2024-06-02T07:51:24.722+0000] {dag.py:3096} INFO - Sync 1 DAGs
[2024-06-02T07:51:24.775+0000] {logging_mixin.py:188} INFO - [2024-06-02T07:51:24.775+0000] {dag.py:3954} INFO - Setting next_dagrun for dag_with_postgres_operator_v01 to 2024-05-14 00:00:00+00:00, run_after=2024-05-15 00:00:00+00:00
[2024-06-02T07:51:24.846+0000] {processor.py:183} INFO - Processing /opt/airflow/dags/create_table.py took 0.259 seconds
[2024-06-02T07:51:55.310+0000] {processor.py:161} INFO - Started process (PID=1647) to work on /opt/airflow/dags/create_table.py
[2024-06-02T07:51:55.313+0000] {processor.py:830} INFO - Processing file /opt/airflow/dags/create_table.py for tasks to queue
[2024-06-02T07:51:55.315+0000] {logging_mixin.py:188} INFO - [2024-06-02T07:51:55.314+0000] {dagbag.py:545} INFO - Filling up the DagBag from /opt/airflow/dags/create_table.py
[2024-06-02T07:51:55.379+0000] {processor.py:840} INFO - DAG(s) 'dag_with_postgres_operator_v01' retrieved from /opt/airflow/dags/create_table.py
[2024-06-02T07:51:55.484+0000] {logging_mixin.py:188} INFO - [2024-06-02T07:51:55.483+0000] {dag.py:3096} INFO - Sync 1 DAGs
[2024-06-02T07:51:55.571+0000] {logging_mixin.py:188} INFO - [2024-06-02T07:51:55.570+0000] {dag.py:3954} INFO - Setting next_dagrun for dag_with_postgres_operator_v01 to 2024-05-14 00:00:00+00:00, run_after=2024-05-15 00:00:00+00:00
[2024-06-02T07:51:55.659+0000] {processor.py:183} INFO - Processing /opt/airflow/dags/create_table.py took 0.364 seconds
[2024-06-02T07:52:26.431+0000] {processor.py:161} INFO - Started process (PID=1663) to work on /opt/airflow/dags/create_table.py
[2024-06-02T07:52:26.433+0000] {processor.py:830} INFO - Processing file /opt/airflow/dags/create_table.py for tasks to queue
[2024-06-02T07:52:26.435+0000] {logging_mixin.py:188} INFO - [2024-06-02T07:52:26.434+0000] {dagbag.py:545} INFO - Filling up the DagBag from /opt/airflow/dags/create_table.py
[2024-06-02T07:52:26.508+0000] {processor.py:840} INFO - DAG(s) 'dag_with_postgres_operator_v01' retrieved from /opt/airflow/dags/create_table.py
[2024-06-02T07:52:26.594+0000] {logging_mixin.py:188} INFO - [2024-06-02T07:52:26.593+0000] {dag.py:3096} INFO - Sync 1 DAGs
[2024-06-02T07:52:26.654+0000] {logging_mixin.py:188} INFO - [2024-06-02T07:52:26.653+0000] {dag.py:3954} INFO - Setting next_dagrun for dag_with_postgres_operator_v01 to 2024-05-14 00:00:00+00:00, run_after=2024-05-15 00:00:00+00:00
[2024-06-02T07:52:26.742+0000] {processor.py:183} INFO - Processing /opt/airflow/dags/create_table.py took 0.323 seconds
[2024-06-02T07:52:56.860+0000] {processor.py:161} INFO - Started process (PID=1679) to work on /opt/airflow/dags/create_table.py
[2024-06-02T07:52:56.862+0000] {processor.py:830} INFO - Processing file /opt/airflow/dags/create_table.py for tasks to queue
[2024-06-02T07:52:56.864+0000] {logging_mixin.py:188} INFO - [2024-06-02T07:52:56.863+0000] {dagbag.py:545} INFO - Filling up the DagBag from /opt/airflow/dags/create_table.py
[2024-06-02T07:52:56.907+0000] {processor.py:840} INFO - DAG(s) 'dag_with_postgres_operator_v01' retrieved from /opt/airflow/dags/create_table.py
[2024-06-02T07:52:56.996+0000] {logging_mixin.py:188} INFO - [2024-06-02T07:52:56.996+0000] {dag.py:3096} INFO - Sync 1 DAGs
[2024-06-02T07:52:57.059+0000] {logging_mixin.py:188} INFO - [2024-06-02T07:52:57.058+0000] {dag.py:3954} INFO - Setting next_dagrun for dag_with_postgres_operator_v01 to 2024-05-14 00:00:00+00:00, run_after=2024-05-15 00:00:00+00:00
[2024-06-02T07:52:57.150+0000] {processor.py:183} INFO - Processing /opt/airflow/dags/create_table.py took 0.303 seconds
[2024-06-02T07:53:27.686+0000] {processor.py:161} INFO - Started process (PID=1698) to work on /opt/airflow/dags/create_table.py
[2024-06-02T07:53:27.708+0000] {processor.py:830} INFO - Processing file /opt/airflow/dags/create_table.py for tasks to queue
[2024-06-02T07:53:27.712+0000] {logging_mixin.py:188} INFO - [2024-06-02T07:53:27.711+0000] {dagbag.py:545} INFO - Filling up the DagBag from /opt/airflow/dags/create_table.py
[2024-06-02T07:53:27.797+0000] {processor.py:840} INFO - DAG(s) 'dag_with_postgres_operator_v01' retrieved from /opt/airflow/dags/create_table.py
[2024-06-02T07:53:27.908+0000] {logging_mixin.py:188} INFO - [2024-06-02T07:53:27.908+0000] {dag.py:3096} INFO - Sync 1 DAGs
[2024-06-02T07:53:27.995+0000] {logging_mixin.py:188} INFO - [2024-06-02T07:53:27.995+0000] {dag.py:3954} INFO - Setting next_dagrun for dag_with_postgres_operator_v01 to 2024-05-14 00:00:00+00:00, run_after=2024-05-15 00:00:00+00:00
[2024-06-02T07:53:28.082+0000] {processor.py:183} INFO - Processing /opt/airflow/dags/create_table.py took 0.410 seconds
[2024-06-02T07:53:58.619+0000] {processor.py:161} INFO - Started process (PID=1714) to work on /opt/airflow/dags/create_table.py
[2024-06-02T07:53:58.621+0000] {processor.py:830} INFO - Processing file /opt/airflow/dags/create_table.py for tasks to queue
[2024-06-02T07:53:58.624+0000] {logging_mixin.py:188} INFO - [2024-06-02T07:53:58.623+0000] {dagbag.py:545} INFO - Filling up the DagBag from /opt/airflow/dags/create_table.py
[2024-06-02T07:53:58.668+0000] {processor.py:840} INFO - DAG(s) 'dag_with_postgres_operator_v01' retrieved from /opt/airflow/dags/create_table.py
[2024-06-02T07:53:58.763+0000] {logging_mixin.py:188} INFO - [2024-06-02T07:53:58.763+0000] {dag.py:3096} INFO - Sync 1 DAGs
[2024-06-02T07:53:58.835+0000] {logging_mixin.py:188} INFO - [2024-06-02T07:53:58.834+0000] {dag.py:3954} INFO - Setting next_dagrun for dag_with_postgres_operator_v01 to 2024-05-14 00:00:00+00:00, run_after=2024-05-15 00:00:00+00:00
[2024-06-02T07:53:58.918+0000] {processor.py:183} INFO - Processing /opt/airflow/dags/create_table.py took 0.313 seconds
[2024-06-02T07:54:29.267+0000] {processor.py:161} INFO - Started process (PID=1730) to work on /opt/airflow/dags/create_table.py
[2024-06-02T07:54:29.269+0000] {processor.py:830} INFO - Processing file /opt/airflow/dags/create_table.py for tasks to queue
[2024-06-02T07:54:29.271+0000] {logging_mixin.py:188} INFO - [2024-06-02T07:54:29.271+0000] {dagbag.py:545} INFO - Filling up the DagBag from /opt/airflow/dags/create_table.py
[2024-06-02T07:54:29.319+0000] {processor.py:840} INFO - DAG(s) 'dag_with_postgres_operator_v01' retrieved from /opt/airflow/dags/create_table.py
[2024-06-02T07:54:29.414+0000] {logging_mixin.py:188} INFO - [2024-06-02T07:54:29.414+0000] {dag.py:3096} INFO - Sync 1 DAGs
[2024-06-02T07:54:29.480+0000] {logging_mixin.py:188} INFO - [2024-06-02T07:54:29.480+0000] {dag.py:3954} INFO - Setting next_dagrun for dag_with_postgres_operator_v01 to 2024-05-14 00:00:00+00:00, run_after=2024-05-15 00:00:00+00:00
[2024-06-02T07:54:29.583+0000] {processor.py:183} INFO - Processing /opt/airflow/dags/create_table.py took 0.329 seconds
[2024-06-02T07:55:00.044+0000] {processor.py:161} INFO - Started process (PID=1746) to work on /opt/airflow/dags/create_table.py
[2024-06-02T07:55:00.046+0000] {processor.py:830} INFO - Processing file /opt/airflow/dags/create_table.py for tasks to queue
[2024-06-02T07:55:00.052+0000] {logging_mixin.py:188} INFO - [2024-06-02T07:55:00.049+0000] {dagbag.py:545} INFO - Filling up the DagBag from /opt/airflow/dags/create_table.py
[2024-06-02T07:55:00.107+0000] {processor.py:840} INFO - DAG(s) 'dag_with_postgres_operator_v01' retrieved from /opt/airflow/dags/create_table.py
[2024-06-02T07:55:00.201+0000] {logging_mixin.py:188} INFO - [2024-06-02T07:55:00.200+0000] {dag.py:3096} INFO - Sync 1 DAGs
[2024-06-02T07:55:00.269+0000] {logging_mixin.py:188} INFO - [2024-06-02T07:55:00.268+0000] {dag.py:3954} INFO - Setting next_dagrun for dag_with_postgres_operator_v01 to 2024-05-14 00:00:00+00:00, run_after=2024-05-15 00:00:00+00:00
[2024-06-02T07:55:00.378+0000] {processor.py:183} INFO - Processing /opt/airflow/dags/create_table.py took 0.349 seconds
[2024-06-02T07:55:30.497+0000] {processor.py:161} INFO - Started process (PID=1762) to work on /opt/airflow/dags/create_table.py
[2024-06-02T07:55:30.499+0000] {processor.py:830} INFO - Processing file /opt/airflow/dags/create_table.py for tasks to queue
[2024-06-02T07:55:30.501+0000] {logging_mixin.py:188} INFO - [2024-06-02T07:55:30.501+0000] {dagbag.py:545} INFO - Filling up the DagBag from /opt/airflow/dags/create_table.py
[2024-06-02T07:55:30.546+0000] {processor.py:840} INFO - DAG(s) 'dag_with_postgres_operator_v01' retrieved from /opt/airflow/dags/create_table.py
[2024-06-02T07:55:30.640+0000] {logging_mixin.py:188} INFO - [2024-06-02T07:55:30.640+0000] {dag.py:3096} INFO - Sync 1 DAGs
[2024-06-02T07:55:30.704+0000] {logging_mixin.py:188} INFO - [2024-06-02T07:55:30.704+0000] {dag.py:3954} INFO - Setting next_dagrun for dag_with_postgres_operator_v01 to 2024-05-14 00:00:00+00:00, run_after=2024-05-15 00:00:00+00:00
[2024-06-02T07:55:30.768+0000] {processor.py:183} INFO - Processing /opt/airflow/dags/create_table.py took 0.283 seconds
[2024-06-02T07:56:00.855+0000] {processor.py:161} INFO - Started process (PID=1778) to work on /opt/airflow/dags/create_table.py
[2024-06-02T07:56:00.856+0000] {processor.py:830} INFO - Processing file /opt/airflow/dags/create_table.py for tasks to queue
[2024-06-02T07:56:00.859+0000] {logging_mixin.py:188} INFO - [2024-06-02T07:56:00.858+0000] {dagbag.py:545} INFO - Filling up the DagBag from /opt/airflow/dags/create_table.py
[2024-06-02T07:56:00.904+0000] {processor.py:840} INFO - DAG(s) 'dag_with_postgres_operator_v01' retrieved from /opt/airflow/dags/create_table.py
[2024-06-02T07:56:01.001+0000] {logging_mixin.py:188} INFO - [2024-06-02T07:56:01.000+0000] {dag.py:3096} INFO - Sync 1 DAGs
[2024-06-02T07:56:01.070+0000] {logging_mixin.py:188} INFO - [2024-06-02T07:56:01.069+0000] {dag.py:3954} INFO - Setting next_dagrun for dag_with_postgres_operator_v01 to 2024-05-14 00:00:00+00:00, run_after=2024-05-15 00:00:00+00:00
[2024-06-02T07:56:01.133+0000] {processor.py:183} INFO - Processing /opt/airflow/dags/create_table.py took 0.288 seconds
[2024-06-02T07:56:31.348+0000] {processor.py:161} INFO - Started process (PID=1794) to work on /opt/airflow/dags/create_table.py
[2024-06-02T07:56:31.350+0000] {processor.py:830} INFO - Processing file /opt/airflow/dags/create_table.py for tasks to queue
[2024-06-02T07:56:31.352+0000] {logging_mixin.py:188} INFO - [2024-06-02T07:56:31.351+0000] {dagbag.py:545} INFO - Filling up the DagBag from /opt/airflow/dags/create_table.py
[2024-06-02T07:56:31.401+0000] {processor.py:840} INFO - DAG(s) 'dag_with_postgres_operator_v01' retrieved from /opt/airflow/dags/create_table.py
[2024-06-02T07:56:31.490+0000] {logging_mixin.py:188} INFO - [2024-06-02T07:56:31.489+0000] {dag.py:3096} INFO - Sync 1 DAGs
[2024-06-02T07:56:31.560+0000] {logging_mixin.py:188} INFO - [2024-06-02T07:56:31.560+0000] {dag.py:3954} INFO - Setting next_dagrun for dag_with_postgres_operator_v01 to 2024-05-14 00:00:00+00:00, run_after=2024-05-15 00:00:00+00:00
[2024-06-02T07:56:31.653+0000] {processor.py:183} INFO - Processing /opt/airflow/dags/create_table.py took 0.318 seconds
[2024-06-02T07:57:02.089+0000] {processor.py:161} INFO - Started process (PID=1810) to work on /opt/airflow/dags/create_table.py
[2024-06-02T07:57:02.091+0000] {processor.py:830} INFO - Processing file /opt/airflow/dags/create_table.py for tasks to queue
[2024-06-02T07:57:02.094+0000] {logging_mixin.py:188} INFO - [2024-06-02T07:57:02.093+0000] {dagbag.py:545} INFO - Filling up the DagBag from /opt/airflow/dags/create_table.py
[2024-06-02T07:57:02.143+0000] {processor.py:840} INFO - DAG(s) 'dag_with_postgres_operator_v01' retrieved from /opt/airflow/dags/create_table.py
[2024-06-02T07:57:02.229+0000] {logging_mixin.py:188} INFO - [2024-06-02T07:57:02.228+0000] {dag.py:3096} INFO - Sync 1 DAGs
[2024-06-02T07:57:02.291+0000] {logging_mixin.py:188} INFO - [2024-06-02T07:57:02.291+0000] {dag.py:3954} INFO - Setting next_dagrun for dag_with_postgres_operator_v01 to 2024-05-14 00:00:00+00:00, run_after=2024-05-15 00:00:00+00:00
[2024-06-02T07:57:02.353+0000] {processor.py:183} INFO - Processing /opt/airflow/dags/create_table.py took 0.276 seconds
[2024-06-02T07:57:33.082+0000] {processor.py:161} INFO - Started process (PID=1826) to work on /opt/airflow/dags/create_table.py
[2024-06-02T07:57:33.084+0000] {processor.py:830} INFO - Processing file /opt/airflow/dags/create_table.py for tasks to queue
[2024-06-02T07:57:33.086+0000] {logging_mixin.py:188} INFO - [2024-06-02T07:57:33.085+0000] {dagbag.py:545} INFO - Filling up the DagBag from /opt/airflow/dags/create_table.py
[2024-06-02T07:57:33.130+0000] {processor.py:840} INFO - DAG(s) 'dag_with_postgres_operator_v01' retrieved from /opt/airflow/dags/create_table.py
[2024-06-02T07:57:33.210+0000] {logging_mixin.py:188} INFO - [2024-06-02T07:57:33.210+0000] {dag.py:3096} INFO - Sync 1 DAGs
[2024-06-02T07:57:33.281+0000] {logging_mixin.py:188} INFO - [2024-06-02T07:57:33.280+0000] {dag.py:3954} INFO - Setting next_dagrun for dag_with_postgres_operator_v01 to 2024-05-14 00:00:00+00:00, run_after=2024-05-15 00:00:00+00:00
[2024-06-02T07:57:33.344+0000] {processor.py:183} INFO - Processing /opt/airflow/dags/create_table.py took 0.275 seconds
[2024-06-02T07:58:03.766+0000] {processor.py:161} INFO - Started process (PID=1842) to work on /opt/airflow/dags/create_table.py
[2024-06-02T07:58:03.768+0000] {processor.py:830} INFO - Processing file /opt/airflow/dags/create_table.py for tasks to queue
[2024-06-02T07:58:03.770+0000] {logging_mixin.py:188} INFO - [2024-06-02T07:58:03.769+0000] {dagbag.py:545} INFO - Filling up the DagBag from /opt/airflow/dags/create_table.py
[2024-06-02T07:58:03.811+0000] {processor.py:840} INFO - DAG(s) 'dag_with_postgres_operator_v01' retrieved from /opt/airflow/dags/create_table.py
[2024-06-02T07:58:03.901+0000] {logging_mixin.py:188} INFO - [2024-06-02T07:58:03.901+0000] {dag.py:3096} INFO - Sync 1 DAGs
[2024-06-02T07:58:03.955+0000] {logging_mixin.py:188} INFO - [2024-06-02T07:58:03.955+0000] {dag.py:3954} INFO - Setting next_dagrun for dag_with_postgres_operator_v01 to 2024-05-14 00:00:00+00:00, run_after=2024-05-15 00:00:00+00:00
[2024-06-02T07:58:04.017+0000] {processor.py:183} INFO - Processing /opt/airflow/dags/create_table.py took 0.260 seconds
[2024-06-02T07:58:34.584+0000] {processor.py:161} INFO - Started process (PID=1858) to work on /opt/airflow/dags/create_table.py
[2024-06-02T07:58:34.586+0000] {processor.py:830} INFO - Processing file /opt/airflow/dags/create_table.py for tasks to queue
[2024-06-02T07:58:34.587+0000] {logging_mixin.py:188} INFO - [2024-06-02T07:58:34.587+0000] {dagbag.py:545} INFO - Filling up the DagBag from /opt/airflow/dags/create_table.py
[2024-06-02T07:58:34.629+0000] {processor.py:840} INFO - DAG(s) 'dag_with_postgres_operator_v01' retrieved from /opt/airflow/dags/create_table.py
[2024-06-02T07:58:34.717+0000] {logging_mixin.py:188} INFO - [2024-06-02T07:58:34.716+0000] {dag.py:3096} INFO - Sync 1 DAGs
[2024-06-02T07:58:34.778+0000] {logging_mixin.py:188} INFO - [2024-06-02T07:58:34.778+0000] {dag.py:3954} INFO - Setting next_dagrun for dag_with_postgres_operator_v01 to 2024-05-14 00:00:00+00:00, run_after=2024-05-15 00:00:00+00:00
[2024-06-02T07:58:34.869+0000] {processor.py:183} INFO - Processing /opt/airflow/dags/create_table.py took 0.296 seconds
[2024-06-02T07:59:05.364+0000] {processor.py:161} INFO - Started process (PID=1872) to work on /opt/airflow/dags/create_table.py
[2024-06-02T07:59:05.366+0000] {processor.py:830} INFO - Processing file /opt/airflow/dags/create_table.py for tasks to queue
[2024-06-02T07:59:05.367+0000] {logging_mixin.py:188} INFO - [2024-06-02T07:59:05.367+0000] {dagbag.py:545} INFO - Filling up the DagBag from /opt/airflow/dags/create_table.py
[2024-06-02T07:59:05.428+0000] {processor.py:840} INFO - DAG(s) 'dag_with_postgres_operator_v01' retrieved from /opt/airflow/dags/create_table.py
[2024-06-02T07:59:05.540+0000] {logging_mixin.py:188} INFO - [2024-06-02T07:59:05.540+0000] {dag.py:3096} INFO - Sync 1 DAGs
[2024-06-02T07:59:05.597+0000] {logging_mixin.py:188} INFO - [2024-06-02T07:59:05.597+0000] {dag.py:3954} INFO - Setting next_dagrun for dag_with_postgres_operator_v01 to 2024-05-14 00:00:00+00:00, run_after=2024-05-15 00:00:00+00:00
[2024-06-02T07:59:05.651+0000] {processor.py:183} INFO - Processing /opt/airflow/dags/create_table.py took 0.299 seconds
[2024-06-02T07:59:36.226+0000] {processor.py:161} INFO - Started process (PID=1887) to work on /opt/airflow/dags/create_table.py
[2024-06-02T07:59:36.228+0000] {processor.py:830} INFO - Processing file /opt/airflow/dags/create_table.py for tasks to queue
[2024-06-02T07:59:36.231+0000] {logging_mixin.py:188} INFO - [2024-06-02T07:59:36.230+0000] {dagbag.py:545} INFO - Filling up the DagBag from /opt/airflow/dags/create_table.py
[2024-06-02T07:59:36.287+0000] {processor.py:840} INFO - DAG(s) 'dag_with_postgres_operator_v01' retrieved from /opt/airflow/dags/create_table.py
[2024-06-02T07:59:36.390+0000] {logging_mixin.py:188} INFO - [2024-06-02T07:59:36.390+0000] {dag.py:3096} INFO - Sync 1 DAGs
[2024-06-02T07:59:36.458+0000] {logging_mixin.py:188} INFO - [2024-06-02T07:59:36.458+0000] {dag.py:3954} INFO - Setting next_dagrun for dag_with_postgres_operator_v01 to 2024-05-14 00:00:00+00:00, run_after=2024-05-15 00:00:00+00:00
[2024-06-02T07:59:36.530+0000] {processor.py:183} INFO - Processing /opt/airflow/dags/create_table.py took 0.319 seconds
[2024-06-02T08:00:06.885+0000] {processor.py:161} INFO - Started process (PID=1900) to work on /opt/airflow/dags/create_table.py
[2024-06-02T08:00:06.887+0000] {processor.py:830} INFO - Processing file /opt/airflow/dags/create_table.py for tasks to queue
[2024-06-02T08:00:06.890+0000] {logging_mixin.py:188} INFO - [2024-06-02T08:00:06.889+0000] {dagbag.py:545} INFO - Filling up the DagBag from /opt/airflow/dags/create_table.py
[2024-06-02T08:00:06.942+0000] {processor.py:840} INFO - DAG(s) 'dag_with_postgres_operator_v01' retrieved from /opt/airflow/dags/create_table.py
[2024-06-02T08:00:07.036+0000] {logging_mixin.py:188} INFO - [2024-06-02T08:00:07.035+0000] {dag.py:3096} INFO - Sync 1 DAGs
[2024-06-02T08:00:07.098+0000] {logging_mixin.py:188} INFO - [2024-06-02T08:00:07.098+0000] {dag.py:3954} INFO - Setting next_dagrun for dag_with_postgres_operator_v01 to 2024-05-14 00:00:00+00:00, run_after=2024-05-15 00:00:00+00:00
[2024-06-02T08:00:07.180+0000] {processor.py:183} INFO - Processing /opt/airflow/dags/create_table.py took 0.309 seconds
[2024-06-02T08:00:37.631+0000] {processor.py:161} INFO - Started process (PID=1916) to work on /opt/airflow/dags/create_table.py
[2024-06-02T08:00:37.633+0000] {processor.py:830} INFO - Processing file /opt/airflow/dags/create_table.py for tasks to queue
[2024-06-02T08:00:37.635+0000] {logging_mixin.py:188} INFO - [2024-06-02T08:00:37.634+0000] {dagbag.py:545} INFO - Filling up the DagBag from /opt/airflow/dags/create_table.py
[2024-06-02T08:00:37.677+0000] {processor.py:840} INFO - DAG(s) 'dag_with_postgres_operator_v01' retrieved from /opt/airflow/dags/create_table.py
[2024-06-02T08:00:37.769+0000] {logging_mixin.py:188} INFO - [2024-06-02T08:00:37.768+0000] {dag.py:3096} INFO - Sync 1 DAGs
[2024-06-02T08:00:37.827+0000] {logging_mixin.py:188} INFO - [2024-06-02T08:00:37.827+0000] {dag.py:3954} INFO - Setting next_dagrun for dag_with_postgres_operator_v01 to 2024-05-14 00:00:00+00:00, run_after=2024-05-15 00:00:00+00:00
[2024-06-02T08:00:37.886+0000] {processor.py:183} INFO - Processing /opt/airflow/dags/create_table.py took 0.265 seconds
[2024-06-02T08:01:08.371+0000] {processor.py:161} INFO - Started process (PID=1932) to work on /opt/airflow/dags/create_table.py
[2024-06-02T08:01:08.373+0000] {processor.py:830} INFO - Processing file /opt/airflow/dags/create_table.py for tasks to queue
[2024-06-02T08:01:08.375+0000] {logging_mixin.py:188} INFO - [2024-06-02T08:01:08.374+0000] {dagbag.py:545} INFO - Filling up the DagBag from /opt/airflow/dags/create_table.py
[2024-06-02T08:01:08.420+0000] {processor.py:840} INFO - DAG(s) 'dag_with_postgres_operator_v01' retrieved from /opt/airflow/dags/create_table.py
[2024-06-02T08:01:08.507+0000] {logging_mixin.py:188} INFO - [2024-06-02T08:01:08.507+0000] {dag.py:3096} INFO - Sync 1 DAGs
[2024-06-02T08:01:08.562+0000] {logging_mixin.py:188} INFO - [2024-06-02T08:01:08.562+0000] {dag.py:3954} INFO - Setting next_dagrun for dag_with_postgres_operator_v01 to 2024-05-14 00:00:00+00:00, run_after=2024-05-15 00:00:00+00:00
[2024-06-02T08:01:08.624+0000] {processor.py:183} INFO - Processing /opt/airflow/dags/create_table.py took 0.262 seconds
[2024-06-02T08:01:39.208+0000] {processor.py:161} INFO - Started process (PID=1948) to work on /opt/airflow/dags/create_table.py
[2024-06-02T08:01:39.210+0000] {processor.py:830} INFO - Processing file /opt/airflow/dags/create_table.py for tasks to queue
[2024-06-02T08:01:39.212+0000] {logging_mixin.py:188} INFO - [2024-06-02T08:01:39.211+0000] {dagbag.py:545} INFO - Filling up the DagBag from /opt/airflow/dags/create_table.py
[2024-06-02T08:01:39.271+0000] {processor.py:840} INFO - DAG(s) 'dag_with_postgres_operator_v01' retrieved from /opt/airflow/dags/create_table.py
[2024-06-02T08:01:39.370+0000] {logging_mixin.py:188} INFO - [2024-06-02T08:01:39.369+0000] {dag.py:3096} INFO - Sync 1 DAGs
[2024-06-02T08:01:39.436+0000] {logging_mixin.py:188} INFO - [2024-06-02T08:01:39.435+0000] {dag.py:3954} INFO - Setting next_dagrun for dag_with_postgres_operator_v01 to 2024-05-14 00:00:00+00:00, run_after=2024-05-15 00:00:00+00:00
[2024-06-02T08:01:39.532+0000] {processor.py:183} INFO - Processing /opt/airflow/dags/create_table.py took 0.334 seconds
[2024-06-02T08:02:10.071+0000] {processor.py:161} INFO - Started process (PID=1964) to work on /opt/airflow/dags/create_table.py
[2024-06-02T08:02:10.074+0000] {processor.py:830} INFO - Processing file /opt/airflow/dags/create_table.py for tasks to queue
[2024-06-02T08:02:10.086+0000] {logging_mixin.py:188} INFO - [2024-06-02T08:02:10.077+0000] {dagbag.py:545} INFO - Filling up the DagBag from /opt/airflow/dags/create_table.py
[2024-06-02T08:02:10.173+0000] {processor.py:840} INFO - DAG(s) 'dag_with_postgres_operator_v01' retrieved from /opt/airflow/dags/create_table.py
[2024-06-02T08:02:10.391+0000] {logging_mixin.py:188} INFO - [2024-06-02T08:02:10.389+0000] {dag.py:3096} INFO - Sync 1 DAGs
[2024-06-02T08:02:10.619+0000] {logging_mixin.py:188} INFO - [2024-06-02T08:02:10.619+0000] {dag.py:3954} INFO - Setting next_dagrun for dag_with_postgres_operator_v01 to 2024-05-14 00:00:00+00:00, run_after=2024-05-15 00:00:00+00:00
[2024-06-02T08:02:10.793+0000] {processor.py:183} INFO - Processing /opt/airflow/dags/create_table.py took 0.756 seconds
[2024-06-02T08:02:51.638+0000] {processor.py:161} INFO - Started process (PID=1980) to work on /opt/airflow/dags/create_table.py
[2024-06-02T08:02:51.640+0000] {processor.py:830} INFO - Processing file /opt/airflow/dags/create_table.py for tasks to queue
[2024-06-02T08:02:51.651+0000] {logging_mixin.py:188} INFO - [2024-06-02T08:02:51.642+0000] {dagbag.py:545} INFO - Filling up the DagBag from /opt/airflow/dags/create_table.py
[2024-06-02T08:02:51.795+0000] {processor.py:840} INFO - DAG(s) 'dag_with_postgres_operator_v01' retrieved from /opt/airflow/dags/create_table.py
[2024-06-02T08:02:52.072+0000] {logging_mixin.py:188} INFO - [2024-06-02T08:02:52.072+0000] {dag.py:3096} INFO - Sync 1 DAGs
[2024-06-02T08:02:52.279+0000] {logging_mixin.py:188} INFO - [2024-06-02T08:02:52.278+0000] {dag.py:3954} INFO - Setting next_dagrun for dag_with_postgres_operator_v01 to 2024-05-14 00:00:00+00:00, run_after=2024-05-15 00:00:00+00:00
[2024-06-02T08:03:06.988+0000] {processor.py:183} INFO - Processing /opt/airflow/dags/create_table.py took 15.387 seconds
[2024-06-02T08:03:37.426+0000] {processor.py:161} INFO - Started process (PID=1994) to work on /opt/airflow/dags/create_table.py
[2024-06-02T08:03:37.428+0000] {processor.py:830} INFO - Processing file /opt/airflow/dags/create_table.py for tasks to queue
[2024-06-02T08:03:37.430+0000] {logging_mixin.py:188} INFO - [2024-06-02T08:03:37.429+0000] {dagbag.py:545} INFO - Filling up the DagBag from /opt/airflow/dags/create_table.py
[2024-06-02T08:03:37.594+0000] {processor.py:840} INFO - DAG(s) 'dag_with_postgres_operator_v01' retrieved from /opt/airflow/dags/create_table.py
[2024-06-02T08:03:37.893+0000] {logging_mixin.py:188} INFO - [2024-06-02T08:03:37.892+0000] {dag.py:3096} INFO - Sync 1 DAGs
[2024-06-02T08:03:38.151+0000] {logging_mixin.py:188} INFO - [2024-06-02T08:03:38.150+0000] {dag.py:3954} INFO - Setting next_dagrun for dag_with_postgres_operator_v01 to 2024-05-14 00:00:00+00:00, run_after=2024-05-15 00:00:00+00:00
[2024-06-02T08:04:02.463+0000] {processor.py:183} INFO - Processing /opt/airflow/dags/create_table.py took 25.080 seconds
[2024-06-02T08:04:33.016+0000] {processor.py:161} INFO - Started process (PID=2009) to work on /opt/airflow/dags/create_table.py
[2024-06-02T08:04:33.018+0000] {processor.py:830} INFO - Processing file /opt/airflow/dags/create_table.py for tasks to queue
[2024-06-02T08:04:33.030+0000] {logging_mixin.py:188} INFO - [2024-06-02T08:04:33.019+0000] {dagbag.py:545} INFO - Filling up the DagBag from /opt/airflow/dags/create_table.py
[2024-06-02T08:04:33.115+0000] {processor.py:840} INFO - DAG(s) 'dag_with_postgres_operator_v01' retrieved from /opt/airflow/dags/create_table.py
[2024-06-02T08:04:33.353+0000] {logging_mixin.py:188} INFO - [2024-06-02T08:04:33.352+0000] {dag.py:3096} INFO - Sync 1 DAGs
[2024-06-02T08:04:33.534+0000] {logging_mixin.py:188} INFO - [2024-06-02T08:04:33.533+0000] {dag.py:3954} INFO - Setting next_dagrun for dag_with_postgres_operator_v01 to 2024-05-14 00:00:00+00:00, run_after=2024-05-15 00:00:00+00:00
[2024-06-02T08:04:37.899+0000] {processor.py:183} INFO - Processing /opt/airflow/dags/create_table.py took 4.920 seconds
[2024-06-02T08:05:08.408+0000] {processor.py:161} INFO - Started process (PID=2025) to work on /opt/airflow/dags/create_table.py
[2024-06-02T08:05:08.410+0000] {processor.py:830} INFO - Processing file /opt/airflow/dags/create_table.py for tasks to queue
[2024-06-02T08:05:08.412+0000] {logging_mixin.py:188} INFO - [2024-06-02T08:05:08.412+0000] {dagbag.py:545} INFO - Filling up the DagBag from /opt/airflow/dags/create_table.py
[2024-06-02T08:05:08.451+0000] {processor.py:840} INFO - DAG(s) 'dag_with_postgres_operator_v01' retrieved from /opt/airflow/dags/create_table.py
[2024-06-02T08:05:08.534+0000] {logging_mixin.py:188} INFO - [2024-06-02T08:05:08.534+0000] {dag.py:3096} INFO - Sync 1 DAGs
[2024-06-02T08:05:08.604+0000] {logging_mixin.py:188} INFO - [2024-06-02T08:05:08.603+0000] {dag.py:3954} INFO - Setting next_dagrun for dag_with_postgres_operator_v01 to 2024-05-14 00:00:00+00:00, run_after=2024-05-15 00:00:00+00:00
[2024-06-02T08:05:08.688+0000] {processor.py:183} INFO - Processing /opt/airflow/dags/create_table.py took 0.293 seconds
[2024-06-02T08:05:39.133+0000] {processor.py:161} INFO - Started process (PID=2038) to work on /opt/airflow/dags/create_table.py
[2024-06-02T08:05:39.135+0000] {processor.py:830} INFO - Processing file /opt/airflow/dags/create_table.py for tasks to queue
[2024-06-02T08:05:39.137+0000] {logging_mixin.py:188} INFO - [2024-06-02T08:05:39.137+0000] {dagbag.py:545} INFO - Filling up the DagBag from /opt/airflow/dags/create_table.py
[2024-06-02T08:05:39.182+0000] {processor.py:840} INFO - DAG(s) 'dag_with_postgres_operator_v01' retrieved from /opt/airflow/dags/create_table.py
[2024-06-02T08:05:39.275+0000] {logging_mixin.py:188} INFO - [2024-06-02T08:05:39.274+0000] {dag.py:3096} INFO - Sync 1 DAGs
[2024-06-02T08:05:39.335+0000] {logging_mixin.py:188} INFO - [2024-06-02T08:05:39.335+0000] {dag.py:3954} INFO - Setting next_dagrun for dag_with_postgres_operator_v01 to 2024-05-14 00:00:00+00:00, run_after=2024-05-15 00:00:00+00:00
[2024-06-02T08:05:39.421+0000] {processor.py:183} INFO - Processing /opt/airflow/dags/create_table.py took 0.299 seconds
[2024-06-02T08:06:09.909+0000] {processor.py:161} INFO - Started process (PID=2054) to work on /opt/airflow/dags/create_table.py
[2024-06-02T08:06:09.911+0000] {processor.py:830} INFO - Processing file /opt/airflow/dags/create_table.py for tasks to queue
[2024-06-02T08:06:09.913+0000] {logging_mixin.py:188} INFO - [2024-06-02T08:06:09.912+0000] {dagbag.py:545} INFO - Filling up the DagBag from /opt/airflow/dags/create_table.py
[2024-06-02T08:06:09.963+0000] {processor.py:840} INFO - DAG(s) 'dag_with_postgres_operator_v01' retrieved from /opt/airflow/dags/create_table.py
[2024-06-02T08:06:10.051+0000] {logging_mixin.py:188} INFO - [2024-06-02T08:06:10.051+0000] {dag.py:3096} INFO - Sync 1 DAGs
[2024-06-02T08:06:10.112+0000] {logging_mixin.py:188} INFO - [2024-06-02T08:06:10.112+0000] {dag.py:3954} INFO - Setting next_dagrun for dag_with_postgres_operator_v01 to 2024-05-14 00:00:00+00:00, run_after=2024-05-15 00:00:00+00:00
[2024-06-02T08:06:10.203+0000] {processor.py:183} INFO - Processing /opt/airflow/dags/create_table.py took 0.305 seconds
[2024-06-02T08:06:40.995+0000] {processor.py:161} INFO - Started process (PID=2070) to work on /opt/airflow/dags/create_table.py
[2024-06-02T08:06:40.996+0000] {processor.py:830} INFO - Processing file /opt/airflow/dags/create_table.py for tasks to queue
[2024-06-02T08:06:40.998+0000] {logging_mixin.py:188} INFO - [2024-06-02T08:06:40.998+0000] {dagbag.py:545} INFO - Filling up the DagBag from /opt/airflow/dags/create_table.py
[2024-06-02T08:06:41.040+0000] {processor.py:840} INFO - DAG(s) 'dag_with_postgres_operator_v01' retrieved from /opt/airflow/dags/create_table.py
[2024-06-02T08:06:41.125+0000] {logging_mixin.py:188} INFO - [2024-06-02T08:06:41.124+0000] {dag.py:3096} INFO - Sync 1 DAGs
[2024-06-02T08:06:41.183+0000] {logging_mixin.py:188} INFO - [2024-06-02T08:06:41.183+0000] {dag.py:3954} INFO - Setting next_dagrun for dag_with_postgres_operator_v01 to 2024-05-14 00:00:00+00:00, run_after=2024-05-15 00:00:00+00:00
[2024-06-02T08:06:41.272+0000] {processor.py:183} INFO - Processing /opt/airflow/dags/create_table.py took 0.289 seconds
[2024-06-02T08:07:11.696+0000] {processor.py:161} INFO - Started process (PID=2086) to work on /opt/airflow/dags/create_table.py
[2024-06-02T08:07:11.698+0000] {processor.py:830} INFO - Processing file /opt/airflow/dags/create_table.py for tasks to queue
[2024-06-02T08:07:11.699+0000] {logging_mixin.py:188} INFO - [2024-06-02T08:07:11.699+0000] {dagbag.py:545} INFO - Filling up the DagBag from /opt/airflow/dags/create_table.py
[2024-06-02T08:07:11.747+0000] {processor.py:840} INFO - DAG(s) 'dag_with_postgres_operator_v01' retrieved from /opt/airflow/dags/create_table.py
[2024-06-02T08:07:11.827+0000] {logging_mixin.py:188} INFO - [2024-06-02T08:07:11.827+0000] {dag.py:3096} INFO - Sync 1 DAGs
[2024-06-02T08:07:11.890+0000] {logging_mixin.py:188} INFO - [2024-06-02T08:07:11.890+0000] {dag.py:3954} INFO - Setting next_dagrun for dag_with_postgres_operator_v01 to 2024-05-14 00:00:00+00:00, run_after=2024-05-15 00:00:00+00:00
[2024-06-02T08:07:11.973+0000] {processor.py:183} INFO - Processing /opt/airflow/dags/create_table.py took 0.289 seconds
[2024-06-02T08:07:42.417+0000] {processor.py:161} INFO - Started process (PID=2102) to work on /opt/airflow/dags/create_table.py
[2024-06-02T08:07:42.419+0000] {processor.py:830} INFO - Processing file /opt/airflow/dags/create_table.py for tasks to queue
[2024-06-02T08:07:42.421+0000] {logging_mixin.py:188} INFO - [2024-06-02T08:07:42.420+0000] {dagbag.py:545} INFO - Filling up the DagBag from /opt/airflow/dags/create_table.py
[2024-06-02T08:07:42.462+0000] {processor.py:840} INFO - DAG(s) 'dag_with_postgres_operator_v01' retrieved from /opt/airflow/dags/create_table.py
[2024-06-02T08:07:42.544+0000] {logging_mixin.py:188} INFO - [2024-06-02T08:07:42.543+0000] {dag.py:3096} INFO - Sync 1 DAGs
[2024-06-02T08:07:42.605+0000] {logging_mixin.py:188} INFO - [2024-06-02T08:07:42.605+0000] {dag.py:3954} INFO - Setting next_dagrun for dag_with_postgres_operator_v01 to 2024-05-14 00:00:00+00:00, run_after=2024-05-15 00:00:00+00:00
[2024-06-02T08:07:42.694+0000] {processor.py:183} INFO - Processing /opt/airflow/dags/create_table.py took 0.286 seconds
[2024-06-02T08:08:13.392+0000] {processor.py:161} INFO - Started process (PID=2118) to work on /opt/airflow/dags/create_table.py
[2024-06-02T08:08:13.394+0000] {processor.py:830} INFO - Processing file /opt/airflow/dags/create_table.py for tasks to queue
[2024-06-02T08:08:13.397+0000] {logging_mixin.py:188} INFO - [2024-06-02T08:08:13.396+0000] {dagbag.py:545} INFO - Filling up the DagBag from /opt/airflow/dags/create_table.py
[2024-06-02T08:08:13.439+0000] {processor.py:840} INFO - DAG(s) 'dag_with_postgres_operator_v01' retrieved from /opt/airflow/dags/create_table.py
[2024-06-02T08:08:13.529+0000] {logging_mixin.py:188} INFO - [2024-06-02T08:08:13.528+0000] {dag.py:3096} INFO - Sync 1 DAGs
[2024-06-02T08:08:13.593+0000] {logging_mixin.py:188} INFO - [2024-06-02T08:08:13.592+0000] {dag.py:3954} INFO - Setting next_dagrun for dag_with_postgres_operator_v01 to 2024-05-14 00:00:00+00:00, run_after=2024-05-15 00:00:00+00:00
[2024-06-02T08:08:13.687+0000] {processor.py:183} INFO - Processing /opt/airflow/dags/create_table.py took 0.307 seconds
[2024-06-02T08:08:44.252+0000] {processor.py:161} INFO - Started process (PID=2134) to work on /opt/airflow/dags/create_table.py
[2024-06-02T08:08:44.254+0000] {processor.py:830} INFO - Processing file /opt/airflow/dags/create_table.py for tasks to queue
[2024-06-02T08:08:44.257+0000] {logging_mixin.py:188} INFO - [2024-06-02T08:08:44.256+0000] {dagbag.py:545} INFO - Filling up the DagBag from /opt/airflow/dags/create_table.py
[2024-06-02T08:08:44.299+0000] {processor.py:840} INFO - DAG(s) 'dag_with_postgres_operator_v01' retrieved from /opt/airflow/dags/create_table.py
[2024-06-02T08:08:44.375+0000] {logging_mixin.py:188} INFO - [2024-06-02T08:08:44.375+0000] {dag.py:3096} INFO - Sync 1 DAGs
[2024-06-02T08:08:44.440+0000] {logging_mixin.py:188} INFO - [2024-06-02T08:08:44.439+0000] {dag.py:3954} INFO - Setting next_dagrun for dag_with_postgres_operator_v01 to 2024-05-14 00:00:00+00:00, run_after=2024-05-15 00:00:00+00:00
[2024-06-02T08:08:44.502+0000] {processor.py:183} INFO - Processing /opt/airflow/dags/create_table.py took 0.261 seconds
[2024-06-02T08:09:15.152+0000] {processor.py:161} INFO - Started process (PID=2150) to work on /opt/airflow/dags/create_table.py
[2024-06-02T08:09:15.154+0000] {processor.py:830} INFO - Processing file /opt/airflow/dags/create_table.py for tasks to queue
[2024-06-02T08:09:15.155+0000] {logging_mixin.py:188} INFO - [2024-06-02T08:09:15.155+0000] {dagbag.py:545} INFO - Filling up the DagBag from /opt/airflow/dags/create_table.py
[2024-06-02T08:09:15.193+0000] {processor.py:840} INFO - DAG(s) 'dag_with_postgres_operator_v01' retrieved from /opt/airflow/dags/create_table.py
[2024-06-02T08:09:15.278+0000] {logging_mixin.py:188} INFO - [2024-06-02T08:09:15.278+0000] {dag.py:3096} INFO - Sync 1 DAGs
[2024-06-02T08:09:15.336+0000] {logging_mixin.py:188} INFO - [2024-06-02T08:09:15.335+0000] {dag.py:3954} INFO - Setting next_dagrun for dag_with_postgres_operator_v01 to 2024-05-14 00:00:00+00:00, run_after=2024-05-15 00:00:00+00:00
[2024-06-02T08:09:15.416+0000] {processor.py:183} INFO - Processing /opt/airflow/dags/create_table.py took 0.273 seconds
[2024-06-02T08:09:45.844+0000] {processor.py:161} INFO - Started process (PID=2166) to work on /opt/airflow/dags/create_table.py
[2024-06-02T08:09:45.845+0000] {processor.py:830} INFO - Processing file /opt/airflow/dags/create_table.py for tasks to queue
[2024-06-02T08:09:45.847+0000] {logging_mixin.py:188} INFO - [2024-06-02T08:09:45.846+0000] {dagbag.py:545} INFO - Filling up the DagBag from /opt/airflow/dags/create_table.py
[2024-06-02T08:09:45.886+0000] {processor.py:840} INFO - DAG(s) 'dag_with_postgres_operator_v01' retrieved from /opt/airflow/dags/create_table.py
[2024-06-02T08:09:45.970+0000] {logging_mixin.py:188} INFO - [2024-06-02T08:09:45.969+0000] {dag.py:3096} INFO - Sync 1 DAGs
[2024-06-02T08:09:46.037+0000] {logging_mixin.py:188} INFO - [2024-06-02T08:09:46.036+0000] {dag.py:3954} INFO - Setting next_dagrun for dag_with_postgres_operator_v01 to 2024-05-14 00:00:00+00:00, run_after=2024-05-15 00:00:00+00:00
[2024-06-02T08:09:46.103+0000] {processor.py:183} INFO - Processing /opt/airflow/dags/create_table.py took 0.272 seconds
[2024-06-02T08:10:16.634+0000] {processor.py:161} INFO - Started process (PID=2182) to work on /opt/airflow/dags/create_table.py
[2024-06-02T08:10:16.636+0000] {processor.py:830} INFO - Processing file /opt/airflow/dags/create_table.py for tasks to queue
[2024-06-02T08:10:16.638+0000] {logging_mixin.py:188} INFO - [2024-06-02T08:10:16.637+0000] {dagbag.py:545} INFO - Filling up the DagBag from /opt/airflow/dags/create_table.py
[2024-06-02T08:10:16.678+0000] {processor.py:840} INFO - DAG(s) 'dag_with_postgres_operator_v01' retrieved from /opt/airflow/dags/create_table.py
[2024-06-02T08:10:16.761+0000] {logging_mixin.py:188} INFO - [2024-06-02T08:10:16.761+0000] {dag.py:3096} INFO - Sync 1 DAGs
[2024-06-02T08:10:16.825+0000] {logging_mixin.py:188} INFO - [2024-06-02T08:10:16.825+0000] {dag.py:3954} INFO - Setting next_dagrun for dag_with_postgres_operator_v01 to 2024-05-14 00:00:00+00:00, run_after=2024-05-15 00:00:00+00:00
[2024-06-02T08:10:16.897+0000] {processor.py:183} INFO - Processing /opt/airflow/dags/create_table.py took 0.276 seconds
[2024-06-02T08:10:47.424+0000] {processor.py:161} INFO - Started process (PID=2198) to work on /opt/airflow/dags/create_table.py
[2024-06-02T08:10:47.426+0000] {processor.py:830} INFO - Processing file /opt/airflow/dags/create_table.py for tasks to queue
[2024-06-02T08:10:47.428+0000] {logging_mixin.py:188} INFO - [2024-06-02T08:10:47.427+0000] {dagbag.py:545} INFO - Filling up the DagBag from /opt/airflow/dags/create_table.py
[2024-06-02T08:10:47.468+0000] {processor.py:840} INFO - DAG(s) 'dag_with_postgres_operator_v01' retrieved from /opt/airflow/dags/create_table.py
[2024-06-02T08:10:47.549+0000] {logging_mixin.py:188} INFO - [2024-06-02T08:10:47.548+0000] {dag.py:3096} INFO - Sync 1 DAGs
[2024-06-02T08:10:47.617+0000] {logging_mixin.py:188} INFO - [2024-06-02T08:10:47.617+0000] {dag.py:3954} INFO - Setting next_dagrun for dag_with_postgres_operator_v01 to 2024-05-14 00:00:00+00:00, run_after=2024-05-15 00:00:00+00:00
[2024-06-02T08:10:47.677+0000] {processor.py:183} INFO - Processing /opt/airflow/dags/create_table.py took 0.263 seconds
[2024-06-02T08:11:18.292+0000] {processor.py:161} INFO - Started process (PID=2214) to work on /opt/airflow/dags/create_table.py
[2024-06-02T08:11:18.294+0000] {processor.py:830} INFO - Processing file /opt/airflow/dags/create_table.py for tasks to queue
[2024-06-02T08:11:18.296+0000] {logging_mixin.py:188} INFO - [2024-06-02T08:11:18.296+0000] {dagbag.py:545} INFO - Filling up the DagBag from /opt/airflow/dags/create_table.py
[2024-06-02T08:11:18.338+0000] {processor.py:840} INFO - DAG(s) 'dag_with_postgres_operator_v01' retrieved from /opt/airflow/dags/create_table.py
[2024-06-02T08:11:18.419+0000] {logging_mixin.py:188} INFO - [2024-06-02T08:11:18.419+0000] {dag.py:3096} INFO - Sync 1 DAGs
[2024-06-02T08:11:18.487+0000] {logging_mixin.py:188} INFO - [2024-06-02T08:11:18.487+0000] {dag.py:3954} INFO - Setting next_dagrun for dag_with_postgres_operator_v01 to 2024-05-14 00:00:00+00:00, run_after=2024-05-15 00:00:00+00:00
[2024-06-02T08:11:18.577+0000] {processor.py:183} INFO - Processing /opt/airflow/dags/create_table.py took 0.299 seconds
[2024-06-02T08:11:49.005+0000] {processor.py:161} INFO - Started process (PID=2230) to work on /opt/airflow/dags/create_table.py
[2024-06-02T08:11:49.007+0000] {processor.py:830} INFO - Processing file /opt/airflow/dags/create_table.py for tasks to queue
[2024-06-02T08:11:49.009+0000] {logging_mixin.py:188} INFO - [2024-06-02T08:11:49.008+0000] {dagbag.py:545} INFO - Filling up the DagBag from /opt/airflow/dags/create_table.py
[2024-06-02T08:11:49.055+0000] {processor.py:840} INFO - DAG(s) 'dag_with_postgres_operator_v01' retrieved from /opt/airflow/dags/create_table.py
[2024-06-02T08:11:49.141+0000] {logging_mixin.py:188} INFO - [2024-06-02T08:11:49.141+0000] {dag.py:3096} INFO - Sync 1 DAGs
[2024-06-02T08:11:49.201+0000] {logging_mixin.py:188} INFO - [2024-06-02T08:11:49.200+0000] {dag.py:3954} INFO - Setting next_dagrun for dag_with_postgres_operator_v01 to 2024-05-14 00:00:00+00:00, run_after=2024-05-15 00:00:00+00:00
[2024-06-02T08:11:49.289+0000] {processor.py:183} INFO - Processing /opt/airflow/dags/create_table.py took 0.298 seconds
[2024-06-02T08:12:19.779+0000] {processor.py:161} INFO - Started process (PID=2246) to work on /opt/airflow/dags/create_table.py
[2024-06-02T08:12:19.781+0000] {processor.py:830} INFO - Processing file /opt/airflow/dags/create_table.py for tasks to queue
[2024-06-02T08:12:19.783+0000] {logging_mixin.py:188} INFO - [2024-06-02T08:12:19.783+0000] {dagbag.py:545} INFO - Filling up the DagBag from /opt/airflow/dags/create_table.py
[2024-06-02T08:12:19.832+0000] {processor.py:840} INFO - DAG(s) 'dag_with_postgres_operator_v01' retrieved from /opt/airflow/dags/create_table.py
[2024-06-02T08:12:19.924+0000] {logging_mixin.py:188} INFO - [2024-06-02T08:12:19.923+0000] {dag.py:3096} INFO - Sync 1 DAGs
[2024-06-02T08:12:19.989+0000] {logging_mixin.py:188} INFO - [2024-06-02T08:12:19.989+0000] {dag.py:3954} INFO - Setting next_dagrun for dag_with_postgres_operator_v01 to 2024-05-14 00:00:00+00:00, run_after=2024-05-15 00:00:00+00:00
[2024-06-02T08:12:20.077+0000] {processor.py:183} INFO - Processing /opt/airflow/dags/create_table.py took 0.311 seconds
[2024-06-02T08:12:50.192+0000] {processor.py:161} INFO - Started process (PID=2262) to work on /opt/airflow/dags/create_table.py
[2024-06-02T08:12:50.194+0000] {processor.py:830} INFO - Processing file /opt/airflow/dags/create_table.py for tasks to queue
[2024-06-02T08:12:50.196+0000] {logging_mixin.py:188} INFO - [2024-06-02T08:12:50.195+0000] {dagbag.py:545} INFO - Filling up the DagBag from /opt/airflow/dags/create_table.py
[2024-06-02T08:12:50.245+0000] {processor.py:840} INFO - DAG(s) 'dag_with_postgres_operator_v01' retrieved from /opt/airflow/dags/create_table.py
[2024-06-02T08:12:50.334+0000] {logging_mixin.py:188} INFO - [2024-06-02T08:12:50.333+0000] {dag.py:3096} INFO - Sync 1 DAGs
[2024-06-02T08:12:50.402+0000] {logging_mixin.py:188} INFO - [2024-06-02T08:12:50.401+0000] {dag.py:3954} INFO - Setting next_dagrun for dag_with_postgres_operator_v01 to 2024-05-14 00:00:00+00:00, run_after=2024-05-15 00:00:00+00:00
[2024-06-02T08:12:50.459+0000] {processor.py:183} INFO - Processing /opt/airflow/dags/create_table.py took 0.280 seconds
[2024-06-02T08:13:21.150+0000] {processor.py:161} INFO - Started process (PID=2278) to work on /opt/airflow/dags/create_table.py
[2024-06-02T08:13:21.154+0000] {processor.py:830} INFO - Processing file /opt/airflow/dags/create_table.py for tasks to queue
[2024-06-02T08:13:21.166+0000] {logging_mixin.py:188} INFO - [2024-06-02T08:13:21.165+0000] {dagbag.py:545} INFO - Filling up the DagBag from /opt/airflow/dags/create_table.py
[2024-06-02T08:13:21.265+0000] {processor.py:840} INFO - DAG(s) 'dag_with_postgres_operator_v01' retrieved from /opt/airflow/dags/create_table.py
[2024-06-02T08:13:21.460+0000] {logging_mixin.py:188} INFO - [2024-06-02T08:13:21.459+0000] {dag.py:3096} INFO - Sync 1 DAGs
[2024-06-02T08:13:21.651+0000] {logging_mixin.py:188} INFO - [2024-06-02T08:13:21.651+0000] {dag.py:3954} INFO - Setting next_dagrun for dag_with_postgres_operator_v01 to 2024-05-14 00:00:00+00:00, run_after=2024-05-15 00:00:00+00:00
[2024-06-02T08:13:21.786+0000] {processor.py:183} INFO - Processing /opt/airflow/dags/create_table.py took 0.670 seconds
[2024-06-02T08:13:52.456+0000] {processor.py:161} INFO - Started process (PID=2294) to work on /opt/airflow/dags/create_table.py
[2024-06-02T08:13:52.458+0000] {processor.py:830} INFO - Processing file /opt/airflow/dags/create_table.py for tasks to queue
[2024-06-02T08:13:52.470+0000] {logging_mixin.py:188} INFO - [2024-06-02T08:13:52.459+0000] {dagbag.py:545} INFO - Filling up the DagBag from /opt/airflow/dags/create_table.py
[2024-06-02T08:13:52.558+0000] {processor.py:840} INFO - DAG(s) 'dag_with_postgres_operator_v01' retrieved from /opt/airflow/dags/create_table.py
[2024-06-02T08:13:52.793+0000] {logging_mixin.py:188} INFO - [2024-06-02T08:13:52.792+0000] {dag.py:3096} INFO - Sync 1 DAGs
[2024-06-02T08:13:52.968+0000] {logging_mixin.py:188} INFO - [2024-06-02T08:13:52.967+0000] {dag.py:3954} INFO - Setting next_dagrun for dag_with_postgres_operator_v01 to 2024-05-14 00:00:00+00:00, run_after=2024-05-15 00:00:00+00:00
[2024-06-02T08:13:53.164+0000] {processor.py:183} INFO - Processing /opt/airflow/dags/create_table.py took 0.739 seconds
[2024-06-02T08:14:23.523+0000] {processor.py:161} INFO - Started process (PID=2310) to work on /opt/airflow/dags/create_table.py
[2024-06-02T08:14:23.525+0000] {processor.py:830} INFO - Processing file /opt/airflow/dags/create_table.py for tasks to queue
[2024-06-02T08:14:23.535+0000] {logging_mixin.py:188} INFO - [2024-06-02T08:14:23.534+0000] {dagbag.py:545} INFO - Filling up the DagBag from /opt/airflow/dags/create_table.py
[2024-06-02T08:14:23.629+0000] {processor.py:840} INFO - DAG(s) 'dag_with_postgres_operator_v01' retrieved from /opt/airflow/dags/create_table.py
[2024-06-02T08:14:23.832+0000] {logging_mixin.py:188} INFO - [2024-06-02T08:14:23.831+0000] {dag.py:3096} INFO - Sync 1 DAGs
[2024-06-02T08:14:24.009+0000] {logging_mixin.py:188} INFO - [2024-06-02T08:14:24.009+0000] {dag.py:3954} INFO - Setting next_dagrun for dag_with_postgres_operator_v01 to 2024-05-14 00:00:00+00:00, run_after=2024-05-15 00:00:00+00:00
[2024-06-02T08:14:24.174+0000] {processor.py:183} INFO - Processing /opt/airflow/dags/create_table.py took 0.683 seconds
[2024-06-02T08:14:54.540+0000] {processor.py:161} INFO - Started process (PID=2326) to work on /opt/airflow/dags/create_table.py
[2024-06-02T08:14:54.547+0000] {processor.py:830} INFO - Processing file /opt/airflow/dags/create_table.py for tasks to queue
[2024-06-02T08:14:54.555+0000] {logging_mixin.py:188} INFO - [2024-06-02T08:14:54.548+0000] {dagbag.py:545} INFO - Filling up the DagBag from /opt/airflow/dags/create_table.py
[2024-06-02T08:14:54.678+0000] {processor.py:840} INFO - DAG(s) 'dag_with_postgres_operator_v01' retrieved from /opt/airflow/dags/create_table.py
[2024-06-02T08:14:54.841+0000] {logging_mixin.py:188} INFO - [2024-06-02T08:14:54.840+0000] {dag.py:3096} INFO - Sync 1 DAGs
[2024-06-02T08:14:54.985+0000] {logging_mixin.py:188} INFO - [2024-06-02T08:14:54.977+0000] {dag.py:3954} INFO - Setting next_dagrun for dag_with_postgres_operator_v01 to 2024-05-14 00:00:00+00:00, run_after=2024-05-15 00:00:00+00:00
[2024-06-02T08:14:55.131+0000] {processor.py:183} INFO - Processing /opt/airflow/dags/create_table.py took 0.640 seconds
[2024-06-02T08:15:25.602+0000] {processor.py:161} INFO - Started process (PID=2340) to work on /opt/airflow/dags/create_table.py
[2024-06-02T08:15:25.622+0000] {processor.py:830} INFO - Processing file /opt/airflow/dags/create_table.py for tasks to queue
[2024-06-02T08:15:25.629+0000] {logging_mixin.py:188} INFO - [2024-06-02T08:15:25.626+0000] {dagbag.py:545} INFO - Filling up the DagBag from /opt/airflow/dags/create_table.py
[2024-06-02T08:15:25.767+0000] {processor.py:840} INFO - DAG(s) 'dag_with_postgres_operator_v01' retrieved from /opt/airflow/dags/create_table.py
[2024-06-02T08:15:26.045+0000] {logging_mixin.py:188} INFO - [2024-06-02T08:15:26.043+0000] {dag.py:3096} INFO - Sync 1 DAGs
[2024-06-02T08:15:26.234+0000] {logging_mixin.py:188} INFO - [2024-06-02T08:15:26.234+0000] {dag.py:3954} INFO - Setting next_dagrun for dag_with_postgres_operator_v01 to 2024-05-14 00:00:00+00:00, run_after=2024-05-15 00:00:00+00:00
[2024-06-02T08:15:46.373+0000] {processor.py:183} INFO - Processing /opt/airflow/dags/create_table.py took 20.801 seconds
[2024-06-02T08:16:17.038+0000] {processor.py:161} INFO - Started process (PID=2355) to work on /opt/airflow/dags/create_table.py
[2024-06-02T08:16:17.040+0000] {processor.py:830} INFO - Processing file /opt/airflow/dags/create_table.py for tasks to queue
[2024-06-02T08:16:17.052+0000] {logging_mixin.py:188} INFO - [2024-06-02T08:16:17.051+0000] {dagbag.py:545} INFO - Filling up the DagBag from /opt/airflow/dags/create_table.py
[2024-06-02T08:16:17.157+0000] {processor.py:840} INFO - DAG(s) 'dag_with_postgres_operator_v01' retrieved from /opt/airflow/dags/create_table.py
[2024-06-02T08:16:17.331+0000] {logging_mixin.py:188} INFO - [2024-06-02T08:16:17.330+0000] {dag.py:3096} INFO - Sync 1 DAGs
[2024-06-02T08:16:17.520+0000] {logging_mixin.py:188} INFO - [2024-06-02T08:16:17.520+0000] {dag.py:3954} INFO - Setting next_dagrun for dag_with_postgres_operator_v01 to 2024-05-14 00:00:00+00:00, run_after=2024-05-15 00:00:00+00:00
[2024-06-02T08:16:23.283+0000] {processor.py:183} INFO - Processing /opt/airflow/dags/create_table.py took 6.277 seconds
[2024-06-02T08:17:07.939+0000] {processor.py:161} INFO - Started process (PID=2364) to work on /opt/airflow/dags/create_table.py
[2024-06-02T08:17:07.941+0000] {processor.py:830} INFO - Processing file /opt/airflow/dags/create_table.py for tasks to queue
[2024-06-02T08:17:07.943+0000] {logging_mixin.py:188} INFO - [2024-06-02T08:17:07.942+0000] {dagbag.py:545} INFO - Filling up the DagBag from /opt/airflow/dags/create_table.py
[2024-06-02T08:17:08.052+0000] {processor.py:840} INFO - DAG(s) 'dag_with_postgres_operator_v01' retrieved from /opt/airflow/dags/create_table.py
[2024-06-02T08:17:08.247+0000] {logging_mixin.py:188} INFO - [2024-06-02T08:17:08.246+0000] {dag.py:3096} INFO - Sync 1 DAGs
[2024-06-02T08:17:08.659+0000] {logging_mixin.py:188} INFO - [2024-06-02T08:17:08.659+0000] {dag.py:3954} INFO - Setting next_dagrun for dag_with_postgres_operator_v01 to 2024-05-14 00:00:00+00:00, run_after=2024-05-15 00:00:00+00:00
[2024-06-02T08:17:18.421+0000] {processor.py:183} INFO - Processing /opt/airflow/dags/create_table.py took 10.511 seconds
[2024-06-02T08:17:58.735+0000] {processor.py:161} INFO - Started process (PID=2380) to work on /opt/airflow/dags/create_table.py
[2024-06-02T08:17:58.737+0000] {processor.py:830} INFO - Processing file /opt/airflow/dags/create_table.py for tasks to queue
[2024-06-02T08:17:58.739+0000] {logging_mixin.py:188} INFO - [2024-06-02T08:17:58.738+0000] {dagbag.py:545} INFO - Filling up the DagBag from /opt/airflow/dags/create_table.py
[2024-06-02T08:17:58.836+0000] {processor.py:840} INFO - DAG(s) 'dag_with_postgres_operator_v01' retrieved from /opt/airflow/dags/create_table.py
[2024-06-02T08:17:59.054+0000] {logging_mixin.py:188} INFO - [2024-06-02T08:17:59.053+0000] {dag.py:3096} INFO - Sync 1 DAGs
[2024-06-02T08:17:59.263+0000] {logging_mixin.py:188} INFO - [2024-06-02T08:17:59.251+0000] {dag.py:3954} INFO - Setting next_dagrun for dag_with_postgres_operator_v01 to 2024-05-14 00:00:00+00:00, run_after=2024-05-15 00:00:00+00:00
[2024-06-02T08:18:13.797+0000] {processor.py:183} INFO - Processing /opt/airflow/dags/create_table.py took 15.096 seconds
[2024-06-02T08:19:11.946+0000] {processor.py:161} INFO - Started process (PID=2396) to work on /opt/airflow/dags/create_table.py
[2024-06-02T08:19:11.949+0000] {processor.py:830} INFO - Processing file /opt/airflow/dags/create_table.py for tasks to queue
[2024-06-02T08:19:11.961+0000] {logging_mixin.py:188} INFO - [2024-06-02T08:19:11.959+0000] {dagbag.py:545} INFO - Filling up the DagBag from /opt/airflow/dags/create_table.py
[2024-06-02T08:19:12.100+0000] {processor.py:840} INFO - DAG(s) 'dag_with_postgres_operator_v01' retrieved from /opt/airflow/dags/create_table.py
[2024-06-02T08:19:12.359+0000] {logging_mixin.py:188} INFO - [2024-06-02T08:19:12.358+0000] {dag.py:3096} INFO - Sync 1 DAGs
[2024-06-02T08:19:12.564+0000] {logging_mixin.py:188} INFO - [2024-06-02T08:19:12.563+0000] {dag.py:3954} INFO - Setting next_dagrun for dag_with_postgres_operator_v01 to 2024-05-14 00:00:00+00:00, run_after=2024-05-15 00:00:00+00:00
[2024-06-02T08:19:15.910+0000] {processor.py:183} INFO - Processing /opt/airflow/dags/create_table.py took 3.993 seconds
[2024-06-02T08:19:46.719+0000] {processor.py:161} INFO - Started process (PID=2410) to work on /opt/airflow/dags/create_table.py
[2024-06-02T08:19:46.729+0000] {processor.py:830} INFO - Processing file /opt/airflow/dags/create_table.py for tasks to queue
[2024-06-02T08:19:46.732+0000] {logging_mixin.py:188} INFO - [2024-06-02T08:19:46.731+0000] {dagbag.py:545} INFO - Filling up the DagBag from /opt/airflow/dags/create_table.py
[2024-06-02T08:19:46.816+0000] {processor.py:840} INFO - DAG(s) 'dag_with_postgres_operator_v01' retrieved from /opt/airflow/dags/create_table.py
[2024-06-02T08:19:47.044+0000] {logging_mixin.py:188} INFO - [2024-06-02T08:19:47.044+0000] {dag.py:3096} INFO - Sync 1 DAGs
[2024-06-02T08:19:47.220+0000] {logging_mixin.py:188} INFO - [2024-06-02T08:19:47.219+0000] {dag.py:3954} INFO - Setting next_dagrun for dag_with_postgres_operator_v01 to 2024-05-14 00:00:00+00:00, run_after=2024-05-15 00:00:00+00:00
[2024-06-02T08:19:51.852+0000] {processor.py:183} INFO - Processing /opt/airflow/dags/create_table.py took 5.162 seconds
[2024-06-02T08:20:22.317+0000] {processor.py:161} INFO - Started process (PID=2425) to work on /opt/airflow/dags/create_table.py
[2024-06-02T08:20:22.319+0000] {processor.py:830} INFO - Processing file /opt/airflow/dags/create_table.py for tasks to queue
[2024-06-02T08:20:22.323+0000] {logging_mixin.py:188} INFO - [2024-06-02T08:20:22.321+0000] {dagbag.py:545} INFO - Filling up the DagBag from /opt/airflow/dags/create_table.py
[2024-06-02T08:20:22.369+0000] {processor.py:840} INFO - DAG(s) 'dag_with_postgres_operator_v01' retrieved from /opt/airflow/dags/create_table.py
[2024-06-02T08:20:22.457+0000] {logging_mixin.py:188} INFO - [2024-06-02T08:20:22.456+0000] {dag.py:3096} INFO - Sync 1 DAGs
[2024-06-02T08:20:22.526+0000] {logging_mixin.py:188} INFO - [2024-06-02T08:20:22.525+0000] {dag.py:3954} INFO - Setting next_dagrun for dag_with_postgres_operator_v01 to 2024-05-14 00:00:00+00:00, run_after=2024-05-15 00:00:00+00:00
[2024-06-02T08:20:22.586+0000] {processor.py:183} INFO - Processing /opt/airflow/dags/create_table.py took 0.285 seconds
[2024-06-02T08:20:52.963+0000] {processor.py:161} INFO - Started process (PID=2438) to work on /opt/airflow/dags/create_table.py
[2024-06-02T08:20:52.965+0000] {processor.py:830} INFO - Processing file /opt/airflow/dags/create_table.py for tasks to queue
[2024-06-02T08:20:52.967+0000] {logging_mixin.py:188} INFO - [2024-06-02T08:20:52.966+0000] {dagbag.py:545} INFO - Filling up the DagBag from /opt/airflow/dags/create_table.py
[2024-06-02T08:20:53.015+0000] {processor.py:840} INFO - DAG(s) 'dag_with_postgres_operator_v01' retrieved from /opt/airflow/dags/create_table.py
[2024-06-02T08:20:53.117+0000] {logging_mixin.py:188} INFO - [2024-06-02T08:20:53.116+0000] {dag.py:3096} INFO - Sync 1 DAGs
[2024-06-02T08:20:53.187+0000] {logging_mixin.py:188} INFO - [2024-06-02T08:20:53.186+0000] {dag.py:3954} INFO - Setting next_dagrun for dag_with_postgres_operator_v01 to 2024-05-14 00:00:00+00:00, run_after=2024-05-15 00:00:00+00:00
[2024-06-02T08:20:53.283+0000] {processor.py:183} INFO - Processing /opt/airflow/dags/create_table.py took 0.334 seconds
[2024-06-02T08:21:23.813+0000] {processor.py:161} INFO - Started process (PID=2454) to work on /opt/airflow/dags/create_table.py
[2024-06-02T08:21:23.815+0000] {processor.py:830} INFO - Processing file /opt/airflow/dags/create_table.py for tasks to queue
[2024-06-02T08:21:23.817+0000] {logging_mixin.py:188} INFO - [2024-06-02T08:21:23.816+0000] {dagbag.py:545} INFO - Filling up the DagBag from /opt/airflow/dags/create_table.py
[2024-06-02T08:21:23.859+0000] {processor.py:840} INFO - DAG(s) 'dag_with_postgres_operator_v01' retrieved from /opt/airflow/dags/create_table.py
[2024-06-02T08:21:23.936+0000] {logging_mixin.py:188} INFO - [2024-06-02T08:21:23.936+0000] {dag.py:3096} INFO - Sync 1 DAGs
[2024-06-02T08:21:23.992+0000] {logging_mixin.py:188} INFO - [2024-06-02T08:21:23.992+0000] {dag.py:3954} INFO - Setting next_dagrun for dag_with_postgres_operator_v01 to 2024-05-14 00:00:00+00:00, run_after=2024-05-15 00:00:00+00:00
[2024-06-02T08:21:24.050+0000] {processor.py:183} INFO - Processing /opt/airflow/dags/create_table.py took 0.248 seconds
[2024-06-02T08:21:54.518+0000] {processor.py:161} INFO - Started process (PID=2470) to work on /opt/airflow/dags/create_table.py
[2024-06-02T08:21:54.520+0000] {processor.py:830} INFO - Processing file /opt/airflow/dags/create_table.py for tasks to queue
[2024-06-02T08:21:54.522+0000] {logging_mixin.py:188} INFO - [2024-06-02T08:21:54.521+0000] {dagbag.py:545} INFO - Filling up the DagBag from /opt/airflow/dags/create_table.py
[2024-06-02T08:21:54.572+0000] {processor.py:840} INFO - DAG(s) 'dag_with_postgres_operator_v01' retrieved from /opt/airflow/dags/create_table.py
[2024-06-02T08:21:54.659+0000] {logging_mixin.py:188} INFO - [2024-06-02T08:21:54.658+0000] {dag.py:3096} INFO - Sync 1 DAGs
[2024-06-02T08:21:54.714+0000] {logging_mixin.py:188} INFO - [2024-06-02T08:21:54.713+0000] {dag.py:3954} INFO - Setting next_dagrun for dag_with_postgres_operator_v01 to 2024-05-14 00:00:00+00:00, run_after=2024-05-15 00:00:00+00:00
[2024-06-02T08:21:54.773+0000] {processor.py:183} INFO - Processing /opt/airflow/dags/create_table.py took 0.266 seconds
[2024-06-02T08:22:25.457+0000] {processor.py:161} INFO - Started process (PID=2486) to work on /opt/airflow/dags/create_table.py
[2024-06-02T08:22:25.459+0000] {processor.py:830} INFO - Processing file /opt/airflow/dags/create_table.py for tasks to queue
[2024-06-02T08:22:25.461+0000] {logging_mixin.py:188} INFO - [2024-06-02T08:22:25.460+0000] {dagbag.py:545} INFO - Filling up the DagBag from /opt/airflow/dags/create_table.py
[2024-06-02T08:22:25.502+0000] {processor.py:840} INFO - DAG(s) 'dag_with_postgres_operator_v01' retrieved from /opt/airflow/dags/create_table.py
[2024-06-02T08:22:25.579+0000] {logging_mixin.py:188} INFO - [2024-06-02T08:22:25.578+0000] {dag.py:3096} INFO - Sync 1 DAGs
[2024-06-02T08:22:25.636+0000] {logging_mixin.py:188} INFO - [2024-06-02T08:22:25.636+0000] {dag.py:3954} INFO - Setting next_dagrun for dag_with_postgres_operator_v01 to 2024-05-14 00:00:00+00:00, run_after=2024-05-15 00:00:00+00:00
[2024-06-02T08:22:25.725+0000] {processor.py:183} INFO - Processing /opt/airflow/dags/create_table.py took 0.280 seconds
