[2024-06-02T02:16:41.593+0000] {processor.py:161} INFO - Started process (PID=1487) to work on /opt/airflow/dags/welcome_dag.py
[2024-06-02T02:16:41.595+0000] {processor.py:830} INFO - Processing file /opt/airflow/dags/welcome_dag.py for tasks to queue
[2024-06-02T02:16:41.596+0000] {logging_mixin.py:188} INFO - [2024-06-02T02:16:41.596+0000] {dagbag.py:545} INFO - Filling up the DagBag from /opt/airflow/dags/welcome_dag.py
[2024-06-02T02:16:41.642+0000] {processor.py:840} INFO - DAG(s) 'welcome_dag' retrieved from /opt/airflow/dags/welcome_dag.py
[2024-06-02T02:16:42.184+0000] {logging_mixin.py:188} INFO - [2024-06-02T02:16:42.183+0000] {dag.py:3096} INFO - Sync 1 DAGs
[2024-06-02T02:16:42.275+0000] {logging_mixin.py:188} INFO - [2024-06-02T02:16:42.274+0000] {dag.py:3954} INFO - Setting next_dagrun for welcome_dag to 2024-06-01 23:00:00+00:00, run_after=2024-06-02 23:00:00+00:00
[2024-06-02T02:16:42.419+0000] {processor.py:183} INFO - Processing /opt/airflow/dags/welcome_dag.py took 0.830 seconds
[2024-06-02T07:47:19.047+0000] {processor.py:161} INFO - Started process (PID=1512) to work on /opt/airflow/dags/welcome_dag.py
[2024-06-02T07:47:19.050+0000] {processor.py:830} INFO - Processing file /opt/airflow/dags/welcome_dag.py for tasks to queue
[2024-06-02T07:47:19.056+0000] {logging_mixin.py:188} INFO - [2024-06-02T07:47:19.055+0000] {dagbag.py:545} INFO - Filling up the DagBag from /opt/airflow/dags/welcome_dag.py
[2024-06-02T07:47:19.116+0000] {processor.py:840} INFO - DAG(s) 'welcome_dag' retrieved from /opt/airflow/dags/welcome_dag.py
[2024-06-02T07:47:19.223+0000] {logging_mixin.py:188} INFO - [2024-06-02T07:47:19.222+0000] {dag.py:3096} INFO - Sync 1 DAGs
[2024-06-02T07:47:19.300+0000] {logging_mixin.py:188} INFO - [2024-06-02T07:47:19.299+0000] {dag.py:3954} INFO - Setting next_dagrun for welcome_dag to 2024-06-01 23:00:00+00:00, run_after=2024-06-02 23:00:00+00:00
[2024-06-02T07:47:19.491+0000] {processor.py:183} INFO - Processing /opt/airflow/dags/welcome_dag.py took 0.455 seconds
[2024-06-02T07:47:49.678+0000] {processor.py:161} INFO - Started process (PID=1522) to work on /opt/airflow/dags/welcome_dag.py
[2024-06-02T07:47:49.679+0000] {processor.py:830} INFO - Processing file /opt/airflow/dags/welcome_dag.py for tasks to queue
[2024-06-02T07:47:49.680+0000] {logging_mixin.py:188} INFO - [2024-06-02T07:47:49.680+0000] {dagbag.py:545} INFO - Filling up the DagBag from /opt/airflow/dags/welcome_dag.py
[2024-06-02T07:47:49.718+0000] {processor.py:840} INFO - DAG(s) 'welcome_dag' retrieved from /opt/airflow/dags/welcome_dag.py
[2024-06-02T07:47:49.779+0000] {logging_mixin.py:188} INFO - [2024-06-02T07:47:49.779+0000] {dag.py:3096} INFO - Sync 1 DAGs
[2024-06-02T07:47:49.846+0000] {logging_mixin.py:188} INFO - [2024-06-02T07:47:49.845+0000] {dag.py:3954} INFO - Setting next_dagrun for welcome_dag to 2024-06-01 23:00:00+00:00, run_after=2024-06-02 23:00:00+00:00
[2024-06-02T07:47:49.900+0000] {processor.py:183} INFO - Processing /opt/airflow/dags/welcome_dag.py took 0.229 seconds
[2024-06-02T07:48:20.287+0000] {processor.py:161} INFO - Started process (PID=1538) to work on /opt/airflow/dags/welcome_dag.py
[2024-06-02T07:48:20.288+0000] {processor.py:830} INFO - Processing file /opt/airflow/dags/welcome_dag.py for tasks to queue
[2024-06-02T07:48:20.290+0000] {logging_mixin.py:188} INFO - [2024-06-02T07:48:20.290+0000] {dagbag.py:545} INFO - Filling up the DagBag from /opt/airflow/dags/welcome_dag.py
[2024-06-02T07:48:20.330+0000] {processor.py:840} INFO - DAG(s) 'welcome_dag' retrieved from /opt/airflow/dags/welcome_dag.py
[2024-06-02T07:48:20.390+0000] {logging_mixin.py:188} INFO - [2024-06-02T07:48:20.389+0000] {dag.py:3096} INFO - Sync 1 DAGs
[2024-06-02T07:48:20.427+0000] {logging_mixin.py:188} INFO - [2024-06-02T07:48:20.427+0000] {dag.py:3954} INFO - Setting next_dagrun for welcome_dag to 2024-06-01 23:00:00+00:00, run_after=2024-06-02 23:00:00+00:00
[2024-06-02T07:48:20.470+0000] {processor.py:183} INFO - Processing /opt/airflow/dags/welcome_dag.py took 0.194 seconds
[2024-06-02T07:48:50.843+0000] {processor.py:161} INFO - Started process (PID=1554) to work on /opt/airflow/dags/welcome_dag.py
[2024-06-02T07:48:50.844+0000] {processor.py:830} INFO - Processing file /opt/airflow/dags/welcome_dag.py for tasks to queue
[2024-06-02T07:48:50.846+0000] {logging_mixin.py:188} INFO - [2024-06-02T07:48:50.845+0000] {dagbag.py:545} INFO - Filling up the DagBag from /opt/airflow/dags/welcome_dag.py
[2024-06-02T07:48:50.900+0000] {processor.py:840} INFO - DAG(s) 'welcome_dag' retrieved from /opt/airflow/dags/welcome_dag.py
[2024-06-02T07:48:50.988+0000] {logging_mixin.py:188} INFO - [2024-06-02T07:48:50.988+0000] {dag.py:3096} INFO - Sync 1 DAGs
[2024-06-02T07:48:51.053+0000] {logging_mixin.py:188} INFO - [2024-06-02T07:48:51.052+0000] {dag.py:3954} INFO - Setting next_dagrun for welcome_dag to 2024-06-01 23:00:00+00:00, run_after=2024-06-02 23:00:00+00:00
[2024-06-02T07:48:51.123+0000] {processor.py:183} INFO - Processing /opt/airflow/dags/welcome_dag.py took 0.296 seconds
[2024-06-02T07:49:21.571+0000] {processor.py:161} INFO - Started process (PID=1570) to work on /opt/airflow/dags/welcome_dag.py
[2024-06-02T07:49:21.573+0000] {processor.py:830} INFO - Processing file /opt/airflow/dags/welcome_dag.py for tasks to queue
[2024-06-02T07:49:21.575+0000] {logging_mixin.py:188} INFO - [2024-06-02T07:49:21.574+0000] {dagbag.py:545} INFO - Filling up the DagBag from /opt/airflow/dags/welcome_dag.py
[2024-06-02T07:49:21.632+0000] {processor.py:840} INFO - DAG(s) 'welcome_dag' retrieved from /opt/airflow/dags/welcome_dag.py
[2024-06-02T07:49:21.728+0000] {logging_mixin.py:188} INFO - [2024-06-02T07:49:21.728+0000] {dag.py:3096} INFO - Sync 1 DAGs
[2024-06-02T07:49:21.797+0000] {logging_mixin.py:188} INFO - [2024-06-02T07:49:21.797+0000] {dag.py:3954} INFO - Setting next_dagrun for welcome_dag to 2024-06-01 23:00:00+00:00, run_after=2024-06-02 23:00:00+00:00
[2024-06-02T07:49:21.864+0000] {processor.py:183} INFO - Processing /opt/airflow/dags/welcome_dag.py took 0.303 seconds
[2024-06-02T07:49:52.322+0000] {processor.py:161} INFO - Started process (PID=1586) to work on /opt/airflow/dags/welcome_dag.py
[2024-06-02T07:49:52.324+0000] {processor.py:830} INFO - Processing file /opt/airflow/dags/welcome_dag.py for tasks to queue
[2024-06-02T07:49:52.325+0000] {logging_mixin.py:188} INFO - [2024-06-02T07:49:52.325+0000] {dagbag.py:545} INFO - Filling up the DagBag from /opt/airflow/dags/welcome_dag.py
[2024-06-02T07:49:52.372+0000] {processor.py:840} INFO - DAG(s) 'welcome_dag' retrieved from /opt/airflow/dags/welcome_dag.py
[2024-06-02T07:49:52.463+0000] {logging_mixin.py:188} INFO - [2024-06-02T07:49:52.462+0000] {dag.py:3096} INFO - Sync 1 DAGs
[2024-06-02T07:49:52.528+0000] {logging_mixin.py:188} INFO - [2024-06-02T07:49:52.527+0000] {dag.py:3954} INFO - Setting next_dagrun for welcome_dag to 2024-06-01 23:00:00+00:00, run_after=2024-06-02 23:00:00+00:00
[2024-06-02T07:49:52.585+0000] {processor.py:183} INFO - Processing /opt/airflow/dags/welcome_dag.py took 0.277 seconds
[2024-06-02T07:50:23.086+0000] {processor.py:161} INFO - Started process (PID=1602) to work on /opt/airflow/dags/welcome_dag.py
[2024-06-02T07:50:23.090+0000] {processor.py:830} INFO - Processing file /opt/airflow/dags/welcome_dag.py for tasks to queue
[2024-06-02T07:50:23.095+0000] {logging_mixin.py:188} INFO - [2024-06-02T07:50:23.093+0000] {dagbag.py:545} INFO - Filling up the DagBag from /opt/airflow/dags/welcome_dag.py
[2024-06-02T07:50:23.148+0000] {processor.py:840} INFO - DAG(s) 'welcome_dag' retrieved from /opt/airflow/dags/welcome_dag.py
[2024-06-02T07:50:23.231+0000] {logging_mixin.py:188} INFO - [2024-06-02T07:50:23.231+0000] {dag.py:3096} INFO - Sync 1 DAGs
[2024-06-02T07:50:23.286+0000] {logging_mixin.py:188} INFO - [2024-06-02T07:50:23.286+0000] {dag.py:3954} INFO - Setting next_dagrun for welcome_dag to 2024-06-01 23:00:00+00:00, run_after=2024-06-02 23:00:00+00:00
[2024-06-02T07:50:23.358+0000] {processor.py:183} INFO - Processing /opt/airflow/dags/welcome_dag.py took 0.285 seconds
[2024-06-02T07:50:53.833+0000] {processor.py:161} INFO - Started process (PID=1618) to work on /opt/airflow/dags/welcome_dag.py
[2024-06-02T07:50:53.835+0000] {processor.py:830} INFO - Processing file /opt/airflow/dags/welcome_dag.py for tasks to queue
[2024-06-02T07:50:53.837+0000] {logging_mixin.py:188} INFO - [2024-06-02T07:50:53.837+0000] {dagbag.py:545} INFO - Filling up the DagBag from /opt/airflow/dags/welcome_dag.py
[2024-06-02T07:50:53.887+0000] {processor.py:840} INFO - DAG(s) 'welcome_dag' retrieved from /opt/airflow/dags/welcome_dag.py
[2024-06-02T07:50:53.989+0000] {logging_mixin.py:188} INFO - [2024-06-02T07:50:53.988+0000] {dag.py:3096} INFO - Sync 1 DAGs
[2024-06-02T07:50:54.069+0000] {logging_mixin.py:188} INFO - [2024-06-02T07:50:54.068+0000] {dag.py:3954} INFO - Setting next_dagrun for welcome_dag to 2024-06-01 23:00:00+00:00, run_after=2024-06-02 23:00:00+00:00
[2024-06-02T07:50:54.143+0000] {processor.py:183} INFO - Processing /opt/airflow/dags/welcome_dag.py took 0.319 seconds
[2024-06-02T07:51:24.615+0000] {processor.py:161} INFO - Started process (PID=1634) to work on /opt/airflow/dags/welcome_dag.py
[2024-06-02T07:51:24.617+0000] {processor.py:830} INFO - Processing file /opt/airflow/dags/welcome_dag.py for tasks to queue
[2024-06-02T07:51:24.619+0000] {logging_mixin.py:188} INFO - [2024-06-02T07:51:24.618+0000] {dagbag.py:545} INFO - Filling up the DagBag from /opt/airflow/dags/welcome_dag.py
[2024-06-02T07:51:24.667+0000] {processor.py:840} INFO - DAG(s) 'welcome_dag' retrieved from /opt/airflow/dags/welcome_dag.py
[2024-06-02T07:51:24.748+0000] {logging_mixin.py:188} INFO - [2024-06-02T07:51:24.747+0000] {dag.py:3096} INFO - Sync 1 DAGs
[2024-06-02T07:51:24.811+0000] {logging_mixin.py:188} INFO - [2024-06-02T07:51:24.810+0000] {dag.py:3954} INFO - Setting next_dagrun for welcome_dag to 2024-06-01 23:00:00+00:00, run_after=2024-06-02 23:00:00+00:00
[2024-06-02T07:51:24.881+0000] {processor.py:183} INFO - Processing /opt/airflow/dags/welcome_dag.py took 0.277 seconds
[2024-06-02T07:51:55.331+0000] {processor.py:161} INFO - Started process (PID=1650) to work on /opt/airflow/dags/welcome_dag.py
[2024-06-02T07:51:55.333+0000] {processor.py:830} INFO - Processing file /opt/airflow/dags/welcome_dag.py for tasks to queue
[2024-06-02T07:51:55.336+0000] {logging_mixin.py:188} INFO - [2024-06-02T07:51:55.335+0000] {dagbag.py:545} INFO - Filling up the DagBag from /opt/airflow/dags/welcome_dag.py
[2024-06-02T07:51:55.417+0000] {processor.py:840} INFO - DAG(s) 'welcome_dag' retrieved from /opt/airflow/dags/welcome_dag.py
[2024-06-02T07:51:55.526+0000] {logging_mixin.py:188} INFO - [2024-06-02T07:51:55.525+0000] {dag.py:3096} INFO - Sync 1 DAGs
[2024-06-02T07:51:55.617+0000] {logging_mixin.py:188} INFO - [2024-06-02T07:51:55.616+0000] {dag.py:3954} INFO - Setting next_dagrun for welcome_dag to 2024-06-01 23:00:00+00:00, run_after=2024-06-02 23:00:00+00:00
[2024-06-02T07:51:55.705+0000] {processor.py:183} INFO - Processing /opt/airflow/dags/welcome_dag.py took 0.391 seconds
[2024-06-02T07:52:26.452+0000] {processor.py:161} INFO - Started process (PID=1666) to work on /opt/airflow/dags/welcome_dag.py
[2024-06-02T07:52:26.454+0000] {processor.py:830} INFO - Processing file /opt/airflow/dags/welcome_dag.py for tasks to queue
[2024-06-02T07:52:26.457+0000] {logging_mixin.py:188} INFO - [2024-06-02T07:52:26.456+0000] {dagbag.py:545} INFO - Filling up the DagBag from /opt/airflow/dags/welcome_dag.py
[2024-06-02T07:52:26.535+0000] {processor.py:840} INFO - DAG(s) 'welcome_dag' retrieved from /opt/airflow/dags/welcome_dag.py
[2024-06-02T07:52:26.619+0000] {logging_mixin.py:188} INFO - [2024-06-02T07:52:26.618+0000] {dag.py:3096} INFO - Sync 1 DAGs
[2024-06-02T07:52:26.678+0000] {logging_mixin.py:188} INFO - [2024-06-02T07:52:26.678+0000] {dag.py:3954} INFO - Setting next_dagrun for welcome_dag to 2024-06-01 23:00:00+00:00, run_after=2024-06-02 23:00:00+00:00
[2024-06-02T07:52:26.752+0000] {processor.py:183} INFO - Processing /opt/airflow/dags/welcome_dag.py took 0.313 seconds
[2024-06-02T07:52:56.874+0000] {processor.py:161} INFO - Started process (PID=1682) to work on /opt/airflow/dags/welcome_dag.py
[2024-06-02T07:52:56.876+0000] {processor.py:830} INFO - Processing file /opt/airflow/dags/welcome_dag.py for tasks to queue
[2024-06-02T07:52:56.878+0000] {logging_mixin.py:188} INFO - [2024-06-02T07:52:56.877+0000] {dagbag.py:545} INFO - Filling up the DagBag from /opt/airflow/dags/welcome_dag.py
[2024-06-02T07:52:56.928+0000] {processor.py:840} INFO - DAG(s) 'welcome_dag' retrieved from /opt/airflow/dags/welcome_dag.py
[2024-06-02T07:52:57.018+0000] {logging_mixin.py:188} INFO - [2024-06-02T07:52:57.018+0000] {dag.py:3096} INFO - Sync 1 DAGs
[2024-06-02T07:52:57.090+0000] {logging_mixin.py:188} INFO - [2024-06-02T07:52:57.089+0000] {dag.py:3954} INFO - Setting next_dagrun for welcome_dag to 2024-06-01 23:00:00+00:00, run_after=2024-06-02 23:00:00+00:00
[2024-06-02T07:52:57.168+0000] {processor.py:183} INFO - Processing /opt/airflow/dags/welcome_dag.py took 0.304 seconds
[2024-06-02T07:53:27.735+0000] {processor.py:161} INFO - Started process (PID=1701) to work on /opt/airflow/dags/welcome_dag.py
[2024-06-02T07:53:27.740+0000] {processor.py:830} INFO - Processing file /opt/airflow/dags/welcome_dag.py for tasks to queue
[2024-06-02T07:53:27.744+0000] {logging_mixin.py:188} INFO - [2024-06-02T07:53:27.743+0000] {dagbag.py:545} INFO - Filling up the DagBag from /opt/airflow/dags/welcome_dag.py
[2024-06-02T07:53:27.830+0000] {processor.py:840} INFO - DAG(s) 'welcome_dag' retrieved from /opt/airflow/dags/welcome_dag.py
[2024-06-02T07:53:27.935+0000] {logging_mixin.py:188} INFO - [2024-06-02T07:53:27.934+0000] {dag.py:3096} INFO - Sync 1 DAGs
[2024-06-02T07:53:28.018+0000] {logging_mixin.py:188} INFO - [2024-06-02T07:53:28.017+0000] {dag.py:3954} INFO - Setting next_dagrun for welcome_dag to 2024-06-01 23:00:00+00:00, run_after=2024-06-02 23:00:00+00:00
[2024-06-02T07:53:28.097+0000] {processor.py:183} INFO - Processing /opt/airflow/dags/welcome_dag.py took 0.385 seconds
[2024-06-02T07:53:58.636+0000] {processor.py:161} INFO - Started process (PID=1717) to work on /opt/airflow/dags/welcome_dag.py
[2024-06-02T07:53:58.638+0000] {processor.py:830} INFO - Processing file /opt/airflow/dags/welcome_dag.py for tasks to queue
[2024-06-02T07:53:58.640+0000] {logging_mixin.py:188} INFO - [2024-06-02T07:53:58.640+0000] {dagbag.py:545} INFO - Filling up the DagBag from /opt/airflow/dags/welcome_dag.py
[2024-06-02T07:53:58.698+0000] {processor.py:840} INFO - DAG(s) 'welcome_dag' retrieved from /opt/airflow/dags/welcome_dag.py
[2024-06-02T07:53:58.795+0000] {logging_mixin.py:188} INFO - [2024-06-02T07:53:58.795+0000] {dag.py:3096} INFO - Sync 1 DAGs
[2024-06-02T07:53:58.873+0000] {logging_mixin.py:188} INFO - [2024-06-02T07:53:58.872+0000] {dag.py:3954} INFO - Setting next_dagrun for welcome_dag to 2024-06-01 23:00:00+00:00, run_after=2024-06-02 23:00:00+00:00
[2024-06-02T07:53:58.960+0000] {processor.py:183} INFO - Processing /opt/airflow/dags/welcome_dag.py took 0.335 seconds
[2024-06-02T07:54:29.280+0000] {processor.py:161} INFO - Started process (PID=1733) to work on /opt/airflow/dags/welcome_dag.py
[2024-06-02T07:54:29.282+0000] {processor.py:830} INFO - Processing file /opt/airflow/dags/welcome_dag.py for tasks to queue
[2024-06-02T07:54:29.284+0000] {logging_mixin.py:188} INFO - [2024-06-02T07:54:29.283+0000] {dagbag.py:545} INFO - Filling up the DagBag from /opt/airflow/dags/welcome_dag.py
[2024-06-02T07:54:29.341+0000] {processor.py:840} INFO - DAG(s) 'welcome_dag' retrieved from /opt/airflow/dags/welcome_dag.py
[2024-06-02T07:54:29.436+0000] {logging_mixin.py:188} INFO - [2024-06-02T07:54:29.435+0000] {dag.py:3096} INFO - Sync 1 DAGs
[2024-06-02T07:54:29.505+0000] {logging_mixin.py:188} INFO - [2024-06-02T07:54:29.505+0000] {dag.py:3954} INFO - Setting next_dagrun for welcome_dag to 2024-06-01 23:00:00+00:00, run_after=2024-06-02 23:00:00+00:00
[2024-06-02T07:54:29.592+0000] {processor.py:183} INFO - Processing /opt/airflow/dags/welcome_dag.py took 0.326 seconds
[2024-06-02T07:55:00.080+0000] {processor.py:161} INFO - Started process (PID=1749) to work on /opt/airflow/dags/welcome_dag.py
[2024-06-02T07:55:00.082+0000] {processor.py:830} INFO - Processing file /opt/airflow/dags/welcome_dag.py for tasks to queue
[2024-06-02T07:55:00.085+0000] {logging_mixin.py:188} INFO - [2024-06-02T07:55:00.084+0000] {dagbag.py:545} INFO - Filling up the DagBag from /opt/airflow/dags/welcome_dag.py
[2024-06-02T07:55:00.140+0000] {processor.py:840} INFO - DAG(s) 'welcome_dag' retrieved from /opt/airflow/dags/welcome_dag.py
[2024-06-02T07:55:00.243+0000] {logging_mixin.py:188} INFO - [2024-06-02T07:55:00.243+0000] {dag.py:3096} INFO - Sync 1 DAGs
[2024-06-02T07:55:00.385+0000] {logging_mixin.py:188} INFO - [2024-06-02T07:55:00.384+0000] {dag.py:3954} INFO - Setting next_dagrun for welcome_dag to 2024-06-01 23:00:00+00:00, run_after=2024-06-02 23:00:00+00:00
[2024-06-02T07:55:00.441+0000] {processor.py:183} INFO - Processing /opt/airflow/dags/welcome_dag.py took 0.379 seconds
[2024-06-02T07:55:30.848+0000] {processor.py:161} INFO - Started process (PID=1767) to work on /opt/airflow/dags/welcome_dag.py
[2024-06-02T07:55:30.850+0000] {processor.py:830} INFO - Processing file /opt/airflow/dags/welcome_dag.py for tasks to queue
[2024-06-02T07:55:30.852+0000] {logging_mixin.py:188} INFO - [2024-06-02T07:55:30.851+0000] {dagbag.py:545} INFO - Filling up the DagBag from /opt/airflow/dags/welcome_dag.py
[2024-06-02T07:55:30.907+0000] {processor.py:840} INFO - DAG(s) 'welcome_dag' retrieved from /opt/airflow/dags/welcome_dag.py
[2024-06-02T07:55:31.001+0000] {logging_mixin.py:188} INFO - [2024-06-02T07:55:31.000+0000] {dag.py:3096} INFO - Sync 1 DAGs
[2024-06-02T07:55:31.077+0000] {logging_mixin.py:188} INFO - [2024-06-02T07:55:31.076+0000] {dag.py:3954} INFO - Setting next_dagrun for welcome_dag to 2024-06-01 23:00:00+00:00, run_after=2024-06-02 23:00:00+00:00
[2024-06-02T07:55:31.148+0000] {processor.py:183} INFO - Processing /opt/airflow/dags/welcome_dag.py took 0.313 seconds
[2024-06-02T07:56:01.889+0000] {processor.py:161} INFO - Started process (PID=1783) to work on /opt/airflow/dags/welcome_dag.py
[2024-06-02T07:56:01.891+0000] {processor.py:830} INFO - Processing file /opt/airflow/dags/welcome_dag.py for tasks to queue
[2024-06-02T07:56:01.893+0000] {logging_mixin.py:188} INFO - [2024-06-02T07:56:01.892+0000] {dagbag.py:545} INFO - Filling up the DagBag from /opt/airflow/dags/welcome_dag.py
[2024-06-02T07:56:01.966+0000] {processor.py:840} INFO - DAG(s) 'welcome_dag' retrieved from /opt/airflow/dags/welcome_dag.py
[2024-06-02T07:56:02.055+0000] {logging_mixin.py:188} INFO - [2024-06-02T07:56:02.054+0000] {dag.py:3096} INFO - Sync 1 DAGs
[2024-06-02T07:56:02.143+0000] {logging_mixin.py:188} INFO - [2024-06-02T07:56:02.142+0000] {dag.py:3954} INFO - Setting next_dagrun for welcome_dag to 2024-06-01 23:00:00+00:00, run_after=2024-06-02 23:00:00+00:00
[2024-06-02T07:56:02.252+0000] {processor.py:183} INFO - Processing /opt/airflow/dags/welcome_dag.py took 0.376 seconds
[2024-06-02T07:56:32.378+0000] {processor.py:161} INFO - Started process (PID=1799) to work on /opt/airflow/dags/welcome_dag.py
[2024-06-02T07:56:32.379+0000] {processor.py:830} INFO - Processing file /opt/airflow/dags/welcome_dag.py for tasks to queue
[2024-06-02T07:56:32.382+0000] {logging_mixin.py:188} INFO - [2024-06-02T07:56:32.381+0000] {dagbag.py:545} INFO - Filling up the DagBag from /opt/airflow/dags/welcome_dag.py
[2024-06-02T07:56:32.443+0000] {processor.py:840} INFO - DAG(s) 'welcome_dag' retrieved from /opt/airflow/dags/welcome_dag.py
[2024-06-02T07:56:32.548+0000] {logging_mixin.py:188} INFO - [2024-06-02T07:56:32.548+0000] {dag.py:3096} INFO - Sync 1 DAGs
[2024-06-02T07:56:32.613+0000] {logging_mixin.py:188} INFO - [2024-06-02T07:56:32.613+0000] {dag.py:3954} INFO - Setting next_dagrun for welcome_dag to 2024-06-01 23:00:00+00:00, run_after=2024-06-02 23:00:00+00:00
[2024-06-02T07:56:32.669+0000] {processor.py:183} INFO - Processing /opt/airflow/dags/welcome_dag.py took 0.303 seconds
[2024-06-02T07:57:03.263+0000] {processor.py:161} INFO - Started process (PID=1815) to work on /opt/airflow/dags/welcome_dag.py
[2024-06-02T07:57:03.265+0000] {processor.py:830} INFO - Processing file /opt/airflow/dags/welcome_dag.py for tasks to queue
[2024-06-02T07:57:03.267+0000] {logging_mixin.py:188} INFO - [2024-06-02T07:57:03.266+0000] {dagbag.py:545} INFO - Filling up the DagBag from /opt/airflow/dags/welcome_dag.py
[2024-06-02T07:57:03.330+0000] {processor.py:840} INFO - DAG(s) 'welcome_dag' retrieved from /opt/airflow/dags/welcome_dag.py
[2024-06-02T07:57:03.420+0000] {logging_mixin.py:188} INFO - [2024-06-02T07:57:03.420+0000] {dag.py:3096} INFO - Sync 1 DAGs
[2024-06-02T07:57:03.491+0000] {logging_mixin.py:188} INFO - [2024-06-02T07:57:03.490+0000] {dag.py:3954} INFO - Setting next_dagrun for welcome_dag to 2024-06-01 23:00:00+00:00, run_after=2024-06-02 23:00:00+00:00
[2024-06-02T07:57:03.553+0000] {processor.py:183} INFO - Processing /opt/airflow/dags/welcome_dag.py took 0.303 seconds
[2024-06-02T07:57:34.132+0000] {processor.py:161} INFO - Started process (PID=1831) to work on /opt/airflow/dags/welcome_dag.py
[2024-06-02T07:57:34.134+0000] {processor.py:830} INFO - Processing file /opt/airflow/dags/welcome_dag.py for tasks to queue
[2024-06-02T07:57:34.136+0000] {logging_mixin.py:188} INFO - [2024-06-02T07:57:34.135+0000] {dagbag.py:545} INFO - Filling up the DagBag from /opt/airflow/dags/welcome_dag.py
[2024-06-02T07:57:34.191+0000] {processor.py:840} INFO - DAG(s) 'welcome_dag' retrieved from /opt/airflow/dags/welcome_dag.py
[2024-06-02T07:57:34.282+0000] {logging_mixin.py:188} INFO - [2024-06-02T07:57:34.281+0000] {dag.py:3096} INFO - Sync 1 DAGs
[2024-06-02T07:57:34.357+0000] {logging_mixin.py:188} INFO - [2024-06-02T07:57:34.356+0000] {dag.py:3954} INFO - Setting next_dagrun for welcome_dag to 2024-06-01 23:00:00+00:00, run_after=2024-06-02 23:00:00+00:00
[2024-06-02T07:57:34.421+0000] {processor.py:183} INFO - Processing /opt/airflow/dags/welcome_dag.py took 0.301 seconds
[2024-06-02T07:58:04.841+0000] {processor.py:161} INFO - Started process (PID=1847) to work on /opt/airflow/dags/welcome_dag.py
[2024-06-02T07:58:04.843+0000] {processor.py:830} INFO - Processing file /opt/airflow/dags/welcome_dag.py for tasks to queue
[2024-06-02T07:58:04.845+0000] {logging_mixin.py:188} INFO - [2024-06-02T07:58:04.844+0000] {dagbag.py:545} INFO - Filling up the DagBag from /opt/airflow/dags/welcome_dag.py
[2024-06-02T07:58:04.893+0000] {processor.py:840} INFO - DAG(s) 'welcome_dag' retrieved from /opt/airflow/dags/welcome_dag.py
[2024-06-02T07:58:04.983+0000] {logging_mixin.py:188} INFO - [2024-06-02T07:58:04.982+0000] {dag.py:3096} INFO - Sync 1 DAGs
[2024-06-02T07:58:05.066+0000] {logging_mixin.py:188} INFO - [2024-06-02T07:58:05.066+0000] {dag.py:3954} INFO - Setting next_dagrun for welcome_dag to 2024-06-01 23:00:00+00:00, run_after=2024-06-02 23:00:00+00:00
[2024-06-02T07:58:05.176+0000] {processor.py:183} INFO - Processing /opt/airflow/dags/welcome_dag.py took 0.345 seconds
[2024-06-02T07:58:35.755+0000] {processor.py:161} INFO - Started process (PID=1863) to work on /opt/airflow/dags/welcome_dag.py
[2024-06-02T07:58:35.757+0000] {processor.py:830} INFO - Processing file /opt/airflow/dags/welcome_dag.py for tasks to queue
[2024-06-02T07:58:35.759+0000] {logging_mixin.py:188} INFO - [2024-06-02T07:58:35.759+0000] {dagbag.py:545} INFO - Filling up the DagBag from /opt/airflow/dags/welcome_dag.py
[2024-06-02T07:58:35.816+0000] {processor.py:840} INFO - DAG(s) 'welcome_dag' retrieved from /opt/airflow/dags/welcome_dag.py
[2024-06-02T07:58:35.900+0000] {logging_mixin.py:188} INFO - [2024-06-02T07:58:35.899+0000] {dag.py:3096} INFO - Sync 1 DAGs
[2024-06-02T07:58:35.970+0000] {logging_mixin.py:188} INFO - [2024-06-02T07:58:35.970+0000] {dag.py:3954} INFO - Setting next_dagrun for welcome_dag to 2024-06-01 23:00:00+00:00, run_after=2024-06-02 23:00:00+00:00
[2024-06-02T07:58:36.037+0000] {processor.py:183} INFO - Processing /opt/airflow/dags/welcome_dag.py took 0.291 seconds
[2024-06-02T07:59:06.598+0000] {processor.py:161} INFO - Started process (PID=1879) to work on /opt/airflow/dags/welcome_dag.py
[2024-06-02T07:59:06.599+0000] {processor.py:830} INFO - Processing file /opt/airflow/dags/welcome_dag.py for tasks to queue
[2024-06-02T07:59:06.601+0000] {logging_mixin.py:188} INFO - [2024-06-02T07:59:06.601+0000] {dagbag.py:545} INFO - Filling up the DagBag from /opt/airflow/dags/welcome_dag.py
[2024-06-02T07:59:06.653+0000] {processor.py:840} INFO - DAG(s) 'welcome_dag' retrieved from /opt/airflow/dags/welcome_dag.py
[2024-06-02T07:59:06.738+0000] {logging_mixin.py:188} INFO - [2024-06-02T07:59:06.737+0000] {dag.py:3096} INFO - Sync 1 DAGs
[2024-06-02T07:59:06.805+0000] {logging_mixin.py:188} INFO - [2024-06-02T07:59:06.804+0000] {dag.py:3954} INFO - Setting next_dagrun for welcome_dag to 2024-06-01 23:00:00+00:00, run_after=2024-06-02 23:00:00+00:00
[2024-06-02T07:59:06.887+0000] {processor.py:183} INFO - Processing /opt/airflow/dags/welcome_dag.py took 0.299 seconds
[2024-06-02T07:59:37.292+0000] {processor.py:161} INFO - Started process (PID=1893) to work on /opt/airflow/dags/welcome_dag.py
[2024-06-02T07:59:37.294+0000] {processor.py:830} INFO - Processing file /opt/airflow/dags/welcome_dag.py for tasks to queue
[2024-06-02T07:59:37.296+0000] {logging_mixin.py:188} INFO - [2024-06-02T07:59:37.295+0000] {dagbag.py:545} INFO - Filling up the DagBag from /opt/airflow/dags/welcome_dag.py
[2024-06-02T07:59:37.347+0000] {processor.py:840} INFO - DAG(s) 'welcome_dag' retrieved from /opt/airflow/dags/welcome_dag.py
[2024-06-02T07:59:37.452+0000] {logging_mixin.py:188} INFO - [2024-06-02T07:59:37.451+0000] {dag.py:3096} INFO - Sync 1 DAGs
[2024-06-02T07:59:37.510+0000] {logging_mixin.py:188} INFO - [2024-06-02T07:59:37.510+0000] {dag.py:3954} INFO - Setting next_dagrun for welcome_dag to 2024-06-01 23:00:00+00:00, run_after=2024-06-02 23:00:00+00:00
[2024-06-02T07:59:37.563+0000] {processor.py:183} INFO - Processing /opt/airflow/dags/welcome_dag.py took 0.281 seconds
[2024-06-02T08:00:08.059+0000] {processor.py:161} INFO - Started process (PID=1908) to work on /opt/airflow/dags/welcome_dag.py
[2024-06-02T08:00:08.061+0000] {processor.py:830} INFO - Processing file /opt/airflow/dags/welcome_dag.py for tasks to queue
[2024-06-02T08:00:08.064+0000] {logging_mixin.py:188} INFO - [2024-06-02T08:00:08.064+0000] {dagbag.py:545} INFO - Filling up the DagBag from /opt/airflow/dags/welcome_dag.py
[2024-06-02T08:00:08.132+0000] {processor.py:840} INFO - DAG(s) 'welcome_dag' retrieved from /opt/airflow/dags/welcome_dag.py
[2024-06-02T08:00:08.232+0000] {logging_mixin.py:188} INFO - [2024-06-02T08:00:08.232+0000] {dag.py:3096} INFO - Sync 1 DAGs
[2024-06-02T08:00:08.294+0000] {logging_mixin.py:188} INFO - [2024-06-02T08:00:08.293+0000] {dag.py:3954} INFO - Setting next_dagrun for welcome_dag to 2024-06-01 23:00:00+00:00, run_after=2024-06-02 23:00:00+00:00
[2024-06-02T08:00:08.389+0000] {processor.py:183} INFO - Processing /opt/airflow/dags/welcome_dag.py took 0.350 seconds
[2024-06-02T08:00:38.738+0000] {processor.py:161} INFO - Started process (PID=1921) to work on /opt/airflow/dags/welcome_dag.py
[2024-06-02T08:00:38.740+0000] {processor.py:830} INFO - Processing file /opt/airflow/dags/welcome_dag.py for tasks to queue
[2024-06-02T08:00:38.743+0000] {logging_mixin.py:188} INFO - [2024-06-02T08:00:38.742+0000] {dagbag.py:545} INFO - Filling up the DagBag from /opt/airflow/dags/welcome_dag.py
[2024-06-02T08:00:38.798+0000] {processor.py:840} INFO - DAG(s) 'welcome_dag' retrieved from /opt/airflow/dags/welcome_dag.py
[2024-06-02T08:00:38.892+0000] {logging_mixin.py:188} INFO - [2024-06-02T08:00:38.891+0000] {dag.py:3096} INFO - Sync 1 DAGs
[2024-06-02T08:00:38.954+0000] {logging_mixin.py:188} INFO - [2024-06-02T08:00:38.954+0000] {dag.py:3954} INFO - Setting next_dagrun for welcome_dag to 2024-06-01 23:00:00+00:00, run_after=2024-06-02 23:00:00+00:00
[2024-06-02T08:00:39.044+0000] {processor.py:183} INFO - Processing /opt/airflow/dags/welcome_dag.py took 0.317 seconds
[2024-06-02T08:01:09.455+0000] {processor.py:161} INFO - Started process (PID=1937) to work on /opt/airflow/dags/welcome_dag.py
[2024-06-02T08:01:09.457+0000] {processor.py:830} INFO - Processing file /opt/airflow/dags/welcome_dag.py for tasks to queue
[2024-06-02T08:01:09.461+0000] {logging_mixin.py:188} INFO - [2024-06-02T08:01:09.460+0000] {dagbag.py:545} INFO - Filling up the DagBag from /opt/airflow/dags/welcome_dag.py
[2024-06-02T08:01:09.530+0000] {processor.py:840} INFO - DAG(s) 'welcome_dag' retrieved from /opt/airflow/dags/welcome_dag.py
[2024-06-02T08:01:09.623+0000] {logging_mixin.py:188} INFO - [2024-06-02T08:01:09.622+0000] {dag.py:3096} INFO - Sync 1 DAGs
[2024-06-02T08:01:09.681+0000] {logging_mixin.py:188} INFO - [2024-06-02T08:01:09.680+0000] {dag.py:3954} INFO - Setting next_dagrun for welcome_dag to 2024-06-01 23:00:00+00:00, run_after=2024-06-02 23:00:00+00:00
[2024-06-02T08:01:09.772+0000] {processor.py:183} INFO - Processing /opt/airflow/dags/welcome_dag.py took 0.330 seconds
[2024-06-02T08:01:40.286+0000] {processor.py:161} INFO - Started process (PID=1953) to work on /opt/airflow/dags/welcome_dag.py
[2024-06-02T08:01:40.288+0000] {processor.py:830} INFO - Processing file /opt/airflow/dags/welcome_dag.py for tasks to queue
[2024-06-02T08:01:40.291+0000] {logging_mixin.py:188} INFO - [2024-06-02T08:01:40.290+0000] {dagbag.py:545} INFO - Filling up the DagBag from /opt/airflow/dags/welcome_dag.py
[2024-06-02T08:01:40.341+0000] {processor.py:840} INFO - DAG(s) 'welcome_dag' retrieved from /opt/airflow/dags/welcome_dag.py
[2024-06-02T08:01:40.443+0000] {logging_mixin.py:188} INFO - [2024-06-02T08:01:40.443+0000] {dag.py:3096} INFO - Sync 1 DAGs
[2024-06-02T08:01:40.523+0000] {logging_mixin.py:188} INFO - [2024-06-02T08:01:40.521+0000] {dag.py:3954} INFO - Setting next_dagrun for welcome_dag to 2024-06-01 23:00:00+00:00, run_after=2024-06-02 23:00:00+00:00
[2024-06-02T08:01:40.588+0000] {processor.py:183} INFO - Processing /opt/airflow/dags/welcome_dag.py took 0.312 seconds
[2024-06-02T08:02:10.951+0000] {processor.py:161} INFO - Started process (PID=1969) to work on /opt/airflow/dags/welcome_dag.py
[2024-06-02T08:02:10.954+0000] {processor.py:830} INFO - Processing file /opt/airflow/dags/welcome_dag.py for tasks to queue
[2024-06-02T08:02:10.968+0000] {logging_mixin.py:188} INFO - [2024-06-02T08:02:10.966+0000] {dagbag.py:545} INFO - Filling up the DagBag from /opt/airflow/dags/welcome_dag.py
[2024-06-02T08:02:11.120+0000] {processor.py:840} INFO - DAG(s) 'welcome_dag' retrieved from /opt/airflow/dags/welcome_dag.py
[2024-06-02T08:02:11.388+0000] {logging_mixin.py:188} INFO - [2024-06-02T08:02:11.387+0000] {dag.py:3096} INFO - Sync 1 DAGs
[2024-06-02T08:02:11.614+0000] {logging_mixin.py:188} INFO - [2024-06-02T08:02:11.613+0000] {dag.py:3954} INFO - Setting next_dagrun for welcome_dag to 2024-06-01 23:00:00+00:00, run_after=2024-06-02 23:00:00+00:00
[2024-06-02T08:02:51.405+0000] {processor.py:183} INFO - Processing /opt/airflow/dags/welcome_dag.py took 40.485 seconds
[2024-06-02T08:03:22.338+0000] {processor.py:161} INFO - Started process (PID=1988) to work on /opt/airflow/dags/welcome_dag.py
[2024-06-02T08:03:22.350+0000] {processor.py:830} INFO - Processing file /opt/airflow/dags/welcome_dag.py for tasks to queue
[2024-06-02T08:03:22.353+0000] {logging_mixin.py:188} INFO - [2024-06-02T08:03:22.352+0000] {dagbag.py:545} INFO - Filling up the DagBag from /opt/airflow/dags/welcome_dag.py
[2024-06-02T08:03:22.481+0000] {processor.py:840} INFO - DAG(s) 'welcome_dag' retrieved from /opt/airflow/dags/welcome_dag.py
[2024-06-02T08:03:22.684+0000] {logging_mixin.py:188} INFO - [2024-06-02T08:03:22.683+0000] {dag.py:3096} INFO - Sync 1 DAGs
[2024-06-02T08:03:22.847+0000] {logging_mixin.py:188} INFO - [2024-06-02T08:03:22.847+0000] {dag.py:3954} INFO - Setting next_dagrun for welcome_dag to 2024-06-01 23:00:00+00:00, run_after=2024-06-02 23:00:00+00:00
[2024-06-02T08:03:23.021+0000] {processor.py:183} INFO - Processing /opt/airflow/dags/welcome_dag.py took 0.703 seconds
[2024-06-02T08:04:02.601+0000] {processor.py:161} INFO - Started process (PID=2001) to work on /opt/airflow/dags/welcome_dag.py
[2024-06-02T08:04:02.603+0000] {processor.py:830} INFO - Processing file /opt/airflow/dags/welcome_dag.py for tasks to queue
[2024-06-02T08:04:02.606+0000] {logging_mixin.py:188} INFO - [2024-06-02T08:04:02.605+0000] {dagbag.py:545} INFO - Filling up the DagBag from /opt/airflow/dags/welcome_dag.py
[2024-06-02T08:04:02.727+0000] {processor.py:840} INFO - DAG(s) 'welcome_dag' retrieved from /opt/airflow/dags/welcome_dag.py
[2024-06-02T08:04:02.930+0000] {logging_mixin.py:188} INFO - [2024-06-02T08:04:02.929+0000] {dag.py:3096} INFO - Sync 1 DAGs
[2024-06-02T08:04:03.108+0000] {logging_mixin.py:188} INFO - [2024-06-02T08:04:03.096+0000] {dag.py:3954} INFO - Setting next_dagrun for welcome_dag to 2024-06-01 23:00:00+00:00, run_after=2024-06-02 23:00:00+00:00
[2024-06-02T08:04:19.647+0000] {processor.py:183} INFO - Processing /opt/airflow/dags/welcome_dag.py took 17.077 seconds
[2024-06-02T08:04:50.133+0000] {processor.py:161} INFO - Started process (PID=2017) to work on /opt/airflow/dags/welcome_dag.py
[2024-06-02T08:04:50.135+0000] {processor.py:830} INFO - Processing file /opt/airflow/dags/welcome_dag.py for tasks to queue
[2024-06-02T08:04:50.137+0000] {logging_mixin.py:188} INFO - [2024-06-02T08:04:50.136+0000] {dagbag.py:545} INFO - Filling up the DagBag from /opt/airflow/dags/welcome_dag.py
[2024-06-02T08:04:50.187+0000] {processor.py:840} INFO - DAG(s) 'welcome_dag' retrieved from /opt/airflow/dags/welcome_dag.py
[2024-06-02T08:04:50.281+0000] {logging_mixin.py:188} INFO - [2024-06-02T08:04:50.280+0000] {dag.py:3096} INFO - Sync 1 DAGs
[2024-06-02T08:04:50.341+0000] {logging_mixin.py:188} INFO - [2024-06-02T08:04:50.340+0000] {dag.py:3954} INFO - Setting next_dagrun for welcome_dag to 2024-06-01 23:00:00+00:00, run_after=2024-06-02 23:00:00+00:00
[2024-06-02T08:04:50.429+0000] {processor.py:183} INFO - Processing /opt/airflow/dags/welcome_dag.py took 0.306 seconds
[2024-06-02T08:05:20.757+0000] {processor.py:161} INFO - Started process (PID=2033) to work on /opt/airflow/dags/welcome_dag.py
[2024-06-02T08:05:20.759+0000] {processor.py:830} INFO - Processing file /opt/airflow/dags/welcome_dag.py for tasks to queue
[2024-06-02T08:05:20.761+0000] {logging_mixin.py:188} INFO - [2024-06-02T08:05:20.760+0000] {dagbag.py:545} INFO - Filling up the DagBag from /opt/airflow/dags/welcome_dag.py
[2024-06-02T08:05:20.806+0000] {processor.py:840} INFO - DAG(s) 'welcome_dag' retrieved from /opt/airflow/dags/welcome_dag.py
[2024-06-02T08:05:20.896+0000] {logging_mixin.py:188} INFO - [2024-06-02T08:05:20.895+0000] {dag.py:3096} INFO - Sync 1 DAGs
[2024-06-02T08:05:20.965+0000] {logging_mixin.py:188} INFO - [2024-06-02T08:05:20.964+0000] {dag.py:3954} INFO - Setting next_dagrun for welcome_dag to 2024-06-01 23:00:00+00:00, run_after=2024-06-02 23:00:00+00:00
[2024-06-02T08:05:21.027+0000] {processor.py:183} INFO - Processing /opt/airflow/dags/welcome_dag.py took 0.278 seconds
[2024-06-02T08:05:51.653+0000] {processor.py:161} INFO - Started process (PID=2049) to work on /opt/airflow/dags/welcome_dag.py
[2024-06-02T08:05:51.655+0000] {processor.py:830} INFO - Processing file /opt/airflow/dags/welcome_dag.py for tasks to queue
[2024-06-02T08:05:51.657+0000] {logging_mixin.py:188} INFO - [2024-06-02T08:05:51.656+0000] {dagbag.py:545} INFO - Filling up the DagBag from /opt/airflow/dags/welcome_dag.py
[2024-06-02T08:05:51.705+0000] {processor.py:840} INFO - DAG(s) 'welcome_dag' retrieved from /opt/airflow/dags/welcome_dag.py
[2024-06-02T08:05:51.791+0000] {logging_mixin.py:188} INFO - [2024-06-02T08:05:51.791+0000] {dag.py:3096} INFO - Sync 1 DAGs
[2024-06-02T08:05:51.867+0000] {logging_mixin.py:188} INFO - [2024-06-02T08:05:51.867+0000] {dag.py:3954} INFO - Setting next_dagrun for welcome_dag to 2024-06-01 23:00:00+00:00, run_after=2024-06-02 23:00:00+00:00
[2024-06-02T08:05:51.960+0000] {processor.py:183} INFO - Processing /opt/airflow/dags/welcome_dag.py took 0.321 seconds
[2024-06-02T08:06:22.422+0000] {processor.py:161} INFO - Started process (PID=2065) to work on /opt/airflow/dags/welcome_dag.py
[2024-06-02T08:06:22.423+0000] {processor.py:830} INFO - Processing file /opt/airflow/dags/welcome_dag.py for tasks to queue
[2024-06-02T08:06:22.425+0000] {logging_mixin.py:188} INFO - [2024-06-02T08:06:22.424+0000] {dagbag.py:545} INFO - Filling up the DagBag from /opt/airflow/dags/welcome_dag.py
[2024-06-02T08:06:22.475+0000] {processor.py:840} INFO - DAG(s) 'welcome_dag' retrieved from /opt/airflow/dags/welcome_dag.py
[2024-06-02T08:06:22.563+0000] {logging_mixin.py:188} INFO - [2024-06-02T08:06:22.562+0000] {dag.py:3096} INFO - Sync 1 DAGs
[2024-06-02T08:06:22.625+0000] {logging_mixin.py:188} INFO - [2024-06-02T08:06:22.625+0000] {dag.py:3954} INFO - Setting next_dagrun for welcome_dag to 2024-06-01 23:00:00+00:00, run_after=2024-06-02 23:00:00+00:00
[2024-06-02T08:06:22.729+0000] {processor.py:183} INFO - Processing /opt/airflow/dags/welcome_dag.py took 0.318 seconds
[2024-06-02T08:06:53.191+0000] {processor.py:161} INFO - Started process (PID=2081) to work on /opt/airflow/dags/welcome_dag.py
[2024-06-02T08:06:53.193+0000] {processor.py:830} INFO - Processing file /opt/airflow/dags/welcome_dag.py for tasks to queue
[2024-06-02T08:06:53.195+0000] {logging_mixin.py:188} INFO - [2024-06-02T08:06:53.194+0000] {dagbag.py:545} INFO - Filling up the DagBag from /opt/airflow/dags/welcome_dag.py
[2024-06-02T08:06:53.242+0000] {processor.py:840} INFO - DAG(s) 'welcome_dag' retrieved from /opt/airflow/dags/welcome_dag.py
[2024-06-02T08:06:53.338+0000] {logging_mixin.py:188} INFO - [2024-06-02T08:06:53.337+0000] {dag.py:3096} INFO - Sync 1 DAGs
[2024-06-02T08:06:53.393+0000] {logging_mixin.py:188} INFO - [2024-06-02T08:06:53.392+0000] {dag.py:3954} INFO - Setting next_dagrun for welcome_dag to 2024-06-01 23:00:00+00:00, run_after=2024-06-02 23:00:00+00:00
[2024-06-02T08:06:53.483+0000] {processor.py:183} INFO - Processing /opt/airflow/dags/welcome_dag.py took 0.303 seconds
[2024-06-02T08:07:24.171+0000] {processor.py:161} INFO - Started process (PID=2097) to work on /opt/airflow/dags/welcome_dag.py
[2024-06-02T08:07:24.172+0000] {processor.py:830} INFO - Processing file /opt/airflow/dags/welcome_dag.py for tasks to queue
[2024-06-02T08:07:24.174+0000] {logging_mixin.py:188} INFO - [2024-06-02T08:07:24.173+0000] {dagbag.py:545} INFO - Filling up the DagBag from /opt/airflow/dags/welcome_dag.py
[2024-06-02T08:07:24.234+0000] {processor.py:840} INFO - DAG(s) 'welcome_dag' retrieved from /opt/airflow/dags/welcome_dag.py
[2024-06-02T08:07:24.325+0000] {logging_mixin.py:188} INFO - [2024-06-02T08:07:24.325+0000] {dag.py:3096} INFO - Sync 1 DAGs
[2024-06-02T08:07:24.384+0000] {logging_mixin.py:188} INFO - [2024-06-02T08:07:24.383+0000] {dag.py:3954} INFO - Setting next_dagrun for welcome_dag to 2024-06-01 23:00:00+00:00, run_after=2024-06-02 23:00:00+00:00
[2024-06-02T08:07:24.449+0000] {processor.py:183} INFO - Processing /opt/airflow/dags/welcome_dag.py took 0.291 seconds
[2024-06-02T08:07:54.923+0000] {processor.py:161} INFO - Started process (PID=2113) to work on /opt/airflow/dags/welcome_dag.py
[2024-06-02T08:07:54.925+0000] {processor.py:830} INFO - Processing file /opt/airflow/dags/welcome_dag.py for tasks to queue
[2024-06-02T08:07:54.926+0000] {logging_mixin.py:188} INFO - [2024-06-02T08:07:54.926+0000] {dagbag.py:545} INFO - Filling up the DagBag from /opt/airflow/dags/welcome_dag.py
[2024-06-02T08:07:54.973+0000] {processor.py:840} INFO - DAG(s) 'welcome_dag' retrieved from /opt/airflow/dags/welcome_dag.py
[2024-06-02T08:07:55.052+0000] {logging_mixin.py:188} INFO - [2024-06-02T08:07:55.051+0000] {dag.py:3096} INFO - Sync 1 DAGs
[2024-06-02T08:07:55.109+0000] {logging_mixin.py:188} INFO - [2024-06-02T08:07:55.109+0000] {dag.py:3954} INFO - Setting next_dagrun for welcome_dag to 2024-06-01 23:00:00+00:00, run_after=2024-06-02 23:00:00+00:00
[2024-06-02T08:07:55.185+0000] {processor.py:183} INFO - Processing /opt/airflow/dags/welcome_dag.py took 0.270 seconds
[2024-06-02T08:08:25.932+0000] {processor.py:161} INFO - Started process (PID=2129) to work on /opt/airflow/dags/welcome_dag.py
[2024-06-02T08:08:25.934+0000] {processor.py:830} INFO - Processing file /opt/airflow/dags/welcome_dag.py for tasks to queue
[2024-06-02T08:08:25.938+0000] {logging_mixin.py:188} INFO - [2024-06-02T08:08:25.937+0000] {dagbag.py:545} INFO - Filling up the DagBag from /opt/airflow/dags/welcome_dag.py
[2024-06-02T08:08:25.999+0000] {processor.py:840} INFO - DAG(s) 'welcome_dag' retrieved from /opt/airflow/dags/welcome_dag.py
[2024-06-02T08:08:26.091+0000] {logging_mixin.py:188} INFO - [2024-06-02T08:08:26.090+0000] {dag.py:3096} INFO - Sync 1 DAGs
[2024-06-02T08:08:26.169+0000] {logging_mixin.py:188} INFO - [2024-06-02T08:08:26.169+0000] {dag.py:3954} INFO - Setting next_dagrun for welcome_dag to 2024-06-01 23:00:00+00:00, run_after=2024-06-02 23:00:00+00:00
[2024-06-02T08:08:26.233+0000] {processor.py:183} INFO - Processing /opt/airflow/dags/welcome_dag.py took 0.314 seconds
[2024-06-02T08:08:56.712+0000] {processor.py:161} INFO - Started process (PID=2145) to work on /opt/airflow/dags/welcome_dag.py
[2024-06-02T08:08:56.714+0000] {processor.py:830} INFO - Processing file /opt/airflow/dags/welcome_dag.py for tasks to queue
[2024-06-02T08:08:56.715+0000] {logging_mixin.py:188} INFO - [2024-06-02T08:08:56.715+0000] {dagbag.py:545} INFO - Filling up the DagBag from /opt/airflow/dags/welcome_dag.py
[2024-06-02T08:08:56.766+0000] {processor.py:840} INFO - DAG(s) 'welcome_dag' retrieved from /opt/airflow/dags/welcome_dag.py
[2024-06-02T08:08:56.856+0000] {logging_mixin.py:188} INFO - [2024-06-02T08:08:56.856+0000] {dag.py:3096} INFO - Sync 1 DAGs
[2024-06-02T08:08:56.924+0000] {logging_mixin.py:188} INFO - [2024-06-02T08:08:56.923+0000] {dag.py:3954} INFO - Setting next_dagrun for welcome_dag to 2024-06-01 23:00:00+00:00, run_after=2024-06-02 23:00:00+00:00
[2024-06-02T08:08:57.012+0000] {processor.py:183} INFO - Processing /opt/airflow/dags/welcome_dag.py took 0.310 seconds
[2024-06-02T08:09:27.463+0000] {processor.py:161} INFO - Started process (PID=2161) to work on /opt/airflow/dags/welcome_dag.py
[2024-06-02T08:09:27.466+0000] {processor.py:830} INFO - Processing file /opt/airflow/dags/welcome_dag.py for tasks to queue
[2024-06-02T08:09:27.468+0000] {logging_mixin.py:188} INFO - [2024-06-02T08:09:27.467+0000] {dagbag.py:545} INFO - Filling up the DagBag from /opt/airflow/dags/welcome_dag.py
[2024-06-02T08:09:27.535+0000] {processor.py:840} INFO - DAG(s) 'welcome_dag' retrieved from /opt/airflow/dags/welcome_dag.py
[2024-06-02T08:09:27.630+0000] {logging_mixin.py:188} INFO - [2024-06-02T08:09:27.629+0000] {dag.py:3096} INFO - Sync 1 DAGs
[2024-06-02T08:09:27.697+0000] {logging_mixin.py:188} INFO - [2024-06-02T08:09:27.696+0000] {dag.py:3954} INFO - Setting next_dagrun for welcome_dag to 2024-06-01 23:00:00+00:00, run_after=2024-06-02 23:00:00+00:00
[2024-06-02T08:09:27.776+0000] {processor.py:183} INFO - Processing /opt/airflow/dags/welcome_dag.py took 0.328 seconds
[2024-06-02T08:09:58.311+0000] {processor.py:161} INFO - Started process (PID=2177) to work on /opt/airflow/dags/welcome_dag.py
[2024-06-02T08:09:58.313+0000] {processor.py:830} INFO - Processing file /opt/airflow/dags/welcome_dag.py for tasks to queue
[2024-06-02T08:09:58.315+0000] {logging_mixin.py:188} INFO - [2024-06-02T08:09:58.314+0000] {dagbag.py:545} INFO - Filling up the DagBag from /opt/airflow/dags/welcome_dag.py
[2024-06-02T08:09:58.362+0000] {processor.py:840} INFO - DAG(s) 'welcome_dag' retrieved from /opt/airflow/dags/welcome_dag.py
[2024-06-02T08:09:58.442+0000] {logging_mixin.py:188} INFO - [2024-06-02T08:09:58.441+0000] {dag.py:3096} INFO - Sync 1 DAGs
[2024-06-02T08:09:58.504+0000] {logging_mixin.py:188} INFO - [2024-06-02T08:09:58.503+0000] {dag.py:3954} INFO - Setting next_dagrun for welcome_dag to 2024-06-01 23:00:00+00:00, run_after=2024-06-02 23:00:00+00:00
[2024-06-02T08:09:58.566+0000] {processor.py:183} INFO - Processing /opt/airflow/dags/welcome_dag.py took 0.264 seconds
[2024-06-02T08:10:29.138+0000] {processor.py:161} INFO - Started process (PID=2193) to work on /opt/airflow/dags/welcome_dag.py
[2024-06-02T08:10:29.140+0000] {processor.py:830} INFO - Processing file /opt/airflow/dags/welcome_dag.py for tasks to queue
[2024-06-02T08:10:29.142+0000] {logging_mixin.py:188} INFO - [2024-06-02T08:10:29.141+0000] {dagbag.py:545} INFO - Filling up the DagBag from /opt/airflow/dags/welcome_dag.py
[2024-06-02T08:10:29.197+0000] {processor.py:840} INFO - DAG(s) 'welcome_dag' retrieved from /opt/airflow/dags/welcome_dag.py
[2024-06-02T08:10:29.272+0000] {logging_mixin.py:188} INFO - [2024-06-02T08:10:29.271+0000] {dag.py:3096} INFO - Sync 1 DAGs
[2024-06-02T08:10:29.337+0000] {logging_mixin.py:188} INFO - [2024-06-02T08:10:29.337+0000] {dag.py:3954} INFO - Setting next_dagrun for welcome_dag to 2024-06-01 23:00:00+00:00, run_after=2024-06-02 23:00:00+00:00
[2024-06-02T08:10:29.423+0000] {processor.py:183} INFO - Processing /opt/airflow/dags/welcome_dag.py took 0.294 seconds
[2024-06-02T08:10:59.904+0000] {processor.py:161} INFO - Started process (PID=2207) to work on /opt/airflow/dags/welcome_dag.py
[2024-06-02T08:10:59.906+0000] {processor.py:830} INFO - Processing file /opt/airflow/dags/welcome_dag.py for tasks to queue
[2024-06-02T08:10:59.907+0000] {logging_mixin.py:188} INFO - [2024-06-02T08:10:59.907+0000] {dagbag.py:545} INFO - Filling up the DagBag from /opt/airflow/dags/welcome_dag.py
[2024-06-02T08:10:59.954+0000] {processor.py:840} INFO - DAG(s) 'welcome_dag' retrieved from /opt/airflow/dags/welcome_dag.py
[2024-06-02T08:11:00.049+0000] {logging_mixin.py:188} INFO - [2024-06-02T08:11:00.048+0000] {dag.py:3096} INFO - Sync 1 DAGs
[2024-06-02T08:11:00.106+0000] {logging_mixin.py:188} INFO - [2024-06-02T08:11:00.106+0000] {dag.py:3954} INFO - Setting next_dagrun for welcome_dag to 2024-06-01 23:00:00+00:00, run_after=2024-06-02 23:00:00+00:00
[2024-06-02T08:11:00.148+0000] {processor.py:183} INFO - Processing /opt/airflow/dags/welcome_dag.py took 0.269 seconds
[2024-06-02T08:11:30.626+0000] {processor.py:161} INFO - Started process (PID=2222) to work on /opt/airflow/dags/welcome_dag.py
[2024-06-02T08:11:30.629+0000] {processor.py:830} INFO - Processing file /opt/airflow/dags/welcome_dag.py for tasks to queue
[2024-06-02T08:11:30.631+0000] {logging_mixin.py:188} INFO - [2024-06-02T08:11:30.630+0000] {dagbag.py:545} INFO - Filling up the DagBag from /opt/airflow/dags/welcome_dag.py
[2024-06-02T08:11:30.686+0000] {processor.py:840} INFO - DAG(s) 'welcome_dag' retrieved from /opt/airflow/dags/welcome_dag.py
[2024-06-02T08:11:30.795+0000] {logging_mixin.py:188} INFO - [2024-06-02T08:11:30.795+0000] {dag.py:3096} INFO - Sync 1 DAGs
[2024-06-02T08:11:30.859+0000] {logging_mixin.py:188} INFO - [2024-06-02T08:11:30.859+0000] {dag.py:3954} INFO - Setting next_dagrun for welcome_dag to 2024-06-01 23:00:00+00:00, run_after=2024-06-02 23:00:00+00:00
[2024-06-02T08:11:30.939+0000] {processor.py:183} INFO - Processing /opt/airflow/dags/welcome_dag.py took 0.323 seconds
[2024-06-02T08:12:01.199+0000] {processor.py:161} INFO - Started process (PID=2235) to work on /opt/airflow/dags/welcome_dag.py
[2024-06-02T08:12:01.201+0000] {processor.py:830} INFO - Processing file /opt/airflow/dags/welcome_dag.py for tasks to queue
[2024-06-02T08:12:01.203+0000] {logging_mixin.py:188} INFO - [2024-06-02T08:12:01.202+0000] {dagbag.py:545} INFO - Filling up the DagBag from /opt/airflow/dags/welcome_dag.py
[2024-06-02T08:12:01.256+0000] {processor.py:840} INFO - DAG(s) 'welcome_dag' retrieved from /opt/airflow/dags/welcome_dag.py
[2024-06-02T08:12:01.346+0000] {logging_mixin.py:188} INFO - [2024-06-02T08:12:01.345+0000] {dag.py:3096} INFO - Sync 1 DAGs
[2024-06-02T08:12:01.419+0000] {logging_mixin.py:188} INFO - [2024-06-02T08:12:01.419+0000] {dag.py:3954} INFO - Setting next_dagrun for welcome_dag to 2024-06-01 23:00:00+00:00, run_after=2024-06-02 23:00:00+00:00
[2024-06-02T08:12:01.485+0000] {processor.py:183} INFO - Processing /opt/airflow/dags/welcome_dag.py took 0.295 seconds
[2024-06-02T08:12:31.942+0000] {processor.py:161} INFO - Started process (PID=2251) to work on /opt/airflow/dags/welcome_dag.py
[2024-06-02T08:12:31.943+0000] {processor.py:830} INFO - Processing file /opt/airflow/dags/welcome_dag.py for tasks to queue
[2024-06-02T08:12:31.945+0000] {logging_mixin.py:188} INFO - [2024-06-02T08:12:31.944+0000] {dagbag.py:545} INFO - Filling up the DagBag from /opt/airflow/dags/welcome_dag.py
[2024-06-02T08:12:31.993+0000] {processor.py:840} INFO - DAG(s) 'welcome_dag' retrieved from /opt/airflow/dags/welcome_dag.py
[2024-06-02T08:12:32.082+0000] {logging_mixin.py:188} INFO - [2024-06-02T08:12:32.081+0000] {dag.py:3096} INFO - Sync 1 DAGs
[2024-06-02T08:12:32.156+0000] {logging_mixin.py:188} INFO - [2024-06-02T08:12:32.155+0000] {dag.py:3954} INFO - Setting next_dagrun for welcome_dag to 2024-06-01 23:00:00+00:00, run_after=2024-06-02 23:00:00+00:00
[2024-06-02T08:12:32.215+0000] {processor.py:183} INFO - Processing /opt/airflow/dags/welcome_dag.py took 0.283 seconds
[2024-06-02T08:13:02.500+0000] {processor.py:161} INFO - Started process (PID=2267) to work on /opt/airflow/dags/welcome_dag.py
[2024-06-02T08:13:02.502+0000] {processor.py:830} INFO - Processing file /opt/airflow/dags/welcome_dag.py for tasks to queue
[2024-06-02T08:13:02.504+0000] {logging_mixin.py:188} INFO - [2024-06-02T08:13:02.504+0000] {dagbag.py:545} INFO - Filling up the DagBag from /opt/airflow/dags/welcome_dag.py
[2024-06-02T08:13:02.561+0000] {processor.py:840} INFO - DAG(s) 'welcome_dag' retrieved from /opt/airflow/dags/welcome_dag.py
[2024-06-02T08:13:02.664+0000] {logging_mixin.py:188} INFO - [2024-06-02T08:13:02.663+0000] {dag.py:3096} INFO - Sync 1 DAGs
[2024-06-02T08:13:02.720+0000] {logging_mixin.py:188} INFO - [2024-06-02T08:13:02.719+0000] {dag.py:3954} INFO - Setting next_dagrun for welcome_dag to 2024-06-01 23:00:00+00:00, run_after=2024-06-02 23:00:00+00:00
[2024-06-02T08:13:02.786+0000] {processor.py:183} INFO - Processing /opt/airflow/dags/welcome_dag.py took 0.296 seconds
[2024-06-02T08:13:33.133+0000] {processor.py:161} INFO - Started process (PID=2283) to work on /opt/airflow/dags/welcome_dag.py
[2024-06-02T08:13:33.135+0000] {processor.py:830} INFO - Processing file /opt/airflow/dags/welcome_dag.py for tasks to queue
[2024-06-02T08:13:33.137+0000] {logging_mixin.py:188} INFO - [2024-06-02T08:13:33.137+0000] {dagbag.py:545} INFO - Filling up the DagBag from /opt/airflow/dags/welcome_dag.py
[2024-06-02T08:13:33.301+0000] {processor.py:840} INFO - DAG(s) 'welcome_dag' retrieved from /opt/airflow/dags/welcome_dag.py
[2024-06-02T08:13:33.568+0000] {logging_mixin.py:188} INFO - [2024-06-02T08:13:33.568+0000] {dag.py:3096} INFO - Sync 1 DAGs
[2024-06-02T08:13:38.066+0000] {logging_mixin.py:188} INFO - [2024-06-02T08:13:38.065+0000] {dag.py:3954} INFO - Setting next_dagrun for welcome_dag to 2024-06-01 23:00:00+00:00, run_after=2024-06-02 23:00:00+00:00
[2024-06-02T08:13:38.228+0000] {processor.py:183} INFO - Processing /opt/airflow/dags/welcome_dag.py took 5.152 seconds
[2024-06-02T08:14:08.632+0000] {processor.py:161} INFO - Started process (PID=2299) to work on /opt/airflow/dags/welcome_dag.py
[2024-06-02T08:14:08.636+0000] {processor.py:830} INFO - Processing file /opt/airflow/dags/welcome_dag.py for tasks to queue
[2024-06-02T08:14:08.648+0000] {logging_mixin.py:188} INFO - [2024-06-02T08:14:08.641+0000] {dagbag.py:545} INFO - Filling up the DagBag from /opt/airflow/dags/welcome_dag.py
[2024-06-02T08:14:08.802+0000] {processor.py:840} INFO - DAG(s) 'welcome_dag' retrieved from /opt/airflow/dags/welcome_dag.py
[2024-06-02T08:14:09.007+0000] {logging_mixin.py:188} INFO - [2024-06-02T08:14:09.006+0000] {dag.py:3096} INFO - Sync 1 DAGs
[2024-06-02T08:14:09.216+0000] {logging_mixin.py:188} INFO - [2024-06-02T08:14:09.215+0000] {dag.py:3954} INFO - Setting next_dagrun for welcome_dag to 2024-06-01 23:00:00+00:00, run_after=2024-06-02 23:00:00+00:00
[2024-06-02T08:14:09.371+0000] {processor.py:183} INFO - Processing /opt/airflow/dags/welcome_dag.py took 0.787 seconds
[2024-06-02T08:14:39.522+0000] {processor.py:161} INFO - Started process (PID=2315) to work on /opt/airflow/dags/welcome_dag.py
[2024-06-02T08:14:39.525+0000] {processor.py:830} INFO - Processing file /opt/airflow/dags/welcome_dag.py for tasks to queue
[2024-06-02T08:14:39.536+0000] {logging_mixin.py:188} INFO - [2024-06-02T08:14:39.526+0000] {dagbag.py:545} INFO - Filling up the DagBag from /opt/airflow/dags/welcome_dag.py
[2024-06-02T08:14:39.704+0000] {processor.py:840} INFO - DAG(s) 'welcome_dag' retrieved from /opt/airflow/dags/welcome_dag.py
[2024-06-02T08:14:39.989+0000] {logging_mixin.py:188} INFO - [2024-06-02T08:14:39.988+0000] {dag.py:3096} INFO - Sync 1 DAGs
[2024-06-02T08:14:40.193+0000] {logging_mixin.py:188} INFO - [2024-06-02T08:14:40.192+0000] {dag.py:3954} INFO - Setting next_dagrun for welcome_dag to 2024-06-01 23:00:00+00:00, run_after=2024-06-02 23:00:00+00:00
[2024-06-02T08:14:40.377+0000] {processor.py:183} INFO - Processing /opt/airflow/dags/welcome_dag.py took 0.898 seconds
[2024-06-02T08:15:10.628+0000] {processor.py:161} INFO - Started process (PID=2331) to work on /opt/airflow/dags/welcome_dag.py
[2024-06-02T08:15:10.641+0000] {processor.py:830} INFO - Processing file /opt/airflow/dags/welcome_dag.py for tasks to queue
[2024-06-02T08:15:10.645+0000] {logging_mixin.py:188} INFO - [2024-06-02T08:15:10.643+0000] {dagbag.py:545} INFO - Filling up the DagBag from /opt/airflow/dags/welcome_dag.py
[2024-06-02T08:15:10.831+0000] {processor.py:840} INFO - DAG(s) 'welcome_dag' retrieved from /opt/airflow/dags/welcome_dag.py
[2024-06-02T08:15:11.091+0000] {logging_mixin.py:188} INFO - [2024-06-02T08:15:11.090+0000] {dag.py:3096} INFO - Sync 1 DAGs
[2024-06-02T08:15:11.315+0000] {logging_mixin.py:188} INFO - [2024-06-02T08:15:11.314+0000] {dag.py:3954} INFO - Setting next_dagrun for welcome_dag to 2024-06-01 23:00:00+00:00, run_after=2024-06-02 23:00:00+00:00
[2024-06-02T08:15:17.684+0000] {processor.py:183} INFO - Processing /opt/airflow/dags/welcome_dag.py took 7.091 seconds
[2024-06-02T08:15:48.614+0000] {processor.py:161} INFO - Started process (PID=2347) to work on /opt/airflow/dags/welcome_dag.py
[2024-06-02T08:15:48.617+0000] {processor.py:830} INFO - Processing file /opt/airflow/dags/welcome_dag.py for tasks to queue
[2024-06-02T08:15:48.619+0000] {logging_mixin.py:188} INFO - [2024-06-02T08:15:48.618+0000] {dagbag.py:545} INFO - Filling up the DagBag from /opt/airflow/dags/welcome_dag.py
[2024-06-02T08:15:48.796+0000] {processor.py:840} INFO - DAG(s) 'welcome_dag' retrieved from /opt/airflow/dags/welcome_dag.py
[2024-06-02T08:15:49.062+0000] {logging_mixin.py:188} INFO - [2024-06-02T08:15:49.060+0000] {dag.py:3096} INFO - Sync 1 DAGs
[2024-06-02T08:15:49.292+0000] {logging_mixin.py:188} INFO - [2024-06-02T08:15:49.291+0000] {dag.py:3954} INFO - Setting next_dagrun for welcome_dag to 2024-06-01 23:00:00+00:00, run_after=2024-06-02 23:00:00+00:00
[2024-06-02T08:15:49.442+0000] {processor.py:183} INFO - Processing /opt/airflow/dags/welcome_dag.py took 0.871 seconds
[2024-06-02T08:16:23.442+0000] {processor.py:161} INFO - Started process (PID=2361) to work on /opt/airflow/dags/welcome_dag.py
[2024-06-02T08:16:23.444+0000] {processor.py:830} INFO - Processing file /opt/airflow/dags/welcome_dag.py for tasks to queue
[2024-06-02T08:16:23.446+0000] {logging_mixin.py:188} INFO - [2024-06-02T08:16:23.445+0000] {dagbag.py:545} INFO - Filling up the DagBag from /opt/airflow/dags/welcome_dag.py
[2024-06-02T08:16:23.595+0000] {processor.py:840} INFO - DAG(s) 'welcome_dag' retrieved from /opt/airflow/dags/welcome_dag.py
[2024-06-02T08:16:23.797+0000] {logging_mixin.py:188} INFO - [2024-06-02T08:16:23.796+0000] {dag.py:3096} INFO - Sync 1 DAGs
[2024-06-02T08:16:23.991+0000] {logging_mixin.py:188} INFO - [2024-06-02T08:16:23.979+0000] {dag.py:3954} INFO - Setting next_dagrun for welcome_dag to 2024-06-01 23:00:00+00:00, run_after=2024-06-02 23:00:00+00:00
[2024-06-02T08:17:44.401+0000] {processor.py:161} INFO - Started process (PID=2373) to work on /opt/airflow/dags/welcome_dag.py
[2024-06-02T08:17:44.403+0000] {processor.py:830} INFO - Processing file /opt/airflow/dags/welcome_dag.py for tasks to queue
[2024-06-02T08:17:44.418+0000] {logging_mixin.py:188} INFO - [2024-06-02T08:17:44.416+0000] {dagbag.py:545} INFO - Filling up the DagBag from /opt/airflow/dags/welcome_dag.py
[2024-06-02T08:17:44.564+0000] {processor.py:840} INFO - DAG(s) 'welcome_dag' retrieved from /opt/airflow/dags/welcome_dag.py
[2024-06-02T08:17:44.798+0000] {logging_mixin.py:188} INFO - [2024-06-02T08:17:44.797+0000] {dag.py:3096} INFO - Sync 1 DAGs
[2024-06-02T08:17:44.981+0000] {logging_mixin.py:188} INFO - [2024-06-02T08:17:44.980+0000] {dag.py:3954} INFO - Setting next_dagrun for welcome_dag to 2024-06-01 23:00:00+00:00, run_after=2024-06-02 23:00:00+00:00
[2024-06-02T08:17:58.556+0000] {processor.py:183} INFO - Processing /opt/airflow/dags/welcome_dag.py took 14.191 seconds
[2024-06-02T08:18:29.268+0000] {processor.py:161} INFO - Started process (PID=2388) to work on /opt/airflow/dags/welcome_dag.py
[2024-06-02T08:18:29.269+0000] {processor.py:830} INFO - Processing file /opt/airflow/dags/welcome_dag.py for tasks to queue
[2024-06-02T08:18:29.282+0000] {logging_mixin.py:188} INFO - [2024-06-02T08:18:29.281+0000] {dagbag.py:545} INFO - Filling up the DagBag from /opt/airflow/dags/welcome_dag.py
[2024-06-02T08:18:30.970+0000] {processor.py:840} INFO - DAG(s) 'welcome_dag' retrieved from /opt/airflow/dags/welcome_dag.py
[2024-06-02T08:18:31.233+0000] {logging_mixin.py:188} INFO - [2024-06-02T08:18:31.232+0000] {dag.py:3096} INFO - Sync 1 DAGs
[2024-06-02T08:18:31.464+0000] {logging_mixin.py:188} INFO - [2024-06-02T08:18:31.454+0000] {dag.py:3954} INFO - Setting next_dagrun for welcome_dag to 2024-06-01 23:00:00+00:00, run_after=2024-06-02 23:00:00+00:00
[2024-06-02T08:19:11.801+0000] {processor.py:183} INFO - Processing /opt/airflow/dags/welcome_dag.py took 42.582 seconds
[2024-06-02T08:19:42.082+0000] {processor.py:161} INFO - Started process (PID=2404) to work on /opt/airflow/dags/welcome_dag.py
[2024-06-02T08:19:42.084+0000] {processor.py:830} INFO - Processing file /opt/airflow/dags/welcome_dag.py for tasks to queue
[2024-06-02T08:19:42.086+0000] {logging_mixin.py:188} INFO - [2024-06-02T08:19:42.086+0000] {dagbag.py:545} INFO - Filling up the DagBag from /opt/airflow/dags/welcome_dag.py
[2024-06-02T08:19:42.234+0000] {processor.py:840} INFO - DAG(s) 'welcome_dag' retrieved from /opt/airflow/dags/welcome_dag.py
[2024-06-02T08:19:42.493+0000] {logging_mixin.py:188} INFO - [2024-06-02T08:19:42.493+0000] {dag.py:3096} INFO - Sync 1 DAGs
[2024-06-02T08:19:42.682+0000] {logging_mixin.py:188} INFO - [2024-06-02T08:19:42.674+0000] {dag.py:3954} INFO - Setting next_dagrun for welcome_dag to 2024-06-01 23:00:00+00:00, run_after=2024-06-02 23:00:00+00:00
[2024-06-02T08:19:42.831+0000] {processor.py:183} INFO - Processing /opt/airflow/dags/welcome_dag.py took 0.780 seconds
[2024-06-02T08:20:13.046+0000] {processor.py:161} INFO - Started process (PID=2417) to work on /opt/airflow/dags/welcome_dag.py
[2024-06-02T08:20:13.048+0000] {processor.py:830} INFO - Processing file /opt/airflow/dags/welcome_dag.py for tasks to queue
[2024-06-02T08:20:13.050+0000] {logging_mixin.py:188} INFO - [2024-06-02T08:20:13.049+0000] {dagbag.py:545} INFO - Filling up the DagBag from /opt/airflow/dags/welcome_dag.py
[2024-06-02T08:20:13.100+0000] {processor.py:840} INFO - DAG(s) 'welcome_dag' retrieved from /opt/airflow/dags/welcome_dag.py
[2024-06-02T08:20:13.191+0000] {logging_mixin.py:188} INFO - [2024-06-02T08:20:13.190+0000] {dag.py:3096} INFO - Sync 1 DAGs
[2024-06-02T08:20:13.258+0000] {logging_mixin.py:188} INFO - [2024-06-02T08:20:13.258+0000] {dag.py:3954} INFO - Setting next_dagrun for welcome_dag to 2024-06-01 23:00:00+00:00, run_after=2024-06-02 23:00:00+00:00
[2024-06-02T08:20:13.356+0000] {processor.py:183} INFO - Processing /opt/airflow/dags/welcome_dag.py took 0.320 seconds
[2024-06-02T08:20:43.813+0000] {processor.py:161} INFO - Started process (PID=2433) to work on /opt/airflow/dags/welcome_dag.py
[2024-06-02T08:20:43.815+0000] {processor.py:830} INFO - Processing file /opt/airflow/dags/welcome_dag.py for tasks to queue
[2024-06-02T08:20:43.817+0000] {logging_mixin.py:188} INFO - [2024-06-02T08:20:43.817+0000] {dagbag.py:545} INFO - Filling up the DagBag from /opt/airflow/dags/welcome_dag.py
[2024-06-02T08:20:43.877+0000] {processor.py:840} INFO - DAG(s) 'welcome_dag' retrieved from /opt/airflow/dags/welcome_dag.py
[2024-06-02T08:20:43.970+0000] {logging_mixin.py:188} INFO - [2024-06-02T08:20:43.970+0000] {dag.py:3096} INFO - Sync 1 DAGs
[2024-06-02T08:20:44.061+0000] {logging_mixin.py:188} INFO - [2024-06-02T08:20:44.061+0000] {dag.py:3954} INFO - Setting next_dagrun for welcome_dag to 2024-06-01 23:00:00+00:00, run_after=2024-06-02 23:00:00+00:00
[2024-06-02T08:20:44.121+0000] {processor.py:183} INFO - Processing /opt/airflow/dags/welcome_dag.py took 0.320 seconds
[2024-06-02T08:21:14.658+0000] {processor.py:161} INFO - Started process (PID=2449) to work on /opt/airflow/dags/welcome_dag.py
[2024-06-02T08:21:14.659+0000] {processor.py:830} INFO - Processing file /opt/airflow/dags/welcome_dag.py for tasks to queue
[2024-06-02T08:21:14.661+0000] {logging_mixin.py:188} INFO - [2024-06-02T08:21:14.660+0000] {dagbag.py:545} INFO - Filling up the DagBag from /opt/airflow/dags/welcome_dag.py
[2024-06-02T08:21:14.715+0000] {processor.py:840} INFO - DAG(s) 'welcome_dag' retrieved from /opt/airflow/dags/welcome_dag.py
[2024-06-02T08:21:14.803+0000] {logging_mixin.py:188} INFO - [2024-06-02T08:21:14.803+0000] {dag.py:3096} INFO - Sync 1 DAGs
[2024-06-02T08:21:14.877+0000] {logging_mixin.py:188} INFO - [2024-06-02T08:21:14.876+0000] {dag.py:3954} INFO - Setting next_dagrun for welcome_dag to 2024-06-01 23:00:00+00:00, run_after=2024-06-02 23:00:00+00:00
[2024-06-02T08:21:14.968+0000] {processor.py:183} INFO - Processing /opt/airflow/dags/welcome_dag.py took 0.320 seconds
[2024-06-02T08:21:45.089+0000] {processor.py:161} INFO - Started process (PID=2465) to work on /opt/airflow/dags/welcome_dag.py
[2024-06-02T08:21:45.092+0000] {processor.py:830} INFO - Processing file /opt/airflow/dags/welcome_dag.py for tasks to queue
[2024-06-02T08:21:45.094+0000] {logging_mixin.py:188} INFO - [2024-06-02T08:21:45.093+0000] {dagbag.py:545} INFO - Filling up the DagBag from /opt/airflow/dags/welcome_dag.py
[2024-06-02T08:21:45.154+0000] {processor.py:840} INFO - DAG(s) 'welcome_dag' retrieved from /opt/airflow/dags/welcome_dag.py
[2024-06-02T08:21:45.246+0000] {logging_mixin.py:188} INFO - [2024-06-02T08:21:45.246+0000] {dag.py:3096} INFO - Sync 1 DAGs
[2024-06-02T08:21:45.309+0000] {logging_mixin.py:188} INFO - [2024-06-02T08:21:45.308+0000] {dag.py:3954} INFO - Setting next_dagrun for welcome_dag to 2024-06-01 23:00:00+00:00, run_after=2024-06-02 23:00:00+00:00
[2024-06-02T08:21:45.395+0000] {processor.py:183} INFO - Processing /opt/airflow/dags/welcome_dag.py took 0.318 seconds
[2024-06-02T08:22:16.105+0000] {processor.py:161} INFO - Started process (PID=2481) to work on /opt/airflow/dags/welcome_dag.py
[2024-06-02T08:22:16.107+0000] {processor.py:830} INFO - Processing file /opt/airflow/dags/welcome_dag.py for tasks to queue
[2024-06-02T08:22:16.110+0000] {logging_mixin.py:188} INFO - [2024-06-02T08:22:16.109+0000] {dagbag.py:545} INFO - Filling up the DagBag from /opt/airflow/dags/welcome_dag.py
[2024-06-02T08:22:16.158+0000] {processor.py:840} INFO - DAG(s) 'welcome_dag' retrieved from /opt/airflow/dags/welcome_dag.py
[2024-06-02T08:22:16.245+0000] {logging_mixin.py:188} INFO - [2024-06-02T08:22:16.245+0000] {dag.py:3096} INFO - Sync 1 DAGs
[2024-06-02T08:22:16.306+0000] {logging_mixin.py:188} INFO - [2024-06-02T08:22:16.306+0000] {dag.py:3954} INFO - Setting next_dagrun for welcome_dag to 2024-06-01 23:00:00+00:00, run_after=2024-06-02 23:00:00+00:00
[2024-06-02T08:22:16.394+0000] {processor.py:183} INFO - Processing /opt/airflow/dags/welcome_dag.py took 0.301 seconds
[2024-06-02T08:22:47.074+0000] {processor.py:161} INFO - Started process (PID=2497) to work on /opt/airflow/dags/welcome_dag.py
[2024-06-02T08:22:47.076+0000] {processor.py:830} INFO - Processing file /opt/airflow/dags/welcome_dag.py for tasks to queue
[2024-06-02T08:22:47.078+0000] {logging_mixin.py:188} INFO - [2024-06-02T08:22:47.077+0000] {dagbag.py:545} INFO - Filling up the DagBag from /opt/airflow/dags/welcome_dag.py
[2024-06-02T08:22:47.133+0000] {processor.py:840} INFO - DAG(s) 'welcome_dag' retrieved from /opt/airflow/dags/welcome_dag.py
