[2024-06-01T19:47:37.194+0000] {local_task_job_runner.py:120} INFO - ::group::Pre task execution logs
[2024-06-01T19:47:37.264+0000] {taskinstance.py:2076} INFO - Dependencies all met for dep_context=non-requeueable deps ti=<TaskInstance: complaints_dag_id.transform_complaints_task scheduled__2024-05-27T00:00:00+00:00 [queued]>
[2024-06-01T19:47:37.282+0000] {taskinstance.py:2076} INFO - Dependencies all met for dep_context=requeueable deps ti=<TaskInstance: complaints_dag_id.transform_complaints_task scheduled__2024-05-27T00:00:00+00:00 [queued]>
[2024-06-01T19:47:37.284+0000] {taskinstance.py:2306} INFO - Starting attempt 4 of 6
[2024-06-01T19:47:37.328+0000] {taskinstance.py:2330} INFO - Executing <Task(PythonOperator): transform_complaints_task> on 2024-05-27 00:00:00+00:00
[2024-06-01T19:47:37.341+0000] {logging_mixin.py:188} WARNING - /home/airflow/.local/lib/python3.12/site-packages/airflow/task/task_runner/standard_task_runner.py:61 DeprecationWarning: This process (pid=537) is multi-threaded, use of fork() may lead to deadlocks in the child.
[2024-06-01T19:47:37.340+0000] {standard_task_runner.py:90} INFO - Running: ['airflow', 'tasks', 'run', 'complaints_dag_id', 'transform_complaints_task', 'scheduled__2024-05-27T00:00:00+00:00', '--job-id', '66', '--raw', '--subdir', 'DAGS_FOLDER/complaints_dag.py', '--cfg-path', '/tmp/tmpbyq92q6x']
[2024-06-01T19:47:37.343+0000] {standard_task_runner.py:91} INFO - Job 66: Subtask transform_complaints_task
[2024-06-01T19:47:37.342+0000] {standard_task_runner.py:63} INFO - Started process 545 to run task
[2024-06-01T19:47:37.408+0000] {logging_mixin.py:188} WARNING - /home/airflow/.local/lib/python3.12/site-packages/airflow/settings.py:195 DeprecationWarning: The sql_alchemy_conn option in [core] has been moved to the sql_alchemy_conn option in [database] - the old setting has been used, but please update your config.
[2024-06-01T19:47:37.562+0000] {task_command.py:426} INFO - Running <TaskInstance: complaints_dag_id.transform_complaints_task scheduled__2024-05-27T00:00:00+00:00 [running]> on host 30669b57ae45
[2024-06-01T19:47:38.090+0000] {taskinstance.py:2648} INFO - Exporting env vars: AIRFLOW_CTX_DAG_OWNER='myowner' AIRFLOW_CTX_DAG_ID='complaints_dag_id' AIRFLOW_CTX_TASK_ID='transform_complaints_task' AIRFLOW_CTX_EXECUTION_DATE='2024-05-27T00:00:00+00:00' AIRFLOW_CTX_TRY_NUMBER='4' AIRFLOW_CTX_DAG_RUN_ID='scheduled__2024-05-27T00:00:00+00:00'
[2024-06-01T19:47:38.092+0000] {taskinstance.py:430} INFO - ::endgroup::
[2024-06-01T19:47:47.370+0000] {logging_mixin.py:188} INFO - creating statement_dim
[2024-06-01T19:47:47.712+0000] {logging_mixin.py:188} INFO - creating financial_statement_item_fact_dim
[2024-06-01T19:49:58.956+0000] {logging_mixin.py:188} INFO - creating tag_dim
[2024-06-01T19:50:02.076+0000] {logging_mixin.py:188} INFO - creating company_dim
[2024-06-01T19:50:03.347+0000] {python.py:237} INFO - Done. Returned value was: None
[2024-06-01T19:50:03.381+0000] {taskinstance.py:441} INFO - ::group::Post task execution logs
[2024-06-01T19:50:03.599+0000] {taskinstance.py:1206} INFO - Marking task as SUCCESS. dag_id=complaints_dag_id, task_id=transform_complaints_task, run_id=scheduled__2024-05-27T00:00:00+00:00, execution_date=20240527T000000, start_date=20240601T194737, end_date=20240601T195003
[2024-06-01T19:50:03.737+0000] {local_task_job_runner.py:240} INFO - Task exited with return code 0
[2024-06-01T19:50:03.850+0000] {taskinstance.py:3498} INFO - 0 downstream tasks scheduled from follow-on schedule check
[2024-06-01T19:50:03.854+0000] {local_task_job_runner.py:222} INFO - ::endgroup::
