[2024-06-01T19:34:36.003+0000] {local_task_job_runner.py:120} INFO - ::group::Pre task execution logs
[2024-06-01T19:34:36.127+0000] {taskinstance.py:2076} INFO - Dependencies all met for dep_context=non-requeueable deps ti=<TaskInstance: complaints_dag_id.transform_complaints_task scheduled__2024-05-24T00:00:00+00:00 [queued]>
[2024-06-01T19:34:36.153+0000] {taskinstance.py:2076} INFO - Dependencies all met for dep_context=requeueable deps ti=<TaskInstance: complaints_dag_id.transform_complaints_task scheduled__2024-05-24T00:00:00+00:00 [queued]>
[2024-06-01T19:34:36.157+0000] {taskinstance.py:2306} INFO - Starting attempt 2 of 6
[2024-06-01T19:34:36.229+0000] {taskinstance.py:2330} INFO - Executing <Task(PythonOperator): transform_complaints_task> on 2024-05-24 00:00:00+00:00
[2024-06-01T19:34:36.253+0000] {logging_mixin.py:188} WARNING - /home/airflow/.local/lib/python3.12/site-packages/airflow/task/task_runner/standard_task_runner.py:61 DeprecationWarning: This process (pid=181) is multi-threaded, use of fork() may lead to deadlocks in the child.
[2024-06-01T19:34:36.257+0000] {standard_task_runner.py:63} INFO - Started process 221 to run task
[2024-06-01T19:34:36.255+0000] {standard_task_runner.py:90} INFO - Running: ['airflow', 'tasks', 'run', 'complaints_dag_id', 'transform_complaints_task', 'scheduled__2024-05-24T00:00:00+00:00', '--job-id', '46', '--raw', '--subdir', 'DAGS_FOLDER/complaints_dag.py', '--cfg-path', '/tmp/tmpjjphd0if']
[2024-06-01T19:34:36.262+0000] {standard_task_runner.py:91} INFO - Job 46: Subtask transform_complaints_task
[2024-06-01T19:34:36.375+0000] {logging_mixin.py:188} WARNING - /home/airflow/.local/lib/python3.12/site-packages/airflow/settings.py:195 DeprecationWarning: The sql_alchemy_conn option in [core] has been moved to the sql_alchemy_conn option in [database] - the old setting has been used, but please update your config.
[2024-06-01T19:34:36.588+0000] {task_command.py:426} INFO - Running <TaskInstance: complaints_dag_id.transform_complaints_task scheduled__2024-05-24T00:00:00+00:00 [running]> on host 45903e5cc3a1
[2024-06-01T19:34:37.626+0000] {taskinstance.py:2648} INFO - Exporting env vars: AIRFLOW_CTX_DAG_OWNER='myowner' AIRFLOW_CTX_DAG_ID='complaints_dag_id' AIRFLOW_CTX_TASK_ID='transform_complaints_task' AIRFLOW_CTX_EXECUTION_DATE='2024-05-24T00:00:00+00:00' AIRFLOW_CTX_TRY_NUMBER='2' AIRFLOW_CTX_DAG_RUN_ID='scheduled__2024-05-24T00:00:00+00:00'
[2024-06-01T19:34:37.628+0000] {taskinstance.py:430} INFO - ::endgroup::
[2024-06-01T19:35:01.002+0000] {logging_mixin.py:188} INFO - creating statement_dim
[2024-06-01T19:35:02.256+0000] {logging_mixin.py:188} INFO - creating financial_statement_item_fact_dim
[2024-06-01T19:36:36.527+0000] {local_task_job_runner.py:124} ERROR - Received SIGTERM. Terminating subprocesses
[2024-06-01T19:36:37.772+0000] {process_utils.py:132} INFO - Sending 15 to group 221. PIDs of all processes in the group: [221]
[2024-06-01T19:36:37.922+0000] {process_utils.py:87} INFO - Sending the signal 15 to group 221
[2024-06-01T19:36:37.976+0000] {taskinstance.py:2611} ERROR - Received SIGTERM. Terminating subprocesses.
[2024-06-01T19:36:38.092+0000] {taskinstance.py:441} INFO - ::group::Post task execution logs
