[2024-06-01T20:02:23.973+0000] {local_task_job_runner.py:120} INFO - ::group::Pre task execution logs
[2024-06-01T20:02:24.140+0000] {taskinstance.py:2076} INFO - Dependencies all met for dep_context=non-requeueable deps ti=<TaskInstance: complaints_dag_id.transform_complaints_task scheduled__2024-05-28T00:00:00+00:00 [queued]>
[2024-06-01T20:02:24.168+0000] {taskinstance.py:2076} INFO - Dependencies all met for dep_context=requeueable deps ti=<TaskInstance: complaints_dag_id.transform_complaints_task scheduled__2024-05-28T00:00:00+00:00 [queued]>
[2024-06-01T20:02:24.170+0000] {taskinstance.py:2306} INFO - Starting attempt 6 of 6
[2024-06-01T20:02:24.209+0000] {taskinstance.py:2330} INFO - Executing <Task(PythonOperator): transform_complaints_task> on 2024-05-28 00:00:00+00:00
[2024-06-01T20:02:24.227+0000] {standard_task_runner.py:90} INFO - Running: ['airflow', 'tasks', 'run', 'complaints_dag_id', 'transform_complaints_task', 'scheduled__2024-05-28T00:00:00+00:00', '--job-id', '81', '--raw', '--subdir', 'DAGS_FOLDER/complaints_dag.py', '--cfg-path', '/tmp/tmpcawb4zg_']
[2024-06-01T20:02:24.231+0000] {standard_task_runner.py:91} INFO - Job 81: Subtask transform_complaints_task
[2024-06-01T20:02:24.233+0000] {logging_mixin.py:188} WARNING - /home/airflow/.local/lib/python3.12/site-packages/airflow/task/task_runner/standard_task_runner.py:61 DeprecationWarning: This process (pid=1040) is multi-threaded, use of fork() may lead to deadlocks in the child.
[2024-06-01T20:02:24.235+0000] {standard_task_runner.py:63} INFO - Started process 1042 to run task
[2024-06-01T20:02:24.293+0000] {logging_mixin.py:188} WARNING - /home/airflow/.local/lib/python3.12/site-packages/airflow/settings.py:195 DeprecationWarning: The sql_alchemy_conn option in [core] has been moved to the sql_alchemy_conn option in [database] - the old setting has been used, but please update your config.
[2024-06-01T20:02:24.451+0000] {task_command.py:426} INFO - Running <TaskInstance: complaints_dag_id.transform_complaints_task scheduled__2024-05-28T00:00:00+00:00 [running]> on host 30669b57ae45
[2024-06-01T20:02:25.245+0000] {taskinstance.py:2648} INFO - Exporting env vars: AIRFLOW_CTX_DAG_OWNER='myowner' AIRFLOW_CTX_DAG_ID='complaints_dag_id' AIRFLOW_CTX_TASK_ID='transform_complaints_task' AIRFLOW_CTX_EXECUTION_DATE='2024-05-28T00:00:00+00:00' AIRFLOW_CTX_TRY_NUMBER='6' AIRFLOW_CTX_DAG_RUN_ID='scheduled__2024-05-28T00:00:00+00:00'
[2024-06-01T20:02:25.247+0000] {taskinstance.py:430} INFO - ::endgroup::
[2024-06-01T20:02:37.758+0000] {logging_mixin.py:188} INFO - creating statement_dim
[2024-06-01T20:02:38.131+0000] {logging_mixin.py:188} INFO - creating financial_statement_item_fact_dim
[2024-06-01T20:05:23.802+0000] {logging_mixin.py:188} INFO - creating tag_dim
[2024-06-01T20:05:29.066+0000] {logging_mixin.py:188} INFO - creating company_dim
[2024-06-01T20:05:31.190+0000] {python.py:237} INFO - Done. Returned value was: None
[2024-06-01T20:05:31.194+0000] {taskinstance.py:441} INFO - ::group::Post task execution logs
[2024-06-01T20:05:31.285+0000] {taskinstance.py:1206} INFO - Marking task as SUCCESS. dag_id=complaints_dag_id, task_id=transform_complaints_task, run_id=scheduled__2024-05-28T00:00:00+00:00, execution_date=20240528T000000, start_date=20240601T200224, end_date=20240601T200531
[2024-06-01T20:05:31.395+0000] {local_task_job_runner.py:240} INFO - Task exited with return code 0
[2024-06-01T20:05:31.507+0000] {taskinstance.py:3498} INFO - 0 downstream tasks scheduled from follow-on schedule check
[2024-06-01T20:05:31.513+0000] {local_task_job_runner.py:222} INFO - ::endgroup::
