[2024-06-01T19:23:37.683+0000] {local_task_job_runner.py:120} INFO - ::group::Pre task execution logs
[2024-06-01T19:23:37.723+0000] {taskinstance.py:2076} INFO - Dependencies all met for dep_context=non-requeueable deps ti=<TaskInstance: complaints_dag_id.transform_complaints_task manual__2024-06-01T19:21:17.243167+00:00 [queued]>
[2024-06-01T19:23:37.735+0000] {taskinstance.py:2076} INFO - Dependencies all met for dep_context=requeueable deps ti=<TaskInstance: complaints_dag_id.transform_complaints_task manual__2024-06-01T19:21:17.243167+00:00 [queued]>
[2024-06-01T19:23:37.736+0000] {taskinstance.py:2306} INFO - Starting attempt 1 of 6
[2024-06-01T19:23:37.758+0000] {taskinstance.py:2330} INFO - Executing <Task(PythonOperator): transform_complaints_task> on 2024-06-01 19:21:17.243167+00:00
[2024-06-01T19:23:37.767+0000] {standard_task_runner.py:90} INFO - Running: ['airflow', 'tasks', 'run', 'complaints_dag_id', 'transform_complaints_task', 'manual__2024-06-01T19:21:17.243167+00:00', '--job-id', '12', '--raw', '--subdir', 'DAGS_FOLDER/complaints_dag.py', '--cfg-path', '/tmp/tmp4_ykqw3b']
[2024-06-01T19:23:37.769+0000] {standard_task_runner.py:91} INFO - Job 12: Subtask transform_complaints_task
[2024-06-01T19:23:37.772+0000] {logging_mixin.py:188} WARNING - /home/airflow/.local/lib/python3.12/site-packages/airflow/task/task_runner/standard_task_runner.py:61 DeprecationWarning: This process (pid=513) is multi-threaded, use of fork() may lead to deadlocks in the child.
[2024-06-01T19:23:37.772+0000] {standard_task_runner.py:63} INFO - Started process 530 to run task
[2024-06-01T19:23:37.873+0000] {task_command.py:426} INFO - Running <TaskInstance: complaints_dag_id.transform_complaints_task manual__2024-06-01T19:21:17.243167+00:00 [running]> on host d324152083ed
[2024-06-01T19:23:38.022+0000] {taskinstance.py:2648} INFO - Exporting env vars: AIRFLOW_CTX_DAG_OWNER='myowner' AIRFLOW_CTX_DAG_ID='complaints_dag_id' AIRFLOW_CTX_TASK_ID='transform_complaints_task' AIRFLOW_CTX_EXECUTION_DATE='2024-06-01T19:21:17.243167+00:00' AIRFLOW_CTX_TRY_NUMBER='1' AIRFLOW_CTX_DAG_RUN_ID='manual__2024-06-01T19:21:17.243167+00:00'
[2024-06-01T19:23:38.023+0000] {taskinstance.py:430} INFO - ::endgroup::
[2024-06-01T19:23:41.892+0000] {logging_mixin.py:188} INFO - creating statement_dim
[2024-06-01T19:23:42.030+0000] {logging_mixin.py:188} INFO - creating financial_statement_item_fact_dim
[2024-06-01T19:24:39.656+0000] {logging_mixin.py:188} INFO - creating tag_dim
[2024-06-01T19:24:41.353+0000] {logging_mixin.py:188} INFO - creating company_dim
[2024-06-01T19:24:42.023+0000] {python.py:237} INFO - Done. Returned value was: None
[2024-06-01T19:24:42.024+0000] {taskinstance.py:441} INFO - ::group::Post task execution logs
[2024-06-01T19:24:42.046+0000] {taskinstance.py:1206} INFO - Marking task as SUCCESS. dag_id=complaints_dag_id, task_id=transform_complaints_task, run_id=manual__2024-06-01T19:21:17.243167+00:00, execution_date=20240601T192117, start_date=20240601T192337, end_date=20240601T192442
[2024-06-01T19:24:42.094+0000] {local_task_job_runner.py:240} INFO - Task exited with return code 0
[2024-06-01T19:24:42.121+0000] {taskinstance.py:3498} INFO - 0 downstream tasks scheduled from follow-on schedule check
[2024-06-01T19:24:42.123+0000] {local_task_job_runner.py:222} INFO - ::endgroup::
